1510418933.172	TcpBackend@0311a8c0	[Info] establish tcb
1510418933.173	TcpBackend@0311a8c0	[Info] push 4096 data to buffer
1510418933.173	TcpBackend@0311a8c0	[Info] send seq 0 len 1420
1510418933.173	TcpBackend@0311a8c0	[Info] send seq 1420 len 1420
1510418933.173	TcpBackend@0311a8c0	[Info] send seq 2840 len 1256
1510418933.183	TcpBackend@0311a8c0	[Info] push 4096 data to buffer
1510418933.183	TcpBackend@0311a8c0	[Info] send seq 4096 len 1420
1510418933.183	TcpBackend@0311a8c0	[Info] send seq 5516 len 1420
1510418933.183	TcpBackend@0311a8c0	[Info] send seq 6936 len 1256
1510418933.193	TcpBackend@0311a8c0	[Info] push 4096 data to buffer
1510418933.193	TcpBackend@0311a8c0	[Info] send seq 8192 len 1420
1510418933.193	TcpBackend@0311a8c0	[Info] send seq 9612 len 1420
1510418933.193	TcpBackend@0311a8c0	[Info] send seq 11032 len 1256
1510418933.203	TcpBackend@0311a8c0	[Info] push 4096 data to buffer
1510418933.203	TcpBackend@0311a8c0	[Info] send seq 12288 len 1420
1510418933.213	TcpBackend@0311a8c0	[Info] push 4096 data to buffer
1510418933.223	TcpBackend@0311a8c0	[Info] push 4096 data to buffer
1510418933.233	TcpBackend@0311a8c0	[Info] push 4096 data to buffer
1510418933.243	TcpBackend@0311a8c0	[Info] push 4096 data to buffer
1510418933.253	TcpBackend@0311a8c0	[Info] push 4096 data to buffer
1510418933.263	TcpBackend@0311a8c0	[Info] push 4096 data to buffer
1510418933.273	TcpBackend@0311a8c0	[Info] push 4096 data to buffer
1510418933.284	TcpBackend@0311a8c0	[Info] push 4096 data to buffer
1510418933.294	TcpBackend@0311a8c0	[Info] push 4096 data to buffer
1510418933.304	TcpBackend@0311a8c0	[Info] push 4096 data to buffer
1510418933.314	TcpBackend@0311a8c0	[Info] push 4096 data to buffer
1510418933.778	TcpBackend@0111a8c0	[Info] establish tcb
1510418933.915	TcpBackend@0111a8c0	[Info] syn 0, len 1420
1510418933.915	TcpBackend@0111a8c0	[Info] pop 1420 data from buffer
1510418933.915	TcpBackend@0111a8c0	[Info] update ack 1420, wnd 65535
1510418934.033	TcpBackend@0111a8c0	[Info] syn 1420, len 1420
1510418934.033	TcpBackend@0111a8c0	[Info] pop 1420 data from buffer
1510418934.033	TcpBackend@0111a8c0	[Info] update ack 2840, wnd 65535
1510418934.136	TcpBackend@0111a8c0	[Info] syn 2840, len 1256
1510418934.136	TcpBackend@0111a8c0	[Info] pop 1256 data from buffer
1510418934.136	TcpBackend@0111a8c0	[Info] update ack 4096, wnd 65535
1510418934.256	TcpBackend@0111a8c0	[Info] syn 4096, len 1420
1510418934.256	TcpBackend@0111a8c0	[Info] pop 1420 data from buffer
1510418934.256	TcpBackend@0111a8c0	[Info] update ack 5516, wnd 65535
1510418934.374	TcpBackend@0111a8c0	[Info] syn 5516, len 1420
1510418934.374	TcpBackend@0111a8c0	[Info] pop 1420 data from buffer
1510418934.374	TcpBackend@0111a8c0	[Info] update ack 6936, wnd 65535
1510418934.477	TcpBackend@0111a8c0	[Info] syn 6936, len 1256
1510418934.477	TcpBackend@0111a8c0	[Info] pop 1256 data from buffer
1510418934.477	TcpBackend@0111a8c0	[Info] update ack 8192, wnd 65535
1510418934.521	TcpBackend@0311a8c0	[Info] ack 1420, wnd 65535
1510418934.521	TcpBackend@0311a8c0	[Info] push 4096 data to buffer
1510418934.521	TcpBackend@0311a8c0	[Info] send seq 13708 len 1420
1510418934.638	TcpBackend@0311a8c0	[Info] ack 2840, wnd 65535
1510418934.638	TcpBackend@0311a8c0	[Info] send seq 15128 len 1420
1510418934.742	TcpBackend@0311a8c0	[Info] ack 4096, wnd 65535
1510418934.742	TcpBackend@0311a8c0	[Info] send seq 16548 len 1420
1510418934.861	TcpBackend@0311a8c0	[Info] ack 5516, wnd 65535
1510418934.861	TcpBackend@0311a8c0	[Info] push 4096 data to buffer
1510418934.861	TcpBackend@0311a8c0	[Info] send seq 17968 len 1420
1510418934.979	TcpBackend@0311a8c0	[Info] ack 6936, wnd 65535
1510418934.979	TcpBackend@0311a8c0	[Info] send seq 19388 len 1420
1510418935.082	TcpBackend@0311a8c0	[Info] ack 8192, wnd 65535
1510418935.082	TcpBackend@0311a8c0	[Info] send seq 20808 len 1420
1510418935.263	TcpBackend@0111a8c0	[Info] syn 13708, len 1420
1510418935.263	TcpBackend@0111a8c0	[Info] update ack 8192, wnd 65535
1510418935.380	TcpBackend@0111a8c0	[Info] syn 15128, len 1420
1510418935.380	TcpBackend@0111a8c0	[Info] update ack 8192, wnd 65535
1510418935.499	TcpBackend@0111a8c0	[Info] syn 16548, len 1420
1510418935.499	TcpBackend@0111a8c0	[Info] update ack 8192, wnd 65535
1510418935.616	TcpBackend@0111a8c0	[Info] syn 17968, len 1420
1510418935.616	TcpBackend@0111a8c0	[Info] update ack 8192, wnd 65535
1510418935.735	TcpBackend@0111a8c0	[Info] syn 19388, len 1420
1510418935.735	TcpBackend@0111a8c0	[Info] update ack 8192, wnd 65535
1510418935.852	TcpBackend@0111a8c0	[Info] syn 20808, len 1420
1510418935.852	TcpBackend@0111a8c0	[Info] update ack 8192, wnd 65535
1510418935.868	TcpBackend@0311a8c0	[Info] ack 8192, wnd 65535
1510418935.868	TcpBackend@0311a8c0	[Warn] dup ack
1510418935.986	TcpBackend@0311a8c0	[Info] ack 8192, wnd 65535
1510418935.986	TcpBackend@0311a8c0	[Warn] dup ack
1510418936.105	TcpBackend@0311a8c0	[Info] ack 8192, wnd 65535
1510418936.105	TcpBackend@0311a8c0	[Warn] dup ack
1510418936.222	TcpBackend@0311a8c0	[Info] ack 8192, wnd 65535
1510418936.222	TcpBackend@0311a8c0	[Warn] dup ack
1510418936.340	TcpBackend@0311a8c0	[Info] ack 8192, wnd 65535
1510418936.340	TcpBackend@0311a8c0	[Warn] dup ack
1510418936.458	TcpBackend@0311a8c0	[Info] ack 8192, wnd 65535
1510418936.458	TcpBackend@0311a8c0	[Warn] dup ack
1510418937.082	TcpBackend@0311a8c0	[Info] resend 0
1510418937.082	TcpBackend@0311a8c0	[Info] send seq 8192 len 1420
1510418937.825	TcpBackend@0111a8c0	[Info] syn 8192, len 1420
1510418937.825	TcpBackend@0111a8c0	[Info] pop 1420 data from buffer
1510418937.825	TcpBackend@0111a8c0	[Info] update ack 9612, wnd 65535
1510418938.430	TcpBackend@0311a8c0	[Info] ack 9612, wnd 65535
1510418938.430	TcpBackend@0311a8c0	[Info] push 4096 data to buffer
1510418938.430	TcpBackend@0311a8c0	[Info] send seq 22228 len 1420
1510418939.172	TcpBackend@0111a8c0	[Info] syn 22228, len 1420
1510418939.172	TcpBackend@0111a8c0	[Info] update ack 9612, wnd 65535
1510418939.778	TcpBackend@0311a8c0	[Info] ack 9612, wnd 65535
1510418939.778	TcpBackend@0311a8c0	[Warn] dup ack
1510418940.430	TcpBackend@0311a8c0	[Info] resend 0
1510418940.430	TcpBackend@0311a8c0	[Info] send seq 9612 len 1420
1510418941.172	TcpBackend@0111a8c0	[Info] syn 9612, len 1420
1510418941.172	TcpBackend@0111a8c0	[Info] pop 1420 data from buffer
1510418941.172	TcpBackend@0111a8c0	[Info] update ack 11032, wnd 65535
1510418941.778	TcpBackend@0311a8c0	[Info] ack 11032, wnd 65535
1510418941.778	TcpBackend@0311a8c0	[Info] send seq 23648 len 1420
1510418942.520	TcpBackend@0111a8c0	[Info] syn 23648, len 1420
1510418942.520	TcpBackend@0111a8c0	[Info] update ack 11032, wnd 65535
1510418943.125	TcpBackend@0311a8c0	[Info] ack 11032, wnd 65535
1510418943.125	TcpBackend@0311a8c0	[Warn] dup ack
1510418943.778	TcpBackend@0311a8c0	[Info] resend 0
1510418943.778	TcpBackend@0311a8c0	[Info] send seq 11032 len 1256
1510418944.504	TcpBackend@0111a8c0	[Info] syn 11032, len 1256
1510418944.504	TcpBackend@0111a8c0	[Info] pop 1256 data from buffer
1510418944.504	TcpBackend@0111a8c0	[Info] update ack 12288, wnd 65535
1510418945.110	TcpBackend@0311a8c0	[Info] ack 12288, wnd 65535
1510418945.110	TcpBackend@0311a8c0	[Info] send seq 25068 len 1420
1510418945.852	TcpBackend@0111a8c0	[Info] syn 25068, len 1420
1510418945.852	TcpBackend@0111a8c0	[Warn] tail exceeds
1510418946.457	TcpBackend@0311a8c0	[Info] ack 12288, wnd 65535
1510418946.457	TcpBackend@0311a8c0	[Warn] dup ack
1510418947.111	TcpBackend@0311a8c0	[Info] resend 0
1510418947.111	TcpBackend@0311a8c0	[Info] send seq 12288 len 1420
1510418947.854	TcpBackend@0111a8c0	[Info] syn 12288, len 1420
1510418947.854	TcpBackend@0111a8c0	[Info] pop 4096 data from buffer
1510418947.854	TcpBackend@0111a8c0	[Info] update ack 25068, wnd 56851
1510418947.864	TcpBackend@0111a8c0	[Info] pop 4096 data from buffer
1510418947.875	TcpBackend@0111a8c0	[Info] pop 4096 data from buffer
1510418947.885	TcpBackend@0111a8c0	[Info] pop 492 data from buffer
1510418948.459	TcpBackend@0311a8c0	[Info] ack 25068, wnd 56851
1510418948.459	TcpBackend@0311a8c0	[Info] push 4096 data to buffer
1510418948.459	TcpBackend@0311a8c0	[Info] send seq 26488 len 1420
1510418948.459	TcpBackend@0311a8c0	[Info] send seq 27908 len 1420
1510418948.459	TcpBackend@0311a8c0	[Info] send seq 29328 len 1420
1510418948.459	TcpBackend@0311a8c0	[Info] send seq 30748 len 1420
1510418948.459	TcpBackend@0311a8c0	[Info] send seq 32168 len 1420
1510418948.459	TcpBackend@0311a8c0	[Info] send seq 33588 len 1420
1510418948.459	TcpBackend@0311a8c0	[Info] send seq 35008 len 1420
1510418948.459	TcpBackend@0311a8c0	[Info] send seq 36428 len 1420
1510418948.459	TcpBackend@0311a8c0	[Info] send seq 37848 len 1420
1510418948.469	TcpBackend@0311a8c0	[Info] push 4096 data to buffer
1510418948.479	TcpBackend@0311a8c0	[Info] push 4096 data to buffer
1510418948.489	TcpBackend@0311a8c0	[Info] push 4096 data to buffer
1510418949.201	TcpBackend@0111a8c0	[Info] syn 26488, len 1420
1510418949.201	TcpBackend@0111a8c0	[Info] update ack 25068, wnd 65535
1510418949.320	TcpBackend@0111a8c0	[Info] syn 27908, len 1420
1510418949.320	TcpBackend@0111a8c0	[Info] update ack 25068, wnd 65535
1510418949.437	TcpBackend@0111a8c0	[Info] syn 29328, len 1420
1510418949.437	TcpBackend@0111a8c0	[Info] update ack 25068, wnd 65535
1510418949.555	TcpBackend@0111a8c0	[Info] syn 30748, len 1420
1510418949.555	TcpBackend@0111a8c0	[Info] update ack 25068, wnd 65535
1510418949.673	TcpBackend@0111a8c0	[Info] syn 32168, len 1420
1510418949.673	TcpBackend@0111a8c0	[Info] update ack 25068, wnd 65535
1510418949.807	TcpBackend@0311a8c0	[Info] ack 25068, wnd 65535
1510418949.807	TcpBackend@0311a8c0	[Warn] dup ack
1510418949.925	TcpBackend@0311a8c0	[Info] ack 25068, wnd 65535
1510418949.925	TcpBackend@0311a8c0	[Warn] dup ack
1510418950.042	TcpBackend@0311a8c0	[Info] ack 25068, wnd 65535
1510418950.042	TcpBackend@0311a8c0	[Warn] dup ack
1510418950.161	TcpBackend@0311a8c0	[Info] ack 25068, wnd 65535
1510418950.161	TcpBackend@0311a8c0	[Warn] dup ack
1510418950.278	TcpBackend@0311a8c0	[Info] ack 25068, wnd 65535
1510418950.278	TcpBackend@0311a8c0	[Warn] dup ack
1510418950.459	TcpBackend@0311a8c0	[Info] resend 0
1510418950.459	TcpBackend@0311a8c0	[Info] send seq 25068 len 1420
1510418951.201	TcpBackend@0111a8c0	[Info] syn 25068, len 1420
1510418951.201	TcpBackend@0111a8c0	[Info] pop 4096 data from buffer
1510418951.201	TcpBackend@0111a8c0	[Info] update ack 33588, wnd 61111
1510418951.212	TcpBackend@0111a8c0	[Info] pop 4096 data from buffer
1510418951.222	TcpBackend@0111a8c0	[Info] pop 328 data from buffer
1510418951.807	TcpBackend@0311a8c0	[Info] ack 33588, wnd 61111
1510418951.807	TcpBackend@0311a8c0	[Info] push 4096 data to buffer
1510418951.807	TcpBackend@0311a8c0	[Info] send seq 39268 len 1420
1510418951.807	TcpBackend@0311a8c0	[Info] send seq 40688 len 1420
1510418951.807	TcpBackend@0311a8c0	[Info] send seq 42108 len 1420
1510418951.807	TcpBackend@0311a8c0	[Info] send seq 43528 len 1420
1510418951.807	TcpBackend@0311a8c0	[Info] send seq 44948 len 1420
1510418951.807	TcpBackend@0311a8c0	[Info] send seq 46368 len 1420
1510418951.817	TcpBackend@0311a8c0	[Info] push 4096 data to buffer
1510418952.550	TcpBackend@0111a8c0	[Info] syn 39268, len 1420
1510418952.550	TcpBackend@0111a8c0	[Info] update ack 33588, wnd 65535
1510418952.667	TcpBackend@0111a8c0	[Info] syn 40688, len 1420
1510418952.667	TcpBackend@0111a8c0	[Info] update ack 33588, wnd 65535
1510418952.785	TcpBackend@0111a8c0	[Info] syn 42108, len 1420
1510418952.785	TcpBackend@0111a8c0	[Info] update ack 33588, wnd 65535
1510418952.903	TcpBackend@0111a8c0	[Info] syn 43528, len 1420
1510418952.903	TcpBackend@0111a8c0	[Info] update ack 33588, wnd 65535
1510418953.020	TcpBackend@0111a8c0	[Info] syn 44948, len 1420
1510418953.020	TcpBackend@0111a8c0	[Info] update ack 33588, wnd 65535
1510418953.155	TcpBackend@0311a8c0	[Info] ack 33588, wnd 65535
1510418953.155	TcpBackend@0311a8c0	[Warn] dup ack
1510418953.272	TcpBackend@0311a8c0	[Info] ack 33588, wnd 65535
1510418953.272	TcpBackend@0311a8c0	[Warn] dup ack
1510418953.390	TcpBackend@0311a8c0	[Info] ack 33588, wnd 65535
1510418953.390	TcpBackend@0311a8c0	[Warn] dup ack
1510418953.508	TcpBackend@0311a8c0	[Info] ack 33588, wnd 65535
1510418953.508	TcpBackend@0311a8c0	[Warn] dup ack
1510418953.626	TcpBackend@0311a8c0	[Info] ack 33588, wnd 65535
1510418953.626	TcpBackend@0311a8c0	[Warn] dup ack
1510418953.807	TcpBackend@0311a8c0	[Info] resend 0
1510418953.807	TcpBackend@0311a8c0	[Info] send seq 33588 len 1420
1510418954.549	TcpBackend@0111a8c0	[Info] syn 33588, len 1420
1510418954.549	TcpBackend@0111a8c0	[Info] pop 1420 data from buffer
1510418954.549	TcpBackend@0111a8c0	[Info] update ack 35008, wnd 65535
1510418955.154	TcpBackend@0311a8c0	[Info] ack 35008, wnd 65535
1510418955.154	TcpBackend@0311a8c0	[Info] send seq 47788 len 1420
1510418955.896	TcpBackend@0111a8c0	[Info] syn 47788, len 1420
1510418955.896	TcpBackend@0111a8c0	[Warn] tail exceeds
1510418956.502	TcpBackend@0311a8c0	[Info] ack 35008, wnd 65535
1510418956.502	TcpBackend@0311a8c0	[Warn] dup ack
1510418957.155	TcpBackend@0311a8c0	[Info] resend 0
1510418957.155	TcpBackend@0311a8c0	[Info] send seq 35008 len 1420
1510418957.897	TcpBackend@0111a8c0	[Info] syn 35008, len 1420
1510418957.897	TcpBackend@0111a8c0	[Info] pop 1420 data from buffer
1510418957.897	TcpBackend@0111a8c0	[Info] update ack 36428, wnd 65535
1510418958.502	TcpBackend@0311a8c0	[Info] ack 36428, wnd 65535
1510418958.502	TcpBackend@0311a8c0	[Info] send seq 49208 len 1420
1510418959.245	TcpBackend@0111a8c0	[Info] syn 49208, len 1420
1510418959.245	TcpBackend@0111a8c0	[Warn] tail exceeds
1510418959.850	TcpBackend@0311a8c0	[Info] ack 36428, wnd 65535
1510418959.850	TcpBackend@0311a8c0	[Warn] dup ack
1510418960.502	TcpBackend@0311a8c0	[Info] resend 0
1510418960.502	TcpBackend@0311a8c0	[Info] send seq 36428 len 1420
1510418961.244	TcpBackend@0111a8c0	[Info] syn 36428, len 1420
1510418961.244	TcpBackend@0111a8c0	[Info] pop 1420 data from buffer
1510418961.244	TcpBackend@0111a8c0	[Info] update ack 37848, wnd 65535
1510418961.850	TcpBackend@0311a8c0	[Info] ack 37848, wnd 65535
1510418961.850	TcpBackend@0311a8c0	[Info] push 4096 data to buffer
1510418961.850	TcpBackend@0311a8c0	[Info] send seq 50628 len 1420
1510418962.592	TcpBackend@0111a8c0	[Info] syn 50628, len 1420
1510418962.592	TcpBackend@0111a8c0	[Warn] tail exceeds
1510418963.198	TcpBackend@0311a8c0	[Info] ack 37848, wnd 65535
1510418963.198	TcpBackend@0311a8c0	[Warn] dup ack
1510418963.850	TcpBackend@0311a8c0	[Info] resend 0
1510418963.850	TcpBackend@0311a8c0	[Info] send seq 37848 len 1420
1510418964.592	TcpBackend@0111a8c0	[Info] syn 37848, len 1420
1510418964.592	TcpBackend@0111a8c0	[Info] pop 4096 data from buffer
1510418964.592	TcpBackend@0111a8c0	[Info] update ack 46368, wnd 61111
1510418964.603	TcpBackend@0111a8c0	[Info] pop 4096 data from buffer
1510418964.613	TcpBackend@0111a8c0	[Info] pop 328 data from buffer
1510418965.197	TcpBackend@0311a8c0	[Info] ack 46368, wnd 61111
1510418965.197	TcpBackend@0311a8c0	[Info] push 4096 data to buffer
1510418965.197	TcpBackend@0311a8c0	[Info] send seq 52048 len 1420
1510418965.197	TcpBackend@0311a8c0	[Info] send seq 53468 len 1420
1510418965.197	TcpBackend@0311a8c0	[Info] send seq 54888 len 1420
1510418965.197	TcpBackend@0311a8c0	[Info] send seq 56308 len 1420
1510418965.197	TcpBackend@0311a8c0	[Info] send seq 57728 len 1420
1510418965.197	TcpBackend@0311a8c0	[Info] send seq 59148 len 1420
1510418965.207	TcpBackend@0311a8c0	[Info] push 4096 data to buffer
1510418965.939	TcpBackend@0111a8c0	[Info] syn 52048, len 1420
1510418965.939	TcpBackend@0111a8c0	[Info] update ack 46368, wnd 65535
1510418966.057	TcpBackend@0111a8c0	[Info] syn 53468, len 1420
1510418966.057	TcpBackend@0111a8c0	[Info] update ack 46368, wnd 65535
1510418966.175	TcpBackend@0111a8c0	[Info] syn 54888, len 1420
1510418966.175	TcpBackend@0111a8c0	[Info] update ack 46368, wnd 65535
1510418966.293	TcpBackend@0111a8c0	[Info] syn 56308, len 1420
1510418966.293	TcpBackend@0111a8c0	[Info] update ack 46368, wnd 65535
1510418966.411	TcpBackend@0111a8c0	[Info] syn 57728, len 1420
1510418966.411	TcpBackend@0111a8c0	[Info] update ack 46368, wnd 65535
1510418966.545	TcpBackend@0311a8c0	[Info] ack 46368, wnd 65535
1510418966.545	TcpBackend@0311a8c0	[Warn] dup ack
1510418966.663	TcpBackend@0311a8c0	[Info] ack 46368, wnd 65535
1510418966.663	TcpBackend@0311a8c0	[Warn] dup ack
1510418966.781	TcpBackend@0311a8c0	[Info] ack 46368, wnd 65535
1510418966.781	TcpBackend@0311a8c0	[Warn] dup ack
1510418966.899	TcpBackend@0311a8c0	[Info] ack 46368, wnd 65535
1510418966.899	TcpBackend@0311a8c0	[Warn] dup ack
1510418967.018	TcpBackend@0311a8c0	[Info] ack 46368, wnd 65535
1510418967.018	TcpBackend@0311a8c0	[Warn] dup ack
1510418967.197	TcpBackend@0311a8c0	[Info] resend 0
1510418967.197	TcpBackend@0311a8c0	[Info] send seq 46368 len 1420
1510418967.940	TcpBackend@0111a8c0	[Info] syn 46368, len 1420
1510418967.940	TcpBackend@0111a8c0	[Info] pop 1420 data from buffer
1510418967.940	TcpBackend@0111a8c0	[Info] update ack 47788, wnd 65535
1510418968.545	TcpBackend@0311a8c0	[Info] ack 47788, wnd 65535
1510418968.545	TcpBackend@0311a8c0	[Info] send seq 60568 len 1420
1510418969.287	TcpBackend@0111a8c0	[Info] syn 60568, len 1420
1510418969.287	TcpBackend@0111a8c0	[Warn] tail exceeds
1510418969.892	TcpBackend@0311a8c0	[Info] ack 47788, wnd 65535
1510418969.892	TcpBackend@0311a8c0	[Warn] dup ack
1510418970.545	TcpBackend@0311a8c0	[Info] resend 0
1510418970.545	TcpBackend@0311a8c0	[Info] send seq 47788 len 1420
1510418971.287	TcpBackend@0111a8c0	[Info] syn 47788, len 1420
1510418971.287	TcpBackend@0111a8c0	[Info] pop 1420 data from buffer
1510418971.287	TcpBackend@0111a8c0	[Info] update ack 49208, wnd 65535
1510418971.893	TcpBackend@0311a8c0	[Info] ack 49208, wnd 65535
1510418971.893	TcpBackend@0311a8c0	[Info] push 4096 data to buffer
1510418971.893	TcpBackend@0311a8c0	[Info] send seq 61988 len 1420
1510418972.635	TcpBackend@0111a8c0	[Info] syn 61988, len 1420
1510418972.635	TcpBackend@0111a8c0	[Warn] tail exceeds
1510418973.241	TcpBackend@0311a8c0	[Info] ack 49208, wnd 65535
1510418973.241	TcpBackend@0311a8c0	[Warn] dup ack
1510418973.893	TcpBackend@0311a8c0	[Info] resend 0
1510418973.893	TcpBackend@0311a8c0	[Info] send seq 49208 len 1420
1510418974.635	TcpBackend@0111a8c0	[Info] syn 49208, len 1420
1510418974.635	TcpBackend@0111a8c0	[Info] pop 1420 data from buffer
1510418974.635	TcpBackend@0111a8c0	[Info] update ack 50628, wnd 65535
1510418975.241	TcpBackend@0311a8c0	[Info] ack 50628, wnd 65535
1510418975.241	TcpBackend@0311a8c0	[Info] send seq 63408 len 1420
1510418975.982	TcpBackend@0111a8c0	[Info] syn 63408, len 1420
1510418975.982	TcpBackend@0111a8c0	[Warn] tail exceeds
1510418976.590	TcpBackend@0311a8c0	[Info] ack 50628, wnd 65535
1510418976.597	TcpBackend@0311a8c0	[Warn] dup ack
1510418977.241	TcpBackend@0311a8c0	[Info] resend 0
1510418977.241	TcpBackend@0311a8c0	[Info] send seq 50628 len 1420
1510418977.983	TcpBackend@0111a8c0	[Info] syn 50628, len 1420
1510418977.983	TcpBackend@0111a8c0	[Info] pop 4096 data from buffer
1510418977.983	TcpBackend@0111a8c0	[Info] update ack 59148, wnd 61111
1510418977.993	TcpBackend@0111a8c0	[Info] pop 4096 data from buffer
1510418978.003	TcpBackend@0111a8c0	[Info] pop 328 data from buffer
