1510418926.960	SocketServer@0111a8c0	[Info] 1 -> new :5678
1510418926.960	SocketServer@0111a8c0	[Info] 1 <- new 0
1510418926.961	SocketServer@0111a8c0	[Info] 2 -> listen
1510418926.961	SocketServer@0111a8c0	[Info] 2 <- listen
1510418926.961	SocketServer@0111a8c0	[Info] 3 -> accept 0
1510418933.778	SocketServer@0111a8c0	[Info] 3 <- accept 1
1510418933.778	SocketServer@0111a8c0	[Info] 4 -> recv 4096
1510418933.915	SocketServer@0111a8c0	[Info] 4 <- recv 1420, total 1420
1510418933.925	SocketServer@0111a8c0	[Info] 5 -> recv 4096
1510418934.033	SocketServer@0111a8c0	[Info] 5 <- recv 1420, total 2840
1510418934.043	SocketServer@0111a8c0	[Info] 6 -> recv 4096
1510418934.136	SocketServer@0111a8c0	[Info] 6 <- recv 1256, total 4096
1510418934.146	SocketServer@0111a8c0	[Info] 7 -> recv 4096
1510418934.256	SocketServer@0111a8c0	[Info] 7 <- recv 1420, total 5516
1510418934.266	SocketServer@0111a8c0	[Info] 8 -> recv 4096
1510418934.374	SocketServer@0111a8c0	[Info] 8 <- recv 1420, total 6936
1510418934.384	SocketServer@0111a8c0	[Info] 9 -> recv 4096
1510418934.477	SocketServer@0111a8c0	[Info] 9 <- recv 1256, total 8192
1510418934.487	SocketServer@0111a8c0	[Info] 10 -> recv 4096
1510418937.825	SocketServer@0111a8c0	[Info] 10 <- recv 1420, total 9612
1510418937.835	SocketServer@0111a8c0	[Info] 11 -> recv 4096
1510418941.172	SocketServer@0111a8c0	[Info] 11 <- recv 1420, total 11032
1510418941.182	SocketServer@0111a8c0	[Info] 12 -> recv 4096
1510418944.504	SocketServer@0111a8c0	[Info] 12 <- recv 1256, total 12288
1510418944.514	SocketServer@0111a8c0	[Info] 13 -> recv 4096
1510418947.854	SocketServer@0111a8c0	[Info] 13 <- recv 4096, total 16384
1510418947.864	SocketServer@0111a8c0	[Info] 14 -> recv 4096
1510418947.864	SocketServer@0111a8c0	[Info] 14 <- recv 4096, total 20480
1510418947.875	SocketServer@0111a8c0	[Info] 15 -> recv 4096
1510418947.875	SocketServer@0111a8c0	[Info] 15 <- recv 4096, total 24576
1510418947.885	SocketServer@0111a8c0	[Info] 16 -> recv 4096
1510418947.885	SocketServer@0111a8c0	[Info] 16 <- recv 492, total 25068
1510418947.895	SocketServer@0111a8c0	[Info] 17 -> recv 4096
1510418951.201	SocketServer@0111a8c0	[Info] 17 <- recv 4096, total 29164
1510418951.212	SocketServer@0111a8c0	[Info] 18 -> recv 4096
1510418951.212	SocketServer@0111a8c0	[Info] 18 <- recv 4096, total 33260
1510418951.222	SocketServer@0111a8c0	[Info] 19 -> recv 4096
1510418951.222	SocketServer@0111a8c0	[Info] 19 <- recv 328, total 33588
1510418951.232	SocketServer@0111a8c0	[Info] 20 -> recv 4096
1510418954.549	SocketServer@0111a8c0	[Info] 20 <- recv 1420, total 35008
1510418954.559	SocketServer@0111a8c0	[Info] 21 -> recv 4096
1510418957.897	SocketServer@0111a8c0	[Info] 21 <- recv 1420, total 36428
1510418957.907	SocketServer@0111a8c0	[Info] 22 -> recv 4096
1510418961.244	SocketServer@0111a8c0	[Info] 22 <- recv 1420, total 37848
1510418961.254	SocketServer@0111a8c0	[Info] 23 -> recv 4096
1510418964.592	SocketServer@0111a8c0	[Info] 23 <- recv 4096, total 41944
1510418964.603	SocketServer@0111a8c0	[Info] 24 -> recv 4096
1510418964.603	SocketServer@0111a8c0	[Info] 24 <- recv 4096, total 46040
1510418964.613	SocketServer@0111a8c0	[Info] 25 -> recv 4096
1510418964.613	SocketServer@0111a8c0	[Info] 25 <- recv 328, total 46368
1510418964.623	SocketServer@0111a8c0	[Info] 26 -> recv 4096
1510418967.940	SocketServer@0111a8c0	[Info] 26 <- recv 1420, total 47788
1510418967.950	SocketServer@0111a8c0	[Info] 27 -> recv 4096
1510418971.287	SocketServer@0111a8c0	[Info] 27 <- recv 1420, total 49208
1510418971.297	SocketServer@0111a8c0	[Info] 28 -> recv 4096
1510418974.635	SocketServer@0111a8c0	[Info] 28 <- recv 1420, total 50628
1510418974.645	SocketServer@0111a8c0	[Info] 29 -> recv 4096
1510418977.983	SocketServer@0111a8c0	[Info] 29 <- recv 4096, total 54724
1510418977.993	SocketServer@0111a8c0	[Info] 30 -> recv 4096
1510418977.993	SocketServer@0111a8c0	[Info] 30 <- recv 4096, total 58820
1510418978.003	SocketServer@0111a8c0	[Info] 31 -> recv 4096
1510418978.003	SocketServer@0111a8c0	[Info] 31 <- recv 328, total 59148
1510418978.013	SocketServer@0111a8c0	[Info] 32 -> recv 4096
