1510425537.131	SocketSender@0311a8c0	[Info] 1 -> new :8899
1510425537.131	SocketSender@0311a8c0	[Info] 1 <- new 0
1510425537.131	SocketSender@0311a8c0	[Info] 2 -> connect 0111a8c0:5678
1510425538.342	SocketSender@0311a8c0	[Info] 2 <- connect
1510425538.342	SocketSender@0311a8c0	[Info] 3 -> send 4096
1510425538.342	SocketSender@0311a8c0	[Info] 3 <- send, total 4096
1510425538.352	SocketSender@0311a8c0	[Info] 4 -> send 4096
1510425538.352	SocketSender@0311a8c0	[Info] 4 <- send, total 8192
1510425538.362	SocketSender@0311a8c0	[Info] 5 -> send 4096
1510425538.362	SocketSender@0311a8c0	[Info] 5 <- send, total 12288
1510425538.372	SocketSender@0311a8c0	[Info] 6 -> send 4096
1510425538.372	SocketSender@0311a8c0	[Info] 6 <- send, total 16384
1510425538.382	SocketSender@0311a8c0	[Info] 7 -> send 4096
1510425538.382	SocketSender@0311a8c0	[Info] 7 <- send, total 20480
1510425538.392	SocketSender@0311a8c0	[Info] 8 -> send 4096
1510425538.392	SocketSender@0311a8c0	[Info] 8 <- send, total 24576
1510425538.403	SocketSender@0311a8c0	[Info] 9 -> send 4096
1510425538.403	SocketSender@0311a8c0	[Info] 9 <- send, total 28672
1510425538.413	SocketSender@0311a8c0	[Info] 10 -> send 4096
1510425538.413	SocketSender@0311a8c0	[Info] 10 <- send, total 32768
1510425538.423	SocketSender@0311a8c0	[Info] 11 -> send 4096
1510425538.423	SocketSender@0311a8c0	[Info] 11 <- send, total 36864
1510425538.433	SocketSender@0311a8c0	[Info] 12 -> send 4096
1510425538.433	SocketSender@0311a8c0	[Info] 12 <- send, total 40960
1510425538.443	SocketSender@0311a8c0	[Info] 13 -> send 4096
1510425538.443	SocketSender@0311a8c0	[Info] 13 <- send, total 45056
1510425538.453	SocketSender@0311a8c0	[Info] 14 -> send 4096
1510425538.453	SocketSender@0311a8c0	[Info] 14 <- send, total 49152
1510425538.463	SocketSender@0311a8c0	[Info] 15 -> send 4096
1510425538.463	SocketSender@0311a8c0	[Info] 15 <- send, total 53248
1510425538.473	SocketSender@0311a8c0	[Info] 16 -> send 4096
1510425538.473	SocketSender@0311a8c0	[Info] 16 <- send, total 57344
1510425538.483	SocketSender@0311a8c0	[Info] 17 -> send 4096
1510425538.483	SocketSender@0311a8c0	[Info] 17 <- send, total 61440
1510425538.494	SocketSender@0311a8c0	[Info] 18 -> send 4096
1510425539.689	SocketSender@0311a8c0	[Info] 18 <- send, total 65536
1510425539.700	SocketSender@0311a8c0	[Info] 19 -> send 4096
1510425541.155	SocketSender@0311a8c0	[Info] 19 <- send, total 69632
1510425541.166	SocketSender@0311a8c0	[Info] 20 -> send 4096
1510425542.620	SocketSender@0311a8c0	[Info] 20 <- send, total 73728
1510425542.630	SocketSender@0311a8c0	[Info] 21 -> send 4096
1510425543.850	SocketSender@0311a8c0	[Info] 21 <- send, total 77824
1510425543.860	SocketSender@0311a8c0	[Info] 22 -> send 4096
1510425544.203	SocketSender@0311a8c0	[Info] 22 <- send, total 81920
1510425544.213	SocketSender@0311a8c0	[Info] 23 -> send 4096
1510425544.557	SocketSender@0311a8c0	[Info] 23 <- send, total 86016
1510425544.568	SocketSender@0311a8c0	[Info] 24 -> send 4096
1510425545.315	SocketSender@0311a8c0	[Info] 24 <- send, total 90112
1510425545.325	SocketSender@0311a8c0	[Info] 25 -> send 4096
1510425545.673	SocketSender@0311a8c0	[Info] 25 <- send, total 94208
1510425545.683	SocketSender@0311a8c0	[Info] 26 -> send 4096
1510425547.918	SocketSender@0311a8c0	[Info] 26 <- send, total 98304
1510425547.928	SocketSender@0311a8c0	[Info] 27 -> send 4096
1510425547.928	SocketSender@0311a8c0	[Info] 27 <- send, total 102400
1510425547.939	SocketSender@0311a8c0	[Info] 28 -> send 4096
1510425549.389	SocketSender@0311a8c0	[Info] 28 <- send, total 106496
1510425549.399	SocketSender@0311a8c0	[Info] 29 -> send 4096
1510425550.738	SocketSender@0311a8c0	[Info] 29 <- send, total 110592
1510425550.748	SocketSender@0311a8c0	[Info] 30 -> send 4096
1510425552.203	SocketSender@0311a8c0	[Info] 30 <- send, total 114688
1510425552.214	SocketSender@0311a8c0	[Info] 31 -> send 4096
1510425552.557	SocketSender@0311a8c0	[Info] 31 <- send, total 118784
1510425552.567	SocketSender@0311a8c0	[Info] 32 -> send 4096
1510425553.551	SocketSender@0311a8c0	[Info] 32 <- send, total 122880
1510425553.561	SocketSender@0311a8c0	[Info] 33 -> send 4096
1510425553.905	SocketSender@0311a8c0	[Info] 33 <- send, total 126976
1510425553.921	SocketSender@0311a8c0	[Info] 34 -> send 4096
1510425554.258	SocketSender@0311a8c0	[Info] 34 <- send, total 131072
1510425554.268	SocketSender@0311a8c0	[Info] 35 -> send 4096
1510425554.612	SocketSender@0311a8c0	[Info] 35 <- send, total 135168
1510425554.622	SocketSender@0311a8c0	[Info] 36 -> send 4096
1510425556.364	SocketSender@0311a8c0	[Info] 36 <- send, total 139264
1510425556.374	SocketSender@0311a8c0	[Info] 37 -> send 4096
1510425556.374	SocketSender@0311a8c0	[Info] 37 <- send, total 143360
1510425556.384	SocketSender@0311a8c0	[Info] 38 -> send 4096
1510425556.384	SocketSender@0311a8c0	[Info] 38 <- send, total 147456
1510425556.394	SocketSender@0311a8c0	[Info] 39 -> send 4096
1510425557.830	SocketSender@0311a8c0	[Info] 39 <- send, total 151552
1510425557.840	SocketSender@0311a8c0	[Info] 40 -> send 4096
1510425559.296	SocketSender@0311a8c0	[Info] 40 <- send, total 155648
1510425559.306	SocketSender@0311a8c0	[Info] 41 -> send 4096
1510425560.525	SocketSender@0311a8c0	[Info] 41 <- send, total 159744
1510425560.535	SocketSender@0311a8c0	[Info] 42 -> send 4096
1510425560.878	SocketSender@0311a8c0	[Info] 42 <- send, total 163840
1510425560.888	SocketSender@0311a8c0	[Info] 43 -> send 4096
1510425561.232	SocketSender@0311a8c0	[Info] 43 <- send, total 167936
1510425561.242	SocketSender@0311a8c0	[Info] 44 -> send 4096
1510425561.873	SocketSender@0311a8c0	[Info] 44 <- send, total 172032
1510425561.883	SocketSender@0311a8c0	[Info] 45 -> send 4096
1510425562.230	SocketSender@0311a8c0	[Info] 45 <- send, total 176128
1510425562.240	SocketSender@0311a8c0	[Info] 46 -> send 4096
1510425562.581	SocketSender@0311a8c0	[Info] 46 <- send, total 180224
1510425562.591	SocketSender@0311a8c0	[Info] 47 -> send 4096
1510425563.221	SocketSender@0311a8c0	[Info] 47 <- send, total 184320
1510425563.231	SocketSender@0311a8c0	[Info] 48 -> send 4096
1510425563.578	SocketSender@0311a8c0	[Info] 48 <- send, total 188416
1510425563.588	SocketSender@0311a8c0	[Info] 49 -> send 4096
1510425563.932	SocketSender@0311a8c0	[Info] 49 <- send, total 192512
1510425563.942	SocketSender@0311a8c0	[Info] 50 -> send 4096
1510425564.454	SocketSender@0311a8c0	[Info] 50 <- send, total 196608
1510425564.464	SocketSender@0311a8c0	[Info] 51 -> send 4096
1510425564.805	SocketSender@0311a8c0	[Info] 51 <- send, total 200704
1510425564.815	SocketSender@0311a8c0	[Info] 52 -> send 4096
1510425565.166	SocketSender@0311a8c0	[Info] 52 <- send, total 204800
1510425565.176	SocketSender@0311a8c0	[Info] 53 -> send 4096
1510425565.401	SocketSender@0311a8c0	[Info] 53 <- send, total 208896
1510425565.411	SocketSender@0311a8c0	[Info] 54 -> send 4096
1510425565.801	SocketSender@0311a8c0	[Info] 54 <- send, total 212992
1510425565.811	SocketSender@0311a8c0	[Info] 55 -> send 4096
1510425566.156	SocketSender@0311a8c0	[Info] 55 <- send, total 217088
1510425566.166	SocketSender@0311a8c0	[Info] 56 -> send 4096
1510425566.517	SocketSender@0311a8c0	[Info] 56 <- send, total 221184
1510425566.527	SocketSender@0311a8c0	[Info] 57 -> send 4096
1510425566.870	SocketSender@0311a8c0	[Info] 57 <- send, total 225280
1510425566.880	SocketSender@0311a8c0	[Info] 58 -> send 4096
1510425567.224	SocketSender@0311a8c0	[Info] 58 <- send, total 229376
1510425567.234	SocketSender@0311a8c0	[Info] 59 -> send 4096
1510425567.591	SocketSender@0311a8c0	[Info] 59 <- send, total 233472
1510425567.601	SocketSender@0311a8c0	[Info] 60 -> send 4096
1510425567.953	SocketSender@0311a8c0	[Info] 60 <- send, total 237568
1510425567.964	SocketSender@0311a8c0	[Info] 61 -> send 4096
1510425568.310	SocketSender@0311a8c0	[Info] 61 <- send, total 241664
1510425568.321	SocketSender@0311a8c0	[Info] 62 -> send 4096
1510425568.546	SocketSender@0311a8c0	[Info] 62 <- send, total 245760
1510425568.556	SocketSender@0311a8c0	[Info] 63 -> send 4096
1510425568.900	SocketSender@0311a8c0	[Info] 63 <- send, total 249856
1510425568.910	SocketSender@0311a8c0	[Info] 64 -> send 4096
1510425569.254	SocketSender@0311a8c0	[Info] 64 <- send, total 253952
1510425569.264	SocketSender@0311a8c0	[Info] 65 -> send 4096
1510425569.608	SocketSender@0311a8c0	[Info] 65 <- send, total 258048
1510425569.618	SocketSender@0311a8c0	[Info] 66 -> send 4096
1510425569.961	SocketSender@0311a8c0	[Info] 66 <- send, total 262144
1510425569.971	SocketSender@0311a8c0	[Info] 67 -> send 4096
