1510425538.342	TcpBackend@0311a8c0	[Info] establish tcb
1510425538.342	TcpBackend@0311a8c0	[Info] push 4096 data to buffer
1510425538.342	TcpBackend@0311a8c0	[Info] send seq 0 len 1420
1510425538.352	TcpBackend@0311a8c0	[Info] push 4096 data to buffer
1510425538.362	TcpBackend@0311a8c0	[Info] push 4096 data to buffer
1510425538.372	TcpBackend@0311a8c0	[Info] push 4096 data to buffer
1510425538.382	TcpBackend@0311a8c0	[Info] push 4096 data to buffer
1510425538.392	TcpBackend@0311a8c0	[Info] push 4096 data to buffer
1510425538.403	TcpBackend@0311a8c0	[Info] push 4096 data to buffer
1510425538.413	TcpBackend@0311a8c0	[Info] push 4096 data to buffer
1510425538.423	TcpBackend@0311a8c0	[Info] push 4096 data to buffer
1510425538.433	TcpBackend@0311a8c0	[Info] push 4096 data to buffer
1510425538.443	TcpBackend@0311a8c0	[Info] push 4096 data to buffer
1510425538.453	TcpBackend@0311a8c0	[Info] push 4096 data to buffer
1510425538.463	TcpBackend@0311a8c0	[Info] push 4096 data to buffer
1510425538.473	TcpBackend@0311a8c0	[Info] push 4096 data to buffer
1510425538.483	TcpBackend@0311a8c0	[Info] push 4096 data to buffer
1510425538.947	TcpBackend@0111a8c0	[Info] establish tcb
1510425539.084	TcpBackend@0111a8c0	[Info] syn 0, len 1420
1510425539.084	TcpBackend@0111a8c0	[Info] pop 1420 data from buffer
1510425539.084	TcpBackend@0111a8c0	[Info] update ack 1420, wnd 65535
1510425539.689	TcpBackend@0311a8c0	[Info] ack 1420, wnd 65535
1510425539.689	TcpBackend@0311a8c0	[Info] update cwnd 2
1510425539.689	TcpBackend@0311a8c0	[Info] push 4096 data to buffer
1510425539.690	TcpBackend@0311a8c0	[Info] send seq 1420 len 1420
1510425539.690	TcpBackend@0311a8c0	[Info] send seq 2840 len 1420
1510425540.431	TcpBackend@0111a8c0	[Info] syn 1420, len 1420
1510425540.431	TcpBackend@0111a8c0	[Info] pop 1420 data from buffer
1510425540.431	TcpBackend@0111a8c0	[Info] update ack 2840, wnd 65535
1510425540.549	TcpBackend@0111a8c0	[Info] syn 2840, len 1420
1510425540.549	TcpBackend@0111a8c0	[Info] pop 1420 data from buffer
1510425540.549	TcpBackend@0111a8c0	[Info] update ack 4260, wnd 65535
1510425541.037	TcpBackend@0311a8c0	[Info] ack 2840, wnd 65535
1510425541.037	TcpBackend@0311a8c0	[Info] update cwnd 3
1510425541.037	TcpBackend@0311a8c0	[Info] send seq 4260 len 1420
1510425541.037	TcpBackend@0311a8c0	[Info] send seq 5680 len 1420
1510425541.155	TcpBackend@0311a8c0	[Info] ack 4260, wnd 65535
1510425541.155	TcpBackend@0311a8c0	[Info] update cwnd 4
1510425541.155	TcpBackend@0311a8c0	[Info] push 4096 data to buffer
1510425541.155	TcpBackend@0311a8c0	[Info] send seq 7100 len 1420
1510425541.155	TcpBackend@0311a8c0	[Info] send seq 8520 len 1420
1510425541.779	TcpBackend@0111a8c0	[Info] syn 4260, len 1420
1510425541.779	TcpBackend@0111a8c0	[Info] pop 1420 data from buffer
1510425541.779	TcpBackend@0111a8c0	[Info] update ack 5680, wnd 65535
1510425541.897	TcpBackend@0111a8c0	[Info] syn 5680, len 1420
1510425541.897	TcpBackend@0111a8c0	[Info] pop 1420 data from buffer
1510425541.897	TcpBackend@0111a8c0	[Info] update ack 7100, wnd 65535
1510425542.015	TcpBackend@0111a8c0	[Info] syn 7100, len 1420
1510425542.015	TcpBackend@0111a8c0	[Info] pop 1420 data from buffer
1510425542.015	TcpBackend@0111a8c0	[Info] update ack 8520, wnd 65535
1510425542.133	TcpBackend@0111a8c0	[Info] syn 8520, len 1420
1510425542.133	TcpBackend@0111a8c0	[Info] pop 1420 data from buffer
1510425542.133	TcpBackend@0111a8c0	[Info] update ack 9940, wnd 65535
1510425542.384	TcpBackend@0311a8c0	[Info] ack 5680, wnd 65535
1510425542.384	TcpBackend@0311a8c0	[Info] update cwnd 5
1510425542.384	TcpBackend@0311a8c0	[Info] send seq 9940 len 1420
1510425542.384	TcpBackend@0311a8c0	[Info] send seq 11360 len 1420
1510425542.503	TcpBackend@0311a8c0	[Info] ack 7100, wnd 65535
1510425542.503	TcpBackend@0311a8c0	[Info] update cwnd 6
1510425542.503	TcpBackend@0311a8c0	[Info] send seq 12780 len 1420
1510425542.503	TcpBackend@0311a8c0	[Info] send seq 14200 len 1420
1510425542.620	TcpBackend@0311a8c0	[Info] ack 8520, wnd 65535
1510425542.620	TcpBackend@0311a8c0	[Info] update cwnd 7
1510425542.620	TcpBackend@0311a8c0	[Info] push 4096 data to buffer
1510425542.620	TcpBackend@0311a8c0	[Info] send seq 15620 len 1420
1510425542.620	TcpBackend@0311a8c0	[Info] send seq 17040 len 1420
1510425542.739	TcpBackend@0311a8c0	[Info] ack 9940, wnd 65535
1510425542.739	TcpBackend@0311a8c0	[Info] update cwnd 8
1510425542.739	TcpBackend@0311a8c0	[Info] send seq 18460 len 1420
1510425542.739	TcpBackend@0311a8c0	[Info] send seq 19880 len 1420
1510425543.126	TcpBackend@0111a8c0	[Info] syn 9940, len 1420
1510425543.126	TcpBackend@0111a8c0	[Info] pop 1420 data from buffer
1510425543.126	TcpBackend@0111a8c0	[Info] update ack 11360, wnd 65535
1510425543.244	TcpBackend@0111a8c0	[Info] syn 11360, len 1420
1510425543.244	TcpBackend@0111a8c0	[Info] pop 1420 data from buffer
1510425543.244	TcpBackend@0111a8c0	[Info] update ack 12780, wnd 65535
1510425543.362	TcpBackend@0111a8c0	[Info] syn 12780, len 1420
1510425543.362	TcpBackend@0111a8c0	[Info] pop 1420 data from buffer
1510425543.362	TcpBackend@0111a8c0	[Info] update ack 14200, wnd 65535
1510425543.480	TcpBackend@0111a8c0	[Info] syn 14200, len 1420
1510425543.480	TcpBackend@0111a8c0	[Info] pop 1420 data from buffer
1510425543.480	TcpBackend@0111a8c0	[Info] update ack 15620, wnd 65535
1510425543.598	TcpBackend@0111a8c0	[Info] syn 15620, len 1420
1510425543.598	TcpBackend@0111a8c0	[Info] pop 1420 data from buffer
1510425543.598	TcpBackend@0111a8c0	[Info] update ack 17040, wnd 65535
1510425543.716	TcpBackend@0111a8c0	[Info] syn 17040, len 1420
1510425543.716	TcpBackend@0111a8c0	[Info] pop 1420 data from buffer
1510425543.716	TcpBackend@0111a8c0	[Info] update ack 18460, wnd 65535
1510425543.732	TcpBackend@0311a8c0	[Info] ack 11360, wnd 65535
1510425543.732	TcpBackend@0311a8c0	[Info] update cwnd 9
1510425543.732	TcpBackend@0311a8c0	[Info] send seq 21300 len 1420
1510425543.732	TcpBackend@0311a8c0	[Info] send seq 22720 len 1420
1510425543.834	TcpBackend@0111a8c0	[Info] syn 18460, len 1420
1510425543.834	TcpBackend@0111a8c0	[Info] pop 1420 data from buffer
1510425543.834	TcpBackend@0111a8c0	[Info] update ack 19880, wnd 65535
1510425543.850	TcpBackend@0311a8c0	[Info] ack 12780, wnd 65535
1510425543.850	TcpBackend@0311a8c0	[Info] update cwnd 10
1510425543.850	TcpBackend@0311a8c0	[Info] push 4096 data to buffer
1510425543.850	TcpBackend@0311a8c0	[Info] send seq 24140 len 1420
1510425543.850	TcpBackend@0311a8c0	[Info] send seq 25560 len 1420
1510425543.952	TcpBackend@0111a8c0	[Info] syn 19880, len 1420
1510425543.952	TcpBackend@0111a8c0	[Info] pop 1420 data from buffer
1510425543.952	TcpBackend@0111a8c0	[Info] update ack 21300, wnd 65535
1510425543.968	TcpBackend@0311a8c0	[Info] ack 14200, wnd 65535
1510425543.968	TcpBackend@0311a8c0	[Info] update cwnd 11
1510425543.968	TcpBackend@0311a8c0	[Info] send seq 26980 len 1420
1510425543.968	TcpBackend@0311a8c0	[Info] send seq 28400 len 1420
1510425544.086	TcpBackend@0311a8c0	[Info] ack 15620, wnd 65535
1510425544.086	TcpBackend@0311a8c0	[Info] update cwnd 12
1510425544.086	TcpBackend@0311a8c0	[Info] send seq 29820 len 1420
1510425544.086	TcpBackend@0311a8c0	[Info] send seq 31240 len 1420
1510425544.203	TcpBackend@0311a8c0	[Info] ack 17040, wnd 65535
1510425544.203	TcpBackend@0311a8c0	[Info] update cwnd 13
1510425544.203	TcpBackend@0311a8c0	[Info] push 4096 data to buffer
1510425544.203	TcpBackend@0311a8c0	[Info] send seq 32660 len 1420
1510425544.203	TcpBackend@0311a8c0	[Info] send seq 34080 len 1420
1510425544.322	TcpBackend@0311a8c0	[Info] ack 18460, wnd 65535
1510425544.322	TcpBackend@0311a8c0	[Info] update cwnd 14
1510425544.322	TcpBackend@0311a8c0	[Info] send seq 35500 len 1420
1510425544.322	TcpBackend@0311a8c0	[Info] send seq 36920 len 1420
1510425544.439	TcpBackend@0311a8c0	[Info] ack 19880, wnd 65535
1510425544.439	TcpBackend@0311a8c0	[Info] update cwnd 15
1510425544.439	TcpBackend@0311a8c0	[Info] send seq 38340 len 1420
1510425544.439	TcpBackend@0311a8c0	[Info] send seq 39760 len 1420
1510425544.474	TcpBackend@0111a8c0	[Info] syn 21300, len 1420
1510425544.474	TcpBackend@0111a8c0	[Info] pop 1420 data from buffer
1510425544.474	TcpBackend@0111a8c0	[Info] update ack 22720, wnd 65535
1510425544.557	TcpBackend@0311a8c0	[Info] ack 21300, wnd 65535
1510425544.557	TcpBackend@0311a8c0	[Info] update cwnd 16
1510425544.557	TcpBackend@0311a8c0	[Info] push 4096 data to buffer
1510425544.557	TcpBackend@0311a8c0	[Info] send seq 41180 len 1420
1510425544.557	TcpBackend@0311a8c0	[Info] send seq 42600 len 1420
1510425544.592	TcpBackend@0111a8c0	[Info] syn 22720, len 1420
1510425544.592	TcpBackend@0111a8c0	[Info] pop 1420 data from buffer
1510425544.592	TcpBackend@0111a8c0	[Info] update ack 24140, wnd 65535
1510425544.710	TcpBackend@0111a8c0	[Info] syn 24140, len 1420
1510425544.710	TcpBackend@0111a8c0	[Info] pop 1420 data from buffer
1510425544.710	TcpBackend@0111a8c0	[Info] update ack 25560, wnd 65535
1510425544.828	TcpBackend@0111a8c0	[Info] syn 25560, len 1420
1510425544.828	TcpBackend@0111a8c0	[Info] pop 1420 data from buffer
1510425544.828	TcpBackend@0111a8c0	[Info] update ack 26980, wnd 65535
1510425544.950	TcpBackend@0111a8c0	[Info] syn 26980, len 1420
1510425544.950	TcpBackend@0111a8c0	[Info] pop 1420 data from buffer
1510425544.950	TcpBackend@0111a8c0	[Info] update ack 28400, wnd 65535
1510425545.068	TcpBackend@0111a8c0	[Info] syn 28400, len 1420
1510425545.068	TcpBackend@0111a8c0	[Info] pop 1420 data from buffer
1510425545.068	TcpBackend@0111a8c0	[Info] update ack 29820, wnd 65535
1510425545.079	TcpBackend@0311a8c0	[Info] ack 22720, wnd 65535
1510425545.079	TcpBackend@0311a8c0	[Info] update cwnd 17
1510425545.079	TcpBackend@0311a8c0	[Info] send seq 44020 len 1420
1510425545.079	TcpBackend@0311a8c0	[Info] send seq 45440 len 1420
1510425545.186	TcpBackend@0111a8c0	[Info] syn 29820, len 1420
1510425545.186	TcpBackend@0111a8c0	[Info] pop 1420 data from buffer
1510425545.186	TcpBackend@0111a8c0	[Info] update ack 31240, wnd 65535
1510425545.197	TcpBackend@0311a8c0	[Info] ack 24140, wnd 65535
1510425545.197	TcpBackend@0311a8c0	[Info] update cwnd 18
1510425545.197	TcpBackend@0311a8c0	[Info] send seq 46860 len 1420
1510425545.197	TcpBackend@0311a8c0	[Info] send seq 48280 len 1420
1510425545.303	TcpBackend@0111a8c0	[Info] syn 31240, len 1420
1510425545.303	TcpBackend@0111a8c0	[Info] pop 1420 data from buffer
1510425545.303	TcpBackend@0111a8c0	[Info] update ack 32660, wnd 65535
1510425545.315	TcpBackend@0311a8c0	[Info] ack 25560, wnd 65535
1510425545.315	TcpBackend@0311a8c0	[Info] update cwnd 19
1510425545.315	TcpBackend@0311a8c0	[Info] push 4096 data to buffer
1510425545.315	TcpBackend@0311a8c0	[Info] send seq 49700 len 1420
1510425545.315	TcpBackend@0311a8c0	[Info] send seq 51120 len 1420
1510425545.421	TcpBackend@0111a8c0	[Info] syn 34080, len 1420
1510425545.421	TcpBackend@0111a8c0	[Info] update ack 32660, wnd 65535
1510425545.434	TcpBackend@0311a8c0	[Info] ack 26980, wnd 65535
1510425545.434	TcpBackend@0311a8c0	[Info] update cwnd 20
1510425545.434	TcpBackend@0311a8c0	[Info] send seq 52540 len 1420
1510425545.434	TcpBackend@0311a8c0	[Info] send seq 53960 len 1420
1510425545.539	TcpBackend@0111a8c0	[Info] syn 35500, len 1420
1510425545.539	TcpBackend@0111a8c0	[Info] update ack 32660, wnd 65535
1510425545.555	TcpBackend@0311a8c0	[Info] ack 28400, wnd 65535
1510425545.555	TcpBackend@0311a8c0	[Info] update cwnd 21
1510425545.555	TcpBackend@0311a8c0	[Info] send seq 55380 len 1420
1510425545.555	TcpBackend@0311a8c0	[Info] send seq 56800 len 1420
1510425545.662	TcpBackend@0111a8c0	[Info] syn 39760, len 1420
1510425545.662	TcpBackend@0111a8c0	[Info] update ack 32660, wnd 65535
1510425545.673	TcpBackend@0311a8c0	[Info] ack 29820, wnd 65535
1510425545.673	TcpBackend@0311a8c0	[Info] update cwnd 22
1510425545.673	TcpBackend@0311a8c0	[Info] push 4096 data to buffer
1510425545.673	TcpBackend@0311a8c0	[Info] send seq 58220 len 1420
1510425545.673	TcpBackend@0311a8c0	[Info] send seq 59640 len 1420
1510425545.779	TcpBackend@0111a8c0	[Info] syn 42600, len 1420
1510425545.779	TcpBackend@0111a8c0	[Info] update ack 32660, wnd 65535
1510425545.792	TcpBackend@0311a8c0	[Info] ack 31240, wnd 65535
1510425545.792	TcpBackend@0311a8c0	[Info] update cwnd 23
1510425545.792	TcpBackend@0311a8c0	[Info] send seq 61060 len 1420
1510425545.792	TcpBackend@0311a8c0	[Info] send seq 62480 len 1420
1510425545.897	TcpBackend@0111a8c0	[Info] syn 44020, len 1420
1510425545.897	TcpBackend@0111a8c0	[Info] update ack 32660, wnd 65535
1510425545.909	TcpBackend@0311a8c0	[Info] ack 32660, wnd 65535
1510425545.909	TcpBackend@0311a8c0	[Info] update cwnd 24
1510425545.909	TcpBackend@0311a8c0	[Info] send seq 63900 len 1420
1510425545.909	TcpBackend@0311a8c0	[Info] send seq 65320 len 1420
1510425546.016	TcpBackend@0111a8c0	[Info] syn 45440, len 1420
1510425546.016	TcpBackend@0111a8c0	[Warn] tail exceeds
1510425546.027	TcpBackend@0311a8c0	[Info] ack 32660, wnd 65535
1510425546.027	TcpBackend@0311a8c0	[Warn] dup ack
1510425546.133	TcpBackend@0111a8c0	[Info] syn 46860, len 1420
1510425546.133	TcpBackend@0111a8c0	[Warn] tail exceeds
1510425546.145	TcpBackend@0311a8c0	[Info] ack 32660, wnd 65535
1510425546.145	TcpBackend@0311a8c0	[Warn] dup ack
1510425546.251	TcpBackend@0111a8c0	[Info] syn 48280, len 1420
1510425546.251	TcpBackend@0111a8c0	[Warn] tail exceeds
1510425546.267	TcpBackend@0311a8c0	[Info] ack 32660, wnd 65535
1510425546.267	TcpBackend@0311a8c0	[Warn] dup ack
1510425546.267	TcpBackend@0311a8c0	[Info] fast resend
1510425546.267	TcpBackend@0311a8c0	[Info] congestion threshold 12
1510425546.267	TcpBackend@0311a8c0	[Info] resend 0
1510425546.267	TcpBackend@0311a8c0	[Info] send seq 32660 len 1420
1510425546.369	TcpBackend@0111a8c0	[Info] syn 49700, len 1420
1510425546.369	TcpBackend@0111a8c0	[Warn] tail exceeds
1510425546.385	TcpBackend@0311a8c0	[Info] ack 32660, wnd 65535
1510425546.385	TcpBackend@0311a8c0	[Warn] dup ack
1510425546.487	TcpBackend@0111a8c0	[Info] syn 51120, len 1420
1510425546.487	TcpBackend@0111a8c0	[Warn] tail exceeds
1510425546.503	TcpBackend@0311a8c0	[Info] ack 32660, wnd 65535
1510425546.503	TcpBackend@0311a8c0	[Warn] dup ack
1510425546.605	TcpBackend@0111a8c0	[Info] syn 52540, len 1420
1510425546.605	TcpBackend@0111a8c0	[Warn] tail exceeds
1510425546.621	TcpBackend@0311a8c0	[Info] ack 32660, wnd 65535
1510425546.621	TcpBackend@0311a8c0	[Warn] dup ack
1510425546.723	TcpBackend@0111a8c0	[Info] syn 53960, len 1420
1510425546.723	TcpBackend@0111a8c0	[Warn] tail exceeds
1510425546.739	TcpBackend@0311a8c0	[Info] ack 32660, wnd 65535
1510425546.739	TcpBackend@0311a8c0	[Warn] dup ack
1510425546.843	TcpBackend@0111a8c0	[Info] syn 55380, len 1420
1510425546.843	TcpBackend@0111a8c0	[Warn] tail exceeds
1510425546.857	TcpBackend@0311a8c0	[Info] ack 32660, wnd 65535
1510425546.857	TcpBackend@0311a8c0	[Warn] dup ack
1510425546.959	TcpBackend@0111a8c0	[Info] syn 58220, len 1420
1510425546.959	TcpBackend@0111a8c0	[Warn] tail exceeds
1510425546.975	TcpBackend@0311a8c0	[Info] ack 32660, wnd 65535
1510425546.975	TcpBackend@0311a8c0	[Warn] dup ack
1510425547.077	TcpBackend@0111a8c0	[Info] syn 61060, len 1420
1510425547.077	TcpBackend@0111a8c0	[Warn] tail exceeds
1510425547.093	TcpBackend@0311a8c0	[Info] ack 32660, wnd 65535
1510425547.093	TcpBackend@0311a8c0	[Warn] dup ack
1510425547.195	TcpBackend@0111a8c0	[Info] syn 63900, len 1420
1510425547.195	TcpBackend@0111a8c0	[Warn] tail exceeds
1510425547.211	TcpBackend@0311a8c0	[Info] ack 32660, wnd 65535
1510425547.211	TcpBackend@0311a8c0	[Warn] dup ack
1510425547.312	TcpBackend@0111a8c0	[Info] syn 32660, len 1420
1510425547.312	TcpBackend@0111a8c0	[Info] pop 4096 data from buffer
1510425547.312	TcpBackend@0111a8c0	[Info] update ack 36920, wnd 65371
1510425547.322	TcpBackend@0111a8c0	[Info] pop 164 data from buffer
1510425547.329	TcpBackend@0311a8c0	[Info] ack 32660, wnd 65535
1510425547.329	TcpBackend@0311a8c0	[Warn] dup ack
1510425547.449	TcpBackend@0311a8c0	[Info] ack 32660, wnd 65535
1510425547.449	TcpBackend@0311a8c0	[Warn] dup ack
1510425547.565	TcpBackend@0311a8c0	[Info] ack 32660, wnd 65535
1510425547.565	TcpBackend@0311a8c0	[Warn] dup ack
1510425547.683	TcpBackend@0311a8c0	[Info] ack 32660, wnd 65535
1510425547.683	TcpBackend@0311a8c0	[Warn] dup ack
1510425547.801	TcpBackend@0311a8c0	[Info] ack 32660, wnd 65535
1510425547.801	TcpBackend@0311a8c0	[Warn] dup ack
1510425547.918	TcpBackend@0311a8c0	[Info] ack 36920, wnd 65371
1510425547.918	TcpBackend@0311a8c0	[Info] update cwnd 2
1510425547.918	TcpBackend@0311a8c0	[Info] push 4096 data to buffer
1510425547.918	TcpBackend@0311a8c0	[Info] send seq 36920 len 1420
1510425547.918	TcpBackend@0311a8c0	[Info] send seq 38340 len 1420
1510425547.928	TcpBackend@0311a8c0	[Info] push 4096 data to buffer
1510425548.665	TcpBackend@0111a8c0	[Info] syn 36920, len 1420
1510425548.665	TcpBackend@0111a8c0	[Info] pop 1420 data from buffer
1510425548.665	TcpBackend@0111a8c0	[Info] update ack 38340, wnd 65535
1510425548.783	TcpBackend@0111a8c0	[Info] syn 38340, len 1420
1510425548.783	TcpBackend@0111a8c0	[Info] pop 2840 data from buffer
1510425548.783	TcpBackend@0111a8c0	[Info] update ack 41180, wnd 65535
1510425549.273	TcpBackend@0311a8c0	[Info] ack 38340, wnd 65535
1510425549.273	TcpBackend@0311a8c0	[Info] update cwnd 3
1510425549.273	TcpBackend@0311a8c0	[Info] send seq 39760 len 1420
1510425549.273	TcpBackend@0311a8c0	[Info] send seq 41180 len 1420
1510425549.389	TcpBackend@0311a8c0	[Info] ack 41180, wnd 65535
1510425549.389	TcpBackend@0311a8c0	[Info] update cwnd 4
1510425549.389	TcpBackend@0311a8c0	[Info] push 4096 data to buffer
1510425549.389	TcpBackend@0311a8c0	[Info] send seq 42600 len 1420
1510425549.389	TcpBackend@0311a8c0	[Info] send seq 44020 len 1420
1510425549.389	TcpBackend@0311a8c0	[Info] send seq 45440 len 1420
1510425550.014	TcpBackend@0111a8c0	[Info] syn 39760, len 1420
1510425550.014	TcpBackend@0111a8c0	[Warn] dup sequence
1510425550.132	TcpBackend@0111a8c0	[Info] syn 41180, len 1420
1510425550.132	TcpBackend@0111a8c0	[Info] pop 4096 data from buffer
1510425550.132	TcpBackend@0111a8c0	[Info] update ack 45440, wnd 65371
1510425550.143	TcpBackend@0111a8c0	[Info] pop 164 data from buffer
1510425550.250	TcpBackend@0111a8c0	[Info] syn 42600, len 1420
1510425550.250	TcpBackend@0111a8c0	[Warn] dup sequence
1510425550.368	TcpBackend@0111a8c0	[Info] syn 44020, len 1420
1510425550.368	TcpBackend@0111a8c0	[Warn] dup sequence
1510425550.486	TcpBackend@0111a8c0	[Info] syn 45440, len 1420
1510425550.486	TcpBackend@0111a8c0	[Info] pop 1420 data from buffer
1510425550.486	TcpBackend@0111a8c0	[Info] update ack 46860, wnd 65535
1510425550.620	TcpBackend@0311a8c0	[Info] ack 41180, wnd 65535
1510425550.620	TcpBackend@0311a8c0	[Warn] dup ack
1510425550.738	TcpBackend@0311a8c0	[Info] ack 45440, wnd 65371
1510425550.738	TcpBackend@0311a8c0	[Info] update cwnd 5
1510425550.738	TcpBackend@0311a8c0	[Info] push 4096 data to buffer
1510425550.738	TcpBackend@0311a8c0	[Info] send seq 46860 len 1420
1510425550.738	TcpBackend@0311a8c0	[Info] send seq 48280 len 1420
1510425550.738	TcpBackend@0311a8c0	[Info] send seq 49700 len 1420
1510425550.738	TcpBackend@0311a8c0	[Info] send seq 51120 len 1420
1510425550.856	TcpBackend@0311a8c0	[Info] ack 45440, wnd 65535
1510425550.856	TcpBackend@0311a8c0	[Warn] dup ack
1510425550.974	TcpBackend@0311a8c0	[Info] ack 45440, wnd 65535
1510425550.974	TcpBackend@0311a8c0	[Warn] dup ack
1510425551.092	TcpBackend@0311a8c0	[Info] ack 46860, wnd 65535
1510425551.092	TcpBackend@0311a8c0	[Info] update cwnd 6
1510425551.092	TcpBackend@0311a8c0	[Info] send seq 52540 len 1420
1510425551.092	TcpBackend@0311a8c0	[Info] send seq 53960 len 1420
1510425551.480	TcpBackend@0111a8c0	[Info] syn 46860, len 1420
1510425551.480	TcpBackend@0111a8c0	[Info] pop 1420 data from buffer
1510425551.480	TcpBackend@0111a8c0	[Info] update ack 48280, wnd 65535
1510425551.598	TcpBackend@0111a8c0	[Info] syn 48280, len 1420
1510425551.598	TcpBackend@0111a8c0	[Info] pop 1420 data from buffer
1510425551.598	TcpBackend@0111a8c0	[Info] update ack 49700, wnd 65535
1510425551.716	TcpBackend@0111a8c0	[Info] syn 49700, len 1420
1510425551.716	TcpBackend@0111a8c0	[Info] pop 1420 data from buffer
1510425551.716	TcpBackend@0111a8c0	[Info] update ack 51120, wnd 65535
1510425551.834	TcpBackend@0111a8c0	[Info] syn 51120, len 1420
1510425551.834	TcpBackend@0111a8c0	[Info] pop 1420 data from buffer
1510425551.834	TcpBackend@0111a8c0	[Info] update ack 52540, wnd 65535
1510425551.952	TcpBackend@0111a8c0	[Info] syn 52540, len 1420
1510425551.952	TcpBackend@0111a8c0	[Info] pop 1420 data from buffer
1510425551.952	TcpBackend@0111a8c0	[Info] update ack 53960, wnd 65535
1510425552.070	TcpBackend@0111a8c0	[Info] syn 53960, len 1420
1510425552.070	TcpBackend@0111a8c0	[Info] pop 1420 data from buffer
1510425552.070	TcpBackend@0111a8c0	[Info] update ack 55380, wnd 65535
1510425552.085	TcpBackend@0311a8c0	[Info] ack 48280, wnd 65535
1510425552.085	TcpBackend@0311a8c0	[Info] update cwnd 7
1510425552.085	TcpBackend@0311a8c0	[Info] send seq 55380 len 1420
1510425552.085	TcpBackend@0311a8c0	[Info] send seq 56800 len 1420
1510425552.203	TcpBackend@0311a8c0	[Info] ack 49700, wnd 65535
1510425552.203	TcpBackend@0311a8c0	[Info] update cwnd 8
1510425552.203	TcpBackend@0311a8c0	[Info] push 4096 data to buffer
1510425552.204	TcpBackend@0311a8c0	[Info] send seq 58220 len 1420
1510425552.204	TcpBackend@0311a8c0	[Info] send seq 59640 len 1420
1510425552.322	TcpBackend@0311a8c0	[Info] ack 51120, wnd 65535
1510425552.322	TcpBackend@0311a8c0	[Info] update cwnd 9
1510425552.322	TcpBackend@0311a8c0	[Info] send seq 61060 len 1420
1510425552.322	TcpBackend@0311a8c0	[Info] send seq 62480 len 1420
1510425552.439	TcpBackend@0311a8c0	[Info] ack 52540, wnd 65535
1510425552.439	TcpBackend@0311a8c0	[Info] update cwnd 10
1510425552.439	TcpBackend@0311a8c0	[Info] send seq 63900 len 1420
1510425552.439	TcpBackend@0311a8c0	[Info] send seq 65320 len 1420
1510425552.557	TcpBackend@0311a8c0	[Info] ack 53960, wnd 65535
1510425552.557	TcpBackend@0311a8c0	[Info] update cwnd 11
1510425552.557	TcpBackend@0311a8c0	[Info] push 4096 data to buffer
1510425552.557	TcpBackend@0311a8c0	[Info] send seq 66740 len 1420
1510425552.557	TcpBackend@0311a8c0	[Info] send seq 68160 len 1420
1510425552.676	TcpBackend@0311a8c0	[Info] ack 55380, wnd 65535
1510425552.676	TcpBackend@0311a8c0	[Info] update cwnd 12
1510425552.676	TcpBackend@0311a8c0	[Info] send seq 69580 len 1420
1510425552.676	TcpBackend@0311a8c0	[Info] send seq 71000 len 1420
1510425552.828	TcpBackend@0111a8c0	[Info] syn 55380, len 1420
1510425552.828	TcpBackend@0111a8c0	[Info] pop 1420 data from buffer
1510425552.828	TcpBackend@0111a8c0	[Info] update ack 56800, wnd 65535
1510425552.945	TcpBackend@0111a8c0	[Info] syn 56800, len 1420
1510425552.945	TcpBackend@0111a8c0	[Info] pop 1420 data from buffer
1510425552.945	TcpBackend@0111a8c0	[Info] update ack 58220, wnd 65535
1510425553.063	TcpBackend@0111a8c0	[Info] syn 58220, len 1420
1510425553.063	TcpBackend@0111a8c0	[Info] pop 1420 data from buffer
1510425553.063	TcpBackend@0111a8c0	[Info] update ack 59640, wnd 65535
1510425553.181	TcpBackend@0111a8c0	[Info] syn 59640, len 1420
1510425553.181	TcpBackend@0111a8c0	[Info] pop 1420 data from buffer
1510425553.181	TcpBackend@0111a8c0	[Info] update ack 61060, wnd 65535
1510425553.299	TcpBackend@0111a8c0	[Info] syn 61060, len 1420
1510425553.299	TcpBackend@0111a8c0	[Info] pop 1420 data from buffer
1510425553.299	TcpBackend@0111a8c0	[Info] update ack 62480, wnd 65535
1510425553.418	TcpBackend@0111a8c0	[Info] syn 62480, len 1420
1510425553.418	TcpBackend@0111a8c0	[Info] pop 1420 data from buffer
1510425553.418	TcpBackend@0111a8c0	[Info] update ack 63900, wnd 65535
1510425553.433	TcpBackend@0311a8c0	[Info] ack 56800, wnd 65535
1510425553.433	TcpBackend@0311a8c0	[Info] update cwnd 13
1510425553.433	TcpBackend@0311a8c0	[Info] send seq 72420 len 1420
1510425553.433	TcpBackend@0311a8c0	[Info] send seq 73840 len 1420
1510425553.535	TcpBackend@0111a8c0	[Info] syn 63900, len 1420
1510425553.535	TcpBackend@0111a8c0	[Info] pop 1420 data from buffer
1510425553.535	TcpBackend@0111a8c0	[Info] update ack 65320, wnd 65535
1510425553.551	TcpBackend@0311a8c0	[Info] ack 58220, wnd 65535
1510425553.551	TcpBackend@0311a8c0	[Info] update cwnd 13
1510425553.551	TcpBackend@0311a8c0	[Info] push 4096 data to buffer
1510425553.551	TcpBackend@0311a8c0	[Info] send seq 75260 len 1420
1510425553.653	TcpBackend@0111a8c0	[Info] syn 65320, len 1420
1510425553.653	TcpBackend@0111a8c0	[Info] pop 1420 data from buffer
1510425553.653	TcpBackend@0111a8c0	[Info] update ack 66740, wnd 65535
1510425553.669	TcpBackend@0311a8c0	[Info] ack 59640, wnd 65535
1510425553.669	TcpBackend@0311a8c0	[Info] update cwnd 13
1510425553.669	TcpBackend@0311a8c0	[Info] send seq 76680 len 1420
1510425553.771	TcpBackend@0111a8c0	[Info] syn 66740, len 1420
1510425553.771	TcpBackend@0111a8c0	[Info] pop 1420 data from buffer
1510425553.771	TcpBackend@0111a8c0	[Info] update ack 68160, wnd 65535
1510425553.786	TcpBackend@0311a8c0	[Info] ack 61060, wnd 65535
1510425553.786	TcpBackend@0311a8c0	[Info] update cwnd 13
1510425553.786	TcpBackend@0311a8c0	[Info] send seq 78100 len 1420
1510425553.889	TcpBackend@0111a8c0	[Info] syn 68160, len 1420
1510425553.889	TcpBackend@0111a8c0	[Info] pop 1420 data from buffer
1510425553.889	TcpBackend@0111a8c0	[Info] update ack 69580, wnd 65535
1510425553.904	TcpBackend@0311a8c0	[Info] ack 62480, wnd 65535
1510425553.904	TcpBackend@0311a8c0	[Info] update cwnd 13
1510425553.904	TcpBackend@0311a8c0	[Info] push 4096 data to buffer
1510425553.905	TcpBackend@0311a8c0	[Info] send seq 79520 len 1420
1510425554.006	TcpBackend@0111a8c0	[Info] syn 69580, len 1420
1510425554.006	TcpBackend@0111a8c0	[Info] pop 1420 data from buffer
1510425554.006	TcpBackend@0111a8c0	[Info] update ack 71000, wnd 65535
1510425554.024	TcpBackend@0311a8c0	[Info] ack 63900, wnd 65535
1510425554.024	TcpBackend@0311a8c0	[Info] update cwnd 13
1510425554.024	TcpBackend@0311a8c0	[Info] send seq 80940 len 1420
1510425554.140	TcpBackend@0311a8c0	[Info] ack 65320, wnd 65535
1510425554.140	TcpBackend@0311a8c0	[Info] update cwnd 13
1510425554.140	TcpBackend@0311a8c0	[Info] send seq 82360 len 1420
1510425554.175	TcpBackend@0111a8c0	[Info] syn 72420, len 1420
1510425554.175	TcpBackend@0111a8c0	[Info] update ack 71000, wnd 65535
1510425554.258	TcpBackend@0311a8c0	[Info] ack 66740, wnd 65535
1510425554.258	TcpBackend@0311a8c0	[Info] update cwnd 13
1510425554.258	TcpBackend@0311a8c0	[Info] push 4096 data to buffer
1510425554.258	TcpBackend@0311a8c0	[Info] send seq 83780 len 1420
1510425554.293	TcpBackend@0111a8c0	[Info] syn 73840, len 1420
1510425554.293	TcpBackend@0111a8c0	[Info] update ack 71000, wnd 65535
1510425554.376	TcpBackend@0311a8c0	[Info] ack 68160, wnd 65535
1510425554.376	TcpBackend@0311a8c0	[Info] update cwnd 13
1510425554.376	TcpBackend@0311a8c0	[Info] send seq 85200 len 1420
1510425554.411	TcpBackend@0111a8c0	[Info] syn 75260, len 1420
1510425554.411	TcpBackend@0111a8c0	[Info] update ack 71000, wnd 65535
1510425554.494	TcpBackend@0311a8c0	[Info] ack 69580, wnd 65535
1510425554.494	TcpBackend@0311a8c0	[Info] update cwnd 13
1510425554.494	TcpBackend@0311a8c0	[Info] send seq 86620 len 1420
1510425554.530	TcpBackend@0111a8c0	[Info] syn 76680, len 1420
1510425554.530	TcpBackend@0111a8c0	[Info] update ack 71000, wnd 65535
1510425554.612	TcpBackend@0311a8c0	[Info] ack 71000, wnd 65535
1510425554.612	TcpBackend@0311a8c0	[Info] update cwnd 13
1510425554.612	TcpBackend@0311a8c0	[Info] push 4096 data to buffer
1510425554.612	TcpBackend@0311a8c0	[Info] send seq 88040 len 1420
1510425554.647	TcpBackend@0111a8c0	[Info] syn 78100, len 1420
1510425554.647	TcpBackend@0111a8c0	[Info] update ack 71000, wnd 65535
1510425554.765	TcpBackend@0111a8c0	[Info] syn 79520, len 1420
1510425554.765	TcpBackend@0111a8c0	[Info] update ack 71000, wnd 65535
1510425554.781	TcpBackend@0311a8c0	[Info] ack 71000, wnd 65535
1510425554.781	TcpBackend@0311a8c0	[Warn] dup ack
1510425554.886	TcpBackend@0111a8c0	[Info] syn 80940, len 1420
1510425554.886	TcpBackend@0111a8c0	[Info] update ack 71000, wnd 65535
1510425554.899	TcpBackend@0311a8c0	[Info] ack 71000, wnd 65535
1510425554.899	TcpBackend@0311a8c0	[Warn] dup ack
1510425555.006	TcpBackend@0111a8c0	[Info] syn 82360, len 1420
1510425555.006	TcpBackend@0111a8c0	[Info] update ack 71000, wnd 65535
1510425555.017	TcpBackend@0311a8c0	[Info] ack 71000, wnd 65535
1510425555.017	TcpBackend@0311a8c0	[Warn] dup ack
1510425555.017	TcpBackend@0311a8c0	[Info] fast resend
1510425555.017	TcpBackend@0311a8c0	[Info] congestion threshold 6
1510425555.017	TcpBackend@0311a8c0	[Info] resend 0
1510425555.017	TcpBackend@0311a8c0	[Info] send seq 71000 len 1420
1510425555.124	TcpBackend@0111a8c0	[Info] syn 83780, len 1420
1510425555.124	TcpBackend@0111a8c0	[Warn] tail exceeds
1510425555.135	TcpBackend@0311a8c0	[Info] ack 71000, wnd 65535
1510425555.135	TcpBackend@0311a8c0	[Warn] dup ack
1510425555.242	TcpBackend@0111a8c0	[Info] syn 85200, len 1420
1510425555.242	TcpBackend@0111a8c0	[Warn] tail exceeds
1510425555.252	TcpBackend@0311a8c0	[Info] ack 71000, wnd 65535
1510425555.252	TcpBackend@0311a8c0	[Warn] dup ack
1510425555.361	TcpBackend@0111a8c0	[Info] syn 86620, len 1420
1510425555.361	TcpBackend@0111a8c0	[Warn] tail exceeds
1510425555.370	TcpBackend@0311a8c0	[Info] ack 71000, wnd 65535
1510425555.370	TcpBackend@0311a8c0	[Warn] dup ack
1510425555.478	TcpBackend@0111a8c0	[Info] syn 88040, len 1420
1510425555.478	TcpBackend@0111a8c0	[Warn] tail exceeds
1510425555.492	TcpBackend@0311a8c0	[Info] ack 71000, wnd 65535
1510425555.492	TcpBackend@0311a8c0	[Warn] dup ack
1510425555.612	TcpBackend@0311a8c0	[Info] ack 71000, wnd 65535
1510425555.612	TcpBackend@0311a8c0	[Warn] dup ack
1510425555.730	TcpBackend@0311a8c0	[Info] ack 71000, wnd 65535
1510425555.730	TcpBackend@0311a8c0	[Warn] dup ack
1510425555.758	TcpBackend@0111a8c0	[Info] syn 71000, len 1420
1510425555.758	TcpBackend@0111a8c0	[Info] pop 4096 data from buffer
1510425555.758	TcpBackend@0111a8c0	[Info] update ack 83780, wnd 56851
1510425555.769	TcpBackend@0111a8c0	[Info] pop 4096 data from buffer
1510425555.779	TcpBackend@0111a8c0	[Info] pop 4096 data from buffer
1510425555.789	TcpBackend@0111a8c0	[Info] pop 492 data from buffer
1510425555.848	TcpBackend@0311a8c0	[Info] ack 71000, wnd 65535
1510425555.848	TcpBackend@0311a8c0	[Warn] dup ack
1510425555.967	TcpBackend@0311a8c0	[Info] ack 71000, wnd 65535
1510425555.967	TcpBackend@0311a8c0	[Warn] dup ack
1510425556.084	TcpBackend@0311a8c0	[Info] ack 71000, wnd 65535
1510425556.084	TcpBackend@0311a8c0	[Warn] dup ack
1510425556.364	TcpBackend@0311a8c0	[Info] ack 83780, wnd 56851
1510425556.364	TcpBackend@0311a8c0	[Info] update cwnd 2
1510425556.364	TcpBackend@0311a8c0	[Info] push 4096 data to buffer
1510425556.364	TcpBackend@0311a8c0	[Info] send seq 83780 len 1420
1510425556.364	TcpBackend@0311a8c0	[Info] send seq 85200 len 1420
1510425556.374	TcpBackend@0311a8c0	[Info] push 4096 data to buffer
1510425556.384	TcpBackend@0311a8c0	[Info] push 4096 data to buffer
1510425557.106	TcpBackend@0111a8c0	[Info] syn 83780, len 1420
1510425557.106	TcpBackend@0111a8c0	[Info] pop 1420 data from buffer
1510425557.106	TcpBackend@0111a8c0	[Info] update ack 85200, wnd 65535
1510425557.224	TcpBackend@0111a8c0	[Info] syn 85200, len 1420
1510425557.224	TcpBackend@0111a8c0	[Info] pop 1420 data from buffer
1510425557.224	TcpBackend@0111a8c0	[Info] update ack 86620, wnd 65535
1510425557.712	TcpBackend@0311a8c0	[Info] ack 85200, wnd 65535
1510425557.712	TcpBackend@0311a8c0	[Info] update cwnd 3
1510425557.712	TcpBackend@0311a8c0	[Info] send seq 86620 len 1420
1510425557.712	TcpBackend@0311a8c0	[Info] send seq 88040 len 1420
1510425557.830	TcpBackend@0311a8c0	[Info] ack 86620, wnd 65535
1510425557.830	TcpBackend@0311a8c0	[Info] update cwnd 4
1510425557.830	TcpBackend@0311a8c0	[Info] push 4096 data to buffer
1510425557.830	TcpBackend@0311a8c0	[Info] send seq 89460 len 1420
1510425557.830	TcpBackend@0311a8c0	[Info] send seq 90880 len 1420
1510425558.454	TcpBackend@0111a8c0	[Info] syn 86620, len 1420
1510425558.454	TcpBackend@0111a8c0	[Info] pop 1420 data from buffer
1510425558.454	TcpBackend@0111a8c0	[Info] update ack 88040, wnd 65535
1510425558.571	TcpBackend@0111a8c0	[Info] syn 88040, len 1420
1510425558.571	TcpBackend@0111a8c0	[Info] pop 1420 data from buffer
1510425558.571	TcpBackend@0111a8c0	[Info] update ack 89460, wnd 65535
1510425558.689	TcpBackend@0111a8c0	[Info] syn 89460, len 1420
1510425558.689	TcpBackend@0111a8c0	[Info] pop 1420 data from buffer
1510425558.689	TcpBackend@0111a8c0	[Info] update ack 90880, wnd 65535
1510425558.807	TcpBackend@0111a8c0	[Info] syn 90880, len 1420
1510425558.807	TcpBackend@0111a8c0	[Info] pop 1420 data from buffer
1510425558.807	TcpBackend@0111a8c0	[Info] update ack 92300, wnd 65535
1510425559.059	TcpBackend@0311a8c0	[Info] ack 88040, wnd 65535
1510425559.059	TcpBackend@0311a8c0	[Info] update cwnd 5
1510425559.059	TcpBackend@0311a8c0	[Info] send seq 92300 len 1420
1510425559.059	TcpBackend@0311a8c0	[Info] send seq 93720 len 1420
1510425559.177	TcpBackend@0311a8c0	[Info] ack 89460, wnd 65535
1510425559.177	TcpBackend@0311a8c0	[Info] update cwnd 6
1510425559.177	TcpBackend@0311a8c0	[Info] send seq 95140 len 1420
1510425559.177	TcpBackend@0311a8c0	[Info] send seq 96560 len 1420
1510425559.296	TcpBackend@0311a8c0	[Info] ack 90880, wnd 65535
1510425559.296	TcpBackend@0311a8c0	[Info] update cwnd 7
1510425559.296	TcpBackend@0311a8c0	[Info] push 4096 data to buffer
1510425559.296	TcpBackend@0311a8c0	[Info] send seq 97980 len 1420
1510425559.296	TcpBackend@0311a8c0	[Info] send seq 99400 len 1420
1510425559.413	TcpBackend@0311a8c0	[Info] ack 92300, wnd 65535
1510425559.413	TcpBackend@0311a8c0	[Info] update cwnd 8
1510425559.413	TcpBackend@0311a8c0	[Info] send seq 100820 len 1420
1510425559.413	TcpBackend@0311a8c0	[Info] send seq 102240 len 1420
1510425559.801	TcpBackend@0111a8c0	[Info] syn 92300, len 1420
1510425559.801	TcpBackend@0111a8c0	[Info] pop 1420 data from buffer
1510425559.801	TcpBackend@0111a8c0	[Info] update ack 93720, wnd 65535
1510425559.919	TcpBackend@0111a8c0	[Info] syn 93720, len 1420
1510425559.919	TcpBackend@0111a8c0	[Info] pop 1420 data from buffer
1510425559.920	TcpBackend@0111a8c0	[Info] update ack 95140, wnd 65535
1510425560.037	TcpBackend@0111a8c0	[Info] syn 95140, len 1420
1510425560.037	TcpBackend@0111a8c0	[Info] pop 1420 data from buffer
1510425560.037	TcpBackend@0111a8c0	[Info] update ack 96560, wnd 65535
1510425560.155	TcpBackend@0111a8c0	[Info] syn 96560, len 1420
1510425560.155	TcpBackend@0111a8c0	[Info] pop 1420 data from buffer
1510425560.155	TcpBackend@0111a8c0	[Info] update ack 97980, wnd 65535
1510425560.273	TcpBackend@0111a8c0	[Info] syn 97980, len 1420
1510425560.273	TcpBackend@0111a8c0	[Info] pop 1420 data from buffer
1510425560.273	TcpBackend@0111a8c0	[Info] update ack 99400, wnd 65535
1510425560.391	TcpBackend@0111a8c0	[Info] syn 99400, len 1420
1510425560.391	TcpBackend@0111a8c0	[Info] pop 1420 data from buffer
1510425560.391	TcpBackend@0111a8c0	[Info] update ack 100820, wnd 65535
1510425560.407	TcpBackend@0311a8c0	[Info] ack 93720, wnd 65535
1510425560.407	TcpBackend@0311a8c0	[Info] update cwnd 8
1510425560.407	TcpBackend@0311a8c0	[Info] send seq 103660 len 1420
1510425560.508	TcpBackend@0111a8c0	[Info] syn 100820, len 1420
1510425560.508	TcpBackend@0111a8c0	[Info] pop 1420 data from buffer
1510425560.508	TcpBackend@0111a8c0	[Info] update ack 102240, wnd 65535
1510425560.525	TcpBackend@0311a8c0	[Info] ack 95140, wnd 65535
1510425560.525	TcpBackend@0311a8c0	[Info] update cwnd 8
1510425560.525	TcpBackend@0311a8c0	[Info] push 4096 data to buffer
1510425560.525	TcpBackend@0311a8c0	[Info] send seq 105080 len 1420
1510425560.626	TcpBackend@0111a8c0	[Info] syn 102240, len 1420
1510425560.626	TcpBackend@0111a8c0	[Info] pop 1420 data from buffer
1510425560.626	TcpBackend@0111a8c0	[Info] update ack 103660, wnd 65535
1510425560.642	TcpBackend@0311a8c0	[Info] ack 96560, wnd 65535
1510425560.642	TcpBackend@0311a8c0	[Info] update cwnd 8
1510425560.642	TcpBackend@0311a8c0	[Info] send seq 106500 len 1420
1510425560.760	TcpBackend@0311a8c0	[Info] ack 97980, wnd 65535
1510425560.760	TcpBackend@0311a8c0	[Info] update cwnd 8
1510425560.760	TcpBackend@0311a8c0	[Info] send seq 107920 len 1420
1510425560.878	TcpBackend@0311a8c0	[Info] ack 99400, wnd 65535
1510425560.878	TcpBackend@0311a8c0	[Info] update cwnd 8
1510425560.878	TcpBackend@0311a8c0	[Info] push 4096 data to buffer
1510425560.878	TcpBackend@0311a8c0	[Info] send seq 109340 len 1420
1510425560.997	TcpBackend@0311a8c0	[Info] ack 100820, wnd 65535
1510425560.997	TcpBackend@0311a8c0	[Info] update cwnd 8
1510425560.997	TcpBackend@0311a8c0	[Info] send seq 110760 len 1420
1510425561.114	TcpBackend@0311a8c0	[Info] ack 102240, wnd 65535
1510425561.114	TcpBackend@0311a8c0	[Info] update cwnd 8
1510425561.114	TcpBackend@0311a8c0	[Info] send seq 112180 len 1420
1510425561.149	TcpBackend@0111a8c0	[Info] syn 103660, len 1420
1510425561.149	TcpBackend@0111a8c0	[Info] pop 1420 data from buffer
1510425561.149	TcpBackend@0111a8c0	[Info] update ack 105080, wnd 65535
1510425561.232	TcpBackend@0311a8c0	[Info] ack 103660, wnd 65535
1510425561.232	TcpBackend@0311a8c0	[Info] update cwnd 9
1510425561.232	TcpBackend@0311a8c0	[Info] push 4096 data to buffer
1510425561.232	TcpBackend@0311a8c0	[Info] send seq 113600 len 1420
1510425561.232	TcpBackend@0311a8c0	[Info] send seq 115020 len 1420
1510425561.268	TcpBackend@0111a8c0	[Info] syn 105080, len 1420
1510425561.268	TcpBackend@0111a8c0	[Info] pop 1420 data from buffer
1510425561.268	TcpBackend@0111a8c0	[Info] update ack 106500, wnd 65535
1510425561.385	TcpBackend@0111a8c0	[Info] syn 106500, len 1420
1510425561.385	TcpBackend@0111a8c0	[Info] pop 1420 data from buffer
1510425561.385	TcpBackend@0111a8c0	[Info] update ack 107920, wnd 65535
1510425561.503	TcpBackend@0111a8c0	[Info] syn 107920, len 1420
1510425561.503	TcpBackend@0111a8c0	[Info] pop 1420 data from buffer
1510425561.503	TcpBackend@0111a8c0	[Info] update ack 109340, wnd 65535
1510425561.621	TcpBackend@0111a8c0	[Info] syn 109340, len 1420
1510425561.621	TcpBackend@0111a8c0	[Info] pop 1420 data from buffer
1510425561.621	TcpBackend@0111a8c0	[Info] update ack 110760, wnd 65535
1510425561.739	TcpBackend@0111a8c0	[Info] syn 110760, len 1420
1510425561.739	TcpBackend@0111a8c0	[Info] pop 1420 data from buffer
1510425561.739	TcpBackend@0111a8c0	[Info] update ack 112180, wnd 65535
1510425561.755	TcpBackend@0311a8c0	[Info] ack 105080, wnd 65535
1510425561.755	TcpBackend@0311a8c0	[Info] update cwnd 9
1510425561.755	TcpBackend@0311a8c0	[Info] send seq 116440 len 1420
1510425561.857	TcpBackend@0111a8c0	[Info] syn 112180, len 1420
1510425561.857	TcpBackend@0111a8c0	[Info] pop 1420 data from buffer
1510425561.857	TcpBackend@0111a8c0	[Info] update ack 113600, wnd 65535
1510425561.873	TcpBackend@0311a8c0	[Info] ack 106500, wnd 65535
1510425561.873	TcpBackend@0311a8c0	[Info] update cwnd 9
1510425561.873	TcpBackend@0311a8c0	[Info] push 4096 data to buffer
1510425561.873	TcpBackend@0311a8c0	[Info] send seq 117860 len 1420
1510425561.975	TcpBackend@0111a8c0	[Info] syn 113600, len 1420
1510425561.975	TcpBackend@0111a8c0	[Info] pop 1420 data from buffer
1510425561.975	TcpBackend@0111a8c0	[Info] update ack 115020, wnd 65535
1510425561.991	TcpBackend@0311a8c0	[Info] ack 107920, wnd 65535
1510425561.991	TcpBackend@0311a8c0	[Info] update cwnd 9
1510425561.991	TcpBackend@0311a8c0	[Info] send seq 119280 len 1420
1510425562.092	TcpBackend@0111a8c0	[Info] syn 115020, len 1420
1510425562.092	TcpBackend@0111a8c0	[Info] pop 1420 data from buffer
1510425562.092	TcpBackend@0111a8c0	[Info] update ack 116440, wnd 65535
1510425562.109	TcpBackend@0311a8c0	[Info] ack 109340, wnd 65535
1510425562.109	TcpBackend@0311a8c0	[Info] update cwnd 9
1510425562.109	TcpBackend@0311a8c0	[Info] send seq 120700 len 1420
1510425562.230	TcpBackend@0311a8c0	[Info] ack 110760, wnd 65535
1510425562.230	TcpBackend@0311a8c0	[Info] update cwnd 9
1510425562.230	TcpBackend@0311a8c0	[Info] push 4096 data to buffer
1510425562.230	TcpBackend@0311a8c0	[Info] send seq 122120 len 1420
1510425562.345	TcpBackend@0311a8c0	[Info] ack 112180, wnd 65535
1510425562.345	TcpBackend@0311a8c0	[Info] update cwnd 9
1510425562.345	TcpBackend@0311a8c0	[Info] send seq 123540 len 1420
1510425562.463	TcpBackend@0311a8c0	[Info] ack 113600, wnd 65535
1510425562.463	TcpBackend@0311a8c0	[Info] update cwnd 9
1510425562.463	TcpBackend@0311a8c0	[Info] send seq 124960 len 1420
1510425562.497	TcpBackend@0111a8c0	[Info] syn 116440, len 1420
1510425562.497	TcpBackend@0111a8c0	[Info] pop 1420 data from buffer
1510425562.497	TcpBackend@0111a8c0	[Info] update ack 117860, wnd 65535
1510425562.581	TcpBackend@0311a8c0	[Info] ack 115020, wnd 65535
1510425562.581	TcpBackend@0311a8c0	[Info] update cwnd 9
1510425562.581	TcpBackend@0311a8c0	[Info] push 4096 data to buffer
1510425562.581	TcpBackend@0311a8c0	[Info] send seq 126380 len 1420
1510425562.615	TcpBackend@0111a8c0	[Info] syn 117860, len 1420
1510425562.615	TcpBackend@0111a8c0	[Info] pop 1420 data from buffer
1510425562.615	TcpBackend@0111a8c0	[Info] update ack 119280, wnd 65535
1510425562.698	TcpBackend@0311a8c0	[Info] ack 116440, wnd 65535
1510425562.698	TcpBackend@0311a8c0	[Info] update cwnd 10
1510425562.698	TcpBackend@0311a8c0	[Info] send seq 127800 len 1420
1510425562.698	TcpBackend@0311a8c0	[Info] send seq 129220 len 1420
1510425562.734	TcpBackend@0111a8c0	[Info] syn 119280, len 1420
1510425562.734	TcpBackend@0111a8c0	[Info] pop 1420 data from buffer
1510425562.734	TcpBackend@0111a8c0	[Info] update ack 120700, wnd 65535
1510425562.851	TcpBackend@0111a8c0	[Info] syn 120700, len 1420
1510425562.851	TcpBackend@0111a8c0	[Info] pop 1420 data from buffer
1510425562.851	TcpBackend@0111a8c0	[Info] update ack 122120, wnd 65535
1510425562.972	TcpBackend@0111a8c0	[Info] syn 122120, len 1420
1510425562.972	TcpBackend@0111a8c0	[Info] pop 1420 data from buffer
1510425562.972	TcpBackend@0111a8c0	[Info] update ack 123540, wnd 65535
1510425563.090	TcpBackend@0111a8c0	[Info] syn 123540, len 1420
1510425563.090	TcpBackend@0111a8c0	[Info] pop 1420 data from buffer
1510425563.090	TcpBackend@0111a8c0	[Info] update ack 124960, wnd 65535
1510425563.102	TcpBackend@0311a8c0	[Info] ack 117860, wnd 65535
1510425563.102	TcpBackend@0311a8c0	[Info] update cwnd 10
1510425563.102	TcpBackend@0311a8c0	[Info] send seq 130640 len 1420
1510425563.208	TcpBackend@0111a8c0	[Info] syn 124960, len 1420
1510425563.208	TcpBackend@0111a8c0	[Info] pop 1420 data from buffer
1510425563.208	TcpBackend@0111a8c0	[Info] update ack 126380, wnd 65535
1510425563.221	TcpBackend@0311a8c0	[Info] ack 119280, wnd 65535
1510425563.221	TcpBackend@0311a8c0	[Info] update cwnd 10
1510425563.221	TcpBackend@0311a8c0	[Info] push 4096 data to buffer
1510425563.221	TcpBackend@0311a8c0	[Info] send seq 132060 len 1420
1510425563.326	TcpBackend@0111a8c0	[Info] syn 126380, len 1420
1510425563.326	TcpBackend@0111a8c0	[Info] pop 1420 data from buffer
1510425563.326	TcpBackend@0111a8c0	[Info] update ack 127800, wnd 65535
1510425563.339	TcpBackend@0311a8c0	[Info] ack 120700, wnd 65535
1510425563.339	TcpBackend@0311a8c0	[Info] update cwnd 10
1510425563.339	TcpBackend@0311a8c0	[Info] send seq 133480 len 1420
1510425563.444	TcpBackend@0111a8c0	[Info] syn 127800, len 1420
1510425563.444	TcpBackend@0111a8c0	[Info] pop 1420 data from buffer
1510425563.444	TcpBackend@0111a8c0	[Info] update ack 129220, wnd 65535
1510425563.457	TcpBackend@0311a8c0	[Info] ack 122120, wnd 65535
1510425563.457	TcpBackend@0311a8c0	[Info] update cwnd 10
1510425563.457	TcpBackend@0311a8c0	[Info] send seq 134900 len 1420
1510425563.562	TcpBackend@0111a8c0	[Info] syn 129220, len 1420
1510425563.562	TcpBackend@0111a8c0	[Info] pop 1420 data from buffer
1510425563.562	TcpBackend@0111a8c0	[Info] update ack 130640, wnd 65535
1510425563.578	TcpBackend@0311a8c0	[Info] ack 123540, wnd 65535
1510425563.578	TcpBackend@0311a8c0	[Info] update cwnd 10
1510425563.578	TcpBackend@0311a8c0	[Info] push 4096 data to buffer
1510425563.578	TcpBackend@0311a8c0	[Info] send seq 136320 len 1420
1510425563.696	TcpBackend@0311a8c0	[Info] ack 124960, wnd 65535
1510425563.696	TcpBackend@0311a8c0	[Info] update cwnd 10
1510425563.696	TcpBackend@0311a8c0	[Info] send seq 137740 len 1420
1510425563.814	TcpBackend@0311a8c0	[Info] ack 126380, wnd 65535
1510425563.814	TcpBackend@0311a8c0	[Info] update cwnd 10
1510425563.814	TcpBackend@0311a8c0	[Info] send seq 139160 len 1420
1510425563.844	TcpBackend@0111a8c0	[Info] syn 130640, len 1420
1510425563.844	TcpBackend@0111a8c0	[Info] pop 1420 data from buffer
1510425563.844	TcpBackend@0111a8c0	[Info] update ack 132060, wnd 65535
1510425563.931	TcpBackend@0311a8c0	[Info] ack 127800, wnd 65535
1510425563.931	TcpBackend@0311a8c0	[Info] update cwnd 10
1510425563.931	TcpBackend@0311a8c0	[Info] push 4096 data to buffer
1510425563.932	TcpBackend@0311a8c0	[Info] send seq 140580 len 1420
1510425563.963	TcpBackend@0111a8c0	[Info] syn 132060, len 1420
1510425563.963	TcpBackend@0111a8c0	[Info] pop 1420 data from buffer
1510425563.963	TcpBackend@0111a8c0	[Info] update ack 133480, wnd 65535
1510425564.050	TcpBackend@0311a8c0	[Info] ack 129220, wnd 65535
1510425564.050	TcpBackend@0311a8c0	[Info] update cwnd 10
1510425564.050	TcpBackend@0311a8c0	[Info] send seq 142000 len 1420
1510425564.081	TcpBackend@0111a8c0	[Info] syn 133480, len 1420
1510425564.081	TcpBackend@0111a8c0	[Info] pop 1420 data from buffer
1510425564.081	TcpBackend@0111a8c0	[Info] update ack 134900, wnd 65535
1510425564.167	TcpBackend@0311a8c0	[Info] ack 130640, wnd 65535
1510425564.167	TcpBackend@0311a8c0	[Info] update cwnd 11
1510425564.167	TcpBackend@0311a8c0	[Info] send seq 143420 len 1420
1510425564.167	TcpBackend@0311a8c0	[Info] send seq 144840 len 1420
1510425564.199	TcpBackend@0111a8c0	[Info] syn 134900, len 1420
1510425564.199	TcpBackend@0111a8c0	[Info] pop 1420 data from buffer
1510425564.199	TcpBackend@0111a8c0	[Info] update ack 136320, wnd 65535
1510425564.320	TcpBackend@0111a8c0	[Info] syn 136320, len 1420
1510425564.320	TcpBackend@0111a8c0	[Info] pop 1420 data from buffer
1510425564.320	TcpBackend@0111a8c0	[Info] update ack 137740, wnd 65535
1510425564.442	TcpBackend@0111a8c0	[Info] syn 137740, len 1420
1510425564.442	TcpBackend@0111a8c0	[Info] pop 1420 data from buffer
1510425564.442	TcpBackend@0111a8c0	[Info] update ack 139160, wnd 65535
1510425564.454	TcpBackend@0311a8c0	[Info] ack 132060, wnd 65535
1510425564.454	TcpBackend@0311a8c0	[Info] update cwnd 11
1510425564.454	TcpBackend@0311a8c0	[Info] push 4096 data to buffer
1510425564.454	TcpBackend@0311a8c0	[Info] send seq 146260 len 1420
1510425564.560	TcpBackend@0111a8c0	[Info] syn 139160, len 1420
1510425564.560	TcpBackend@0111a8c0	[Info] pop 1420 data from buffer
1510425564.560	TcpBackend@0111a8c0	[Info] update ack 140580, wnd 65535
1510425564.568	TcpBackend@0311a8c0	[Info] ack 133480, wnd 65535
1510425564.568	TcpBackend@0311a8c0	[Info] update cwnd 11
1510425564.568	TcpBackend@0311a8c0	[Info] send seq 147680 len 1420
1510425564.678	TcpBackend@0111a8c0	[Info] syn 140580, len 1420
1510425564.678	TcpBackend@0111a8c0	[Info] pop 1420 data from buffer
1510425564.678	TcpBackend@0111a8c0	[Info] update ack 142000, wnd 65535
1510425564.687	TcpBackend@0311a8c0	[Info] ack 134900, wnd 65535
1510425564.687	TcpBackend@0311a8c0	[Info] update cwnd 11
1510425564.687	TcpBackend@0311a8c0	[Info] send seq 149100 len 1420
1510425564.796	TcpBackend@0111a8c0	[Info] syn 142000, len 1420
1510425564.796	TcpBackend@0111a8c0	[Info] pop 1420 data from buffer
1510425564.796	TcpBackend@0111a8c0	[Info] update ack 143420, wnd 65535
1510425564.805	TcpBackend@0311a8c0	[Info] ack 136320, wnd 65535
1510425564.805	TcpBackend@0311a8c0	[Info] update cwnd 11
1510425564.805	TcpBackend@0311a8c0	[Info] push 4096 data to buffer
1510425564.805	TcpBackend@0311a8c0	[Info] send seq 150520 len 1420
1510425564.914	TcpBackend@0111a8c0	[Info] syn 143420, len 1420
1510425564.914	TcpBackend@0111a8c0	[Info] pop 1420 data from buffer
1510425564.914	TcpBackend@0111a8c0	[Info] update ack 144840, wnd 65535
1510425564.925	TcpBackend@0311a8c0	[Info] ack 137740, wnd 65535
1510425564.925	TcpBackend@0311a8c0	[Info] update cwnd 11
1510425564.925	TcpBackend@0311a8c0	[Info] send seq 151940 len 1420
1510425565.032	TcpBackend@0111a8c0	[Info] syn 144840, len 1420
1510425565.032	TcpBackend@0111a8c0	[Info] pop 1420 data from buffer
1510425565.032	TcpBackend@0111a8c0	[Info] update ack 146260, wnd 65535
1510425565.048	TcpBackend@0311a8c0	[Info] ack 139160, wnd 65535
1510425565.048	TcpBackend@0311a8c0	[Info] update cwnd 11
1510425565.048	TcpBackend@0311a8c0	[Info] send seq 153360 len 1420
1510425565.166	TcpBackend@0311a8c0	[Info] ack 140580, wnd 65535
1510425565.166	TcpBackend@0311a8c0	[Info] update cwnd 11
1510425565.166	TcpBackend@0311a8c0	[Info] push 4096 data to buffer
1510425565.166	TcpBackend@0311a8c0	[Info] send seq 154780 len 1420
1510425565.195	TcpBackend@0111a8c0	[Info] syn 146260, len 1420
1510425565.195	TcpBackend@0111a8c0	[Info] pop 1420 data from buffer
1510425565.195	TcpBackend@0111a8c0	[Info] update ack 147680, wnd 65535
1510425565.283	TcpBackend@0311a8c0	[Info] ack 142000, wnd 65535
1510425565.283	TcpBackend@0311a8c0	[Info] update cwnd 11
1510425565.283	TcpBackend@0311a8c0	[Info] send seq 156200 len 1420
1510425565.314	TcpBackend@0111a8c0	[Info] syn 147680, len 1420
1510425565.314	TcpBackend@0111a8c0	[Info] pop 1420 data from buffer
1510425565.314	TcpBackend@0111a8c0	[Info] update ack 149100, wnd 65535
1510425565.401	TcpBackend@0311a8c0	[Info] ack 143420, wnd 65535
1510425565.401	TcpBackend@0311a8c0	[Info] update cwnd 11
1510425565.401	TcpBackend@0311a8c0	[Info] push 4096 data to buffer
1510425565.401	TcpBackend@0311a8c0	[Info] send seq 157620 len 1420
1510425565.431	TcpBackend@0111a8c0	[Info] syn 149100, len 1420
1510425565.431	TcpBackend@0111a8c0	[Info] pop 1420 data from buffer
1510425565.431	TcpBackend@0111a8c0	[Info] update ack 150520, wnd 65535
1510425565.520	TcpBackend@0311a8c0	[Info] ack 144840, wnd 65535
1510425565.520	TcpBackend@0311a8c0	[Info] update cwnd 11
1510425565.520	TcpBackend@0311a8c0	[Info] send seq 159040 len 1420
1510425565.549	TcpBackend@0111a8c0	[Info] syn 150520, len 1420
1510425565.549	TcpBackend@0111a8c0	[Info] pop 1420 data from buffer
1510425565.549	TcpBackend@0111a8c0	[Info] update ack 151940, wnd 65535
1510425565.637	TcpBackend@0311a8c0	[Info] ack 146260, wnd 65535
1510425565.637	TcpBackend@0311a8c0	[Info] update cwnd 12
1510425565.637	TcpBackend@0311a8c0	[Info] send seq 160460 len 1420
1510425565.637	TcpBackend@0311a8c0	[Info] send seq 161880 len 1420
1510425565.670	TcpBackend@0111a8c0	[Info] syn 151940, len 1420
1510425565.670	TcpBackend@0111a8c0	[Info] pop 1420 data from buffer
1510425565.670	TcpBackend@0111a8c0	[Info] update ack 153360, wnd 65535
1510425565.790	TcpBackend@0111a8c0	[Info] syn 153360, len 1420
1510425565.790	TcpBackend@0111a8c0	[Info] pop 1420 data from buffer
1510425565.790	TcpBackend@0111a8c0	[Info] update ack 154780, wnd 65535
1510425565.801	TcpBackend@0311a8c0	[Info] ack 147680, wnd 65535
1510425565.801	TcpBackend@0311a8c0	[Info] update cwnd 12
1510425565.801	TcpBackend@0311a8c0	[Info] push 4096 data to buffer
1510425565.801	TcpBackend@0311a8c0	[Info] send seq 163300 len 1420
1510425565.911	TcpBackend@0111a8c0	[Info] syn 154780, len 1420
1510425565.911	TcpBackend@0111a8c0	[Info] pop 1420 data from buffer
1510425565.911	TcpBackend@0111a8c0	[Info] update ack 156200, wnd 65535
1510425565.920	TcpBackend@0311a8c0	[Info] ack 149100, wnd 65535
1510425565.920	TcpBackend@0311a8c0	[Info] update cwnd 12
1510425565.920	TcpBackend@0311a8c0	[Info] send seq 164720 len 1420
1510425566.029	TcpBackend@0111a8c0	[Info] syn 156200, len 1420
1510425566.029	TcpBackend@0111a8c0	[Info] pop 1420 data from buffer
1510425566.029	TcpBackend@0111a8c0	[Info] update ack 157620, wnd 65535
1510425566.037	TcpBackend@0311a8c0	[Info] ack 150520, wnd 65535
1510425566.037	TcpBackend@0311a8c0	[Info] update cwnd 12
1510425566.037	TcpBackend@0311a8c0	[Info] send seq 166140 len 1420
1510425566.147	TcpBackend@0111a8c0	[Info] syn 157620, len 1420
1510425566.147	TcpBackend@0111a8c0	[Info] pop 1420 data from buffer
1510425566.147	TcpBackend@0111a8c0	[Info] update ack 159040, wnd 65535
1510425566.156	TcpBackend@0311a8c0	[Info] ack 151940, wnd 65535
1510425566.156	TcpBackend@0311a8c0	[Info] update cwnd 12
1510425566.156	TcpBackend@0311a8c0	[Info] push 4096 data to buffer
1510425566.156	TcpBackend@0311a8c0	[Info] send seq 167560 len 1420
1510425566.265	TcpBackend@0111a8c0	[Info] syn 159040, len 1420
1510425566.265	TcpBackend@0111a8c0	[Info] pop 1420 data from buffer
1510425566.265	TcpBackend@0111a8c0	[Info] update ack 160460, wnd 65535
1510425566.276	TcpBackend@0311a8c0	[Info] ack 153360, wnd 65535
1510425566.276	TcpBackend@0311a8c0	[Info] update cwnd 12
1510425566.276	TcpBackend@0311a8c0	[Info] send seq 168980 len 1420
1510425566.382	TcpBackend@0111a8c0	[Info] syn 160460, len 1420
1510425566.382	TcpBackend@0111a8c0	[Info] pop 1420 data from buffer
1510425566.382	TcpBackend@0111a8c0	[Info] update ack 161880, wnd 65535
1510425566.396	TcpBackend@0311a8c0	[Info] ack 154780, wnd 65535
1510425566.396	TcpBackend@0311a8c0	[Info] update cwnd 12
1510425566.396	TcpBackend@0311a8c0	[Info] send seq 170400 len 1420
1510425566.501	TcpBackend@0111a8c0	[Info] syn 161880, len 1420
1510425566.501	TcpBackend@0111a8c0	[Info] pop 1420 data from buffer
1510425566.501	TcpBackend@0111a8c0	[Info] update ack 163300, wnd 65535
1510425566.517	TcpBackend@0311a8c0	[Info] ack 156200, wnd 65535
1510425566.517	TcpBackend@0311a8c0	[Info] update cwnd 12
1510425566.517	TcpBackend@0311a8c0	[Info] push 4096 data to buffer
1510425566.517	TcpBackend@0311a8c0	[Info] send seq 171820 len 1420
1510425566.618	TcpBackend@0111a8c0	[Info] syn 163300, len 1420
1510425566.618	TcpBackend@0111a8c0	[Info] pop 1420 data from buffer
1510425566.618	TcpBackend@0111a8c0	[Info] update ack 164720, wnd 65535
1510425566.634	TcpBackend@0311a8c0	[Info] ack 157620, wnd 65535
1510425566.634	TcpBackend@0311a8c0	[Info] update cwnd 12
1510425566.634	TcpBackend@0311a8c0	[Info] send seq 173240 len 1420
1510425566.736	TcpBackend@0111a8c0	[Info] syn 164720, len 1420
1510425566.736	TcpBackend@0111a8c0	[Info] pop 1420 data from buffer
1510425566.736	TcpBackend@0111a8c0	[Info] update ack 166140, wnd 65535
1510425566.752	TcpBackend@0311a8c0	[Info] ack 159040, wnd 65535
1510425566.752	TcpBackend@0311a8c0	[Info] update cwnd 12
1510425566.752	TcpBackend@0311a8c0	[Info] send seq 174660 len 1420
1510425566.858	TcpBackend@0111a8c0	[Info] syn 166140, len 1420
1510425566.858	TcpBackend@0111a8c0	[Info] pop 1420 data from buffer
1510425566.858	TcpBackend@0111a8c0	[Info] update ack 167560, wnd 65535
1510425566.870	TcpBackend@0311a8c0	[Info] ack 160460, wnd 65535
1510425566.870	TcpBackend@0311a8c0	[Info] update cwnd 12
1510425566.870	TcpBackend@0311a8c0	[Info] push 4096 data to buffer
1510425566.870	TcpBackend@0311a8c0	[Info] send seq 176080 len 1420
1510425566.985	TcpBackend@0111a8c0	[Info] syn 167560, len 1420
1510425566.985	TcpBackend@0111a8c0	[Info] pop 1420 data from buffer
1510425566.985	TcpBackend@0111a8c0	[Info] update ack 168980, wnd 65535
1510425566.988	TcpBackend@0311a8c0	[Info] ack 161880, wnd 65535
1510425566.988	TcpBackend@0311a8c0	[Info] update cwnd 12
1510425566.988	TcpBackend@0311a8c0	[Info] send seq 177500 len 1420
1510425567.109	TcpBackend@0311a8c0	[Info] ack 163300, wnd 65535
1510425567.109	TcpBackend@0311a8c0	[Info] update cwnd 13
1510425567.109	TcpBackend@0311a8c0	[Info] send seq 178920 len 1420
1510425567.109	TcpBackend@0311a8c0	[Info] send seq 180340 len 1420
1510425567.109	TcpBackend@0111a8c0	[Info] syn 168980, len 1420
1510425567.109	TcpBackend@0111a8c0	[Info] pop 1420 data from buffer
1510425567.109	TcpBackend@0111a8c0	[Info] update ack 170400, wnd 65535
1510425567.224	TcpBackend@0311a8c0	[Info] ack 164720, wnd 65535
1510425567.224	TcpBackend@0311a8c0	[Info] update cwnd 13
1510425567.224	TcpBackend@0311a8c0	[Info] push 4096 data to buffer
1510425567.224	TcpBackend@0311a8c0	[Info] send seq 181760 len 1420
1510425567.229	TcpBackend@0111a8c0	[Info] syn 170400, len 1420
1510425567.229	TcpBackend@0111a8c0	[Info] pop 1420 data from buffer
1510425567.229	TcpBackend@0111a8c0	[Info] update ack 171820, wnd 65535
1510425567.342	TcpBackend@0311a8c0	[Info] ack 166140, wnd 65535
1510425567.342	TcpBackend@0311a8c0	[Info] update cwnd 13
1510425567.342	TcpBackend@0311a8c0	[Info] send seq 183180 len 1420
1510425567.348	TcpBackend@0111a8c0	[Info] syn 171820, len 1420
1510425567.348	TcpBackend@0111a8c0	[Info] pop 1420 data from buffer
1510425567.348	TcpBackend@0111a8c0	[Info] update ack 173240, wnd 65535
1510425567.464	TcpBackend@0311a8c0	[Info] ack 167560, wnd 65535
1510425567.464	TcpBackend@0311a8c0	[Info] update cwnd 13
1510425567.464	TcpBackend@0311a8c0	[Info] send seq 184600 len 1420
1510425567.469	TcpBackend@0111a8c0	[Info] syn 173240, len 1420
1510425567.469	TcpBackend@0111a8c0	[Info] pop 1420 data from buffer
1510425567.469	TcpBackend@0111a8c0	[Info] update ack 174660, wnd 65535
1510425567.587	TcpBackend@0111a8c0	[Info] syn 174660, len 1420
1510425567.587	TcpBackend@0111a8c0	[Info] pop 1420 data from buffer
1510425567.587	TcpBackend@0111a8c0	[Info] update ack 176080, wnd 65535
1510425567.591	TcpBackend@0311a8c0	[Info] ack 168980, wnd 65535
1510425567.591	TcpBackend@0311a8c0	[Info] update cwnd 13
1510425567.591	TcpBackend@0311a8c0	[Info] push 4096 data to buffer
1510425567.591	TcpBackend@0311a8c0	[Info] send seq 186020 len 1420
1510425567.705	TcpBackend@0111a8c0	[Info] syn 176080, len 1420
1510425567.705	TcpBackend@0111a8c0	[Info] pop 1420 data from buffer
1510425567.705	TcpBackend@0111a8c0	[Info] update ack 177500, wnd 65535
1510425567.715	TcpBackend@0311a8c0	[Info] ack 170400, wnd 65535
1510425567.715	TcpBackend@0311a8c0	[Info] update cwnd 13
1510425567.715	TcpBackend@0311a8c0	[Info] send seq 187440 len 1420
1510425567.823	TcpBackend@0111a8c0	[Info] syn 177500, len 1420
1510425567.823	TcpBackend@0111a8c0	[Info] pop 1420 data from buffer
1510425567.823	TcpBackend@0111a8c0	[Info] update ack 178920, wnd 65535
1510425567.835	TcpBackend@0311a8c0	[Info] ack 171820, wnd 65535
1510425567.835	TcpBackend@0311a8c0	[Info] update cwnd 13
1510425567.835	TcpBackend@0311a8c0	[Info] send seq 188860 len 1420
1510425567.941	TcpBackend@0111a8c0	[Info] syn 178920, len 1420
1510425567.941	TcpBackend@0111a8c0	[Info] pop 1420 data from buffer
1510425567.941	TcpBackend@0111a8c0	[Info] update ack 180340, wnd 65535
1510425567.953	TcpBackend@0311a8c0	[Info] ack 173240, wnd 65535
1510425567.953	TcpBackend@0311a8c0	[Info] update cwnd 13
1510425567.953	TcpBackend@0311a8c0	[Info] push 4096 data to buffer
1510425567.953	TcpBackend@0311a8c0	[Info] send seq 190280 len 1420
1510425568.059	TcpBackend@0111a8c0	[Info] syn 180340, len 1420
1510425568.059	TcpBackend@0111a8c0	[Info] pop 1420 data from buffer
1510425568.059	TcpBackend@0111a8c0	[Info] update ack 181760, wnd 65535
1510425568.075	TcpBackend@0311a8c0	[Info] ack 174660, wnd 65535
1510425568.075	TcpBackend@0311a8c0	[Info] update cwnd 13
1510425568.075	TcpBackend@0311a8c0	[Info] send seq 191700 len 1420
1510425568.176	TcpBackend@0111a8c0	[Info] syn 181760, len 1420
1510425568.176	TcpBackend@0111a8c0	[Info] pop 1420 data from buffer
1510425568.177	TcpBackend@0111a8c0	[Info] update ack 183180, wnd 65535
1510425568.193	TcpBackend@0311a8c0	[Info] ack 176080, wnd 65535
1510425568.193	TcpBackend@0311a8c0	[Info] update cwnd 13
1510425568.193	TcpBackend@0311a8c0	[Info] send seq 193120 len 1420
1510425568.294	TcpBackend@0111a8c0	[Info] syn 183180, len 1420
1510425568.294	TcpBackend@0111a8c0	[Info] pop 1420 data from buffer
1510425568.294	TcpBackend@0111a8c0	[Info] update ack 184600, wnd 65535
1510425568.310	TcpBackend@0311a8c0	[Info] ack 177500, wnd 65535
1510425568.310	TcpBackend@0311a8c0	[Info] update cwnd 13
1510425568.310	TcpBackend@0311a8c0	[Info] push 4096 data to buffer
1510425568.310	TcpBackend@0311a8c0	[Info] send seq 194540 len 1420
1510425568.412	TcpBackend@0111a8c0	[Info] syn 184600, len 1420
1510425568.412	TcpBackend@0111a8c0	[Info] pop 1420 data from buffer
1510425568.413	TcpBackend@0111a8c0	[Info] update ack 186020, wnd 65535
1510425568.429	TcpBackend@0311a8c0	[Info] ack 178920, wnd 65535
1510425568.429	TcpBackend@0311a8c0	[Info] update cwnd 13
1510425568.429	TcpBackend@0311a8c0	[Info] send seq 195960 len 1420
1510425568.530	TcpBackend@0111a8c0	[Info] syn 186020, len 1420
1510425568.530	TcpBackend@0111a8c0	[Info] pop 1420 data from buffer
1510425568.530	TcpBackend@0111a8c0	[Info] update ack 187440, wnd 65535
1510425568.546	TcpBackend@0311a8c0	[Info] ack 180340, wnd 65535
1510425568.546	TcpBackend@0311a8c0	[Info] update cwnd 13
1510425568.546	TcpBackend@0311a8c0	[Info] push 4096 data to buffer
1510425568.546	TcpBackend@0311a8c0	[Info] send seq 197380 len 1420
1510425568.648	TcpBackend@0111a8c0	[Info] syn 187440, len 1420
1510425568.648	TcpBackend@0111a8c0	[Info] pop 1420 data from buffer
1510425568.648	TcpBackend@0111a8c0	[Info] update ack 188860, wnd 65535
1510425568.665	TcpBackend@0311a8c0	[Info] ack 181760, wnd 65535
1510425568.665	TcpBackend@0311a8c0	[Info] update cwnd 14
1510425568.665	TcpBackend@0311a8c0	[Info] send seq 198800 len 1420
1510425568.665	TcpBackend@0311a8c0	[Info] send seq 200220 len 1420
1510425568.766	TcpBackend@0111a8c0	[Info] syn 188860, len 1420
1510425568.766	TcpBackend@0111a8c0	[Info] pop 1420 data from buffer
1510425568.766	TcpBackend@0111a8c0	[Info] update ack 190280, wnd 65535
1510425568.782	TcpBackend@0311a8c0	[Info] ack 183180, wnd 65535
1510425568.782	TcpBackend@0311a8c0	[Info] update cwnd 14
1510425568.782	TcpBackend@0311a8c0	[Info] send seq 201640 len 1420
1510425568.884	TcpBackend@0111a8c0	[Info] syn 190280, len 1420
1510425568.884	TcpBackend@0111a8c0	[Info] pop 1420 data from buffer
1510425568.884	TcpBackend@0111a8c0	[Info] update ack 191700, wnd 65535
1510425568.900	TcpBackend@0311a8c0	[Info] ack 184600, wnd 65535
1510425568.900	TcpBackend@0311a8c0	[Info] update cwnd 14
1510425568.900	TcpBackend@0311a8c0	[Info] push 4096 data to buffer
1510425568.900	TcpBackend@0311a8c0	[Info] send seq 203060 len 1420
1510425569.002	TcpBackend@0111a8c0	[Info] syn 191700, len 1420
1510425569.002	TcpBackend@0111a8c0	[Info] pop 1420 data from buffer
1510425569.002	TcpBackend@0111a8c0	[Info] update ack 193120, wnd 65535
1510425569.018	TcpBackend@0311a8c0	[Info] ack 186020, wnd 65535
1510425569.018	TcpBackend@0311a8c0	[Info] update cwnd 14
1510425569.018	TcpBackend@0311a8c0	[Info] send seq 204480 len 1420
1510425569.120	TcpBackend@0111a8c0	[Info] syn 193120, len 1420
1510425569.120	TcpBackend@0111a8c0	[Info] pop 1420 data from buffer
1510425569.120	TcpBackend@0111a8c0	[Info] update ack 194540, wnd 65535
1510425569.137	TcpBackend@0311a8c0	[Info] ack 187440, wnd 65535
1510425569.137	TcpBackend@0311a8c0	[Info] update cwnd 14
1510425569.137	TcpBackend@0311a8c0	[Info] send seq 205900 len 1420
1510425569.238	TcpBackend@0111a8c0	[Info] syn 194540, len 1420
1510425569.238	TcpBackend@0111a8c0	[Info] pop 1420 data from buffer
1510425569.238	TcpBackend@0111a8c0	[Info] update ack 195960, wnd 65535
1510425569.254	TcpBackend@0311a8c0	[Info] ack 188860, wnd 65535
1510425569.254	TcpBackend@0311a8c0	[Info] update cwnd 14
1510425569.254	TcpBackend@0311a8c0	[Info] push 4096 data to buffer
1510425569.254	TcpBackend@0311a8c0	[Info] send seq 207320 len 1420
1510425569.356	TcpBackend@0111a8c0	[Info] syn 195960, len 1420
1510425569.356	TcpBackend@0111a8c0	[Info] pop 1420 data from buffer
1510425569.356	TcpBackend@0111a8c0	[Info] update ack 197380, wnd 65535
1510425569.372	TcpBackend@0311a8c0	[Info] ack 190280, wnd 65535
1510425569.372	TcpBackend@0311a8c0	[Info] update cwnd 14
1510425569.372	TcpBackend@0311a8c0	[Info] send seq 208740 len 1420
1510425569.474	TcpBackend@0111a8c0	[Info] syn 197380, len 1420
1510425569.474	TcpBackend@0111a8c0	[Info] pop 1420 data from buffer
1510425569.474	TcpBackend@0111a8c0	[Info] update ack 198800, wnd 65535
1510425569.490	TcpBackend@0311a8c0	[Info] ack 191700, wnd 65535
1510425569.490	TcpBackend@0311a8c0	[Info] update cwnd 14
1510425569.490	TcpBackend@0311a8c0	[Info] send seq 210160 len 1420
1510425569.592	TcpBackend@0111a8c0	[Info] syn 198800, len 1420
1510425569.592	TcpBackend@0111a8c0	[Info] pop 1420 data from buffer
1510425569.592	TcpBackend@0111a8c0	[Info] update ack 200220, wnd 65535
1510425569.608	TcpBackend@0311a8c0	[Info] ack 193120, wnd 65535
1510425569.608	TcpBackend@0311a8c0	[Info] update cwnd 14
1510425569.608	TcpBackend@0311a8c0	[Info] push 4096 data to buffer
1510425569.608	TcpBackend@0311a8c0	[Info] send seq 211580 len 1420
1510425569.710	TcpBackend@0111a8c0	[Info] syn 200220, len 1420
1510425569.710	TcpBackend@0111a8c0	[Info] pop 1420 data from buffer
1510425569.710	TcpBackend@0111a8c0	[Info] update ack 201640, wnd 65535
1510425569.725	TcpBackend@0311a8c0	[Info] ack 194540, wnd 65535
1510425569.725	TcpBackend@0311a8c0	[Info] update cwnd 14
1510425569.725	TcpBackend@0311a8c0	[Info] send seq 213000 len 1420
1510425569.828	TcpBackend@0111a8c0	[Info] syn 201640, len 1420
1510425569.828	TcpBackend@0111a8c0	[Info] pop 1420 data from buffer
1510425569.828	TcpBackend@0111a8c0	[Info] update ack 203060, wnd 65535
1510425569.843	TcpBackend@0311a8c0	[Info] ack 195960, wnd 65535
1510425569.843	TcpBackend@0311a8c0	[Info] update cwnd 14
1510425569.843	TcpBackend@0311a8c0	[Info] send seq 214420 len 1420
1510425569.945	TcpBackend@0111a8c0	[Info] syn 203060, len 1420
1510425569.945	TcpBackend@0111a8c0	[Info] pop 1420 data from buffer
1510425569.945	TcpBackend@0111a8c0	[Info] update ack 204480, wnd 65535
1510425569.961	TcpBackend@0311a8c0	[Info] ack 197380, wnd 65535
1510425569.961	TcpBackend@0311a8c0	[Info] update cwnd 14
1510425569.961	TcpBackend@0311a8c0	[Info] push 4096 data to buffer
1510425569.961	TcpBackend@0311a8c0	[Info] send seq 215840 len 1420
1510425570.063	TcpBackend@0111a8c0	[Info] syn 204480, len 1420
1510425570.063	TcpBackend@0111a8c0	[Info] pop 1420 data from buffer
1510425570.063	TcpBackend@0111a8c0	[Info] update ack 205900, wnd 65535
1510425570.079	TcpBackend@0311a8c0	[Info] ack 198800, wnd 65535
1510425570.079	TcpBackend@0311a8c0	[Info] update cwnd 14
1510425570.079	TcpBackend@0311a8c0	[Info] send seq 217260 len 1420
