1510425532.130	SocketServer@0111a8c0	[Info] 1 -> new :5678
1510425532.130	SocketServer@0111a8c0	[Info] 1 <- new 0
1510425532.131	SocketServer@0111a8c0	[Info] 2 -> listen
1510425532.131	SocketServer@0111a8c0	[Info] 2 <- listen
1510425532.131	SocketServer@0111a8c0	[Info] 3 -> accept 0
1510425538.947	SocketServer@0111a8c0	[Info] 3 <- accept 1
1510425538.947	SocketServer@0111a8c0	[Info] 4 -> recv 4096
1510425539.084	SocketServer@0111a8c0	[Info] 4 <- recv 1420, total 1420
1510425539.094	SocketServer@0111a8c0	[Info] 5 -> recv 4096
1510425540.431	SocketServer@0111a8c0	[Info] 5 <- recv 1420, total 2840
1510425540.441	SocketServer@0111a8c0	[Info] 6 -> recv 4096
1510425540.549	SocketServer@0111a8c0	[Info] 6 <- recv 1420, total 4260
1510425540.559	SocketServer@0111a8c0	[Info] 7 -> recv 4096
1510425541.779	SocketServer@0111a8c0	[Info] 7 <- recv 1420, total 5680
1510425541.789	SocketServer@0111a8c0	[Info] 8 -> recv 4096
1510425541.897	SocketServer@0111a8c0	[Info] 8 <- recv 1420, total 7100
1510425541.907	SocketServer@0111a8c0	[Info] 9 -> recv 4096
1510425542.015	SocketServer@0111a8c0	[Info] 9 <- recv 1420, total 8520
1510425542.025	SocketServer@0111a8c0	[Info] 10 -> recv 4096
1510425542.133	SocketServer@0111a8c0	[Info] 10 <- recv 1420, total 9940
1510425542.143	SocketServer@0111a8c0	[Info] 11 -> recv 4096
1510425543.126	SocketServer@0111a8c0	[Info] 11 <- recv 1420, total 11360
1510425543.136	SocketServer@0111a8c0	[Info] 12 -> recv 4096
1510425543.244	SocketServer@0111a8c0	[Info] 12 <- recv 1420, total 12780
1510425543.255	SocketServer@0111a8c0	[Info] 13 -> recv 4096
1510425543.362	SocketServer@0111a8c0	[Info] 13 <- recv 1420, total 14200
1510425543.373	SocketServer@0111a8c0	[Info] 14 -> recv 4096
1510425543.480	SocketServer@0111a8c0	[Info] 14 <- recv 1420, total 15620
1510425543.490	SocketServer@0111a8c0	[Info] 15 -> recv 4096
1510425543.598	SocketServer@0111a8c0	[Info] 15 <- recv 1420, total 17040
1510425543.609	SocketServer@0111a8c0	[Info] 16 -> recv 4096
1510425543.716	SocketServer@0111a8c0	[Info] 16 <- recv 1420, total 18460
1510425543.727	SocketServer@0111a8c0	[Info] 17 -> recv 4096
1510425543.834	SocketServer@0111a8c0	[Info] 17 <- recv 1420, total 19880
1510425543.844	SocketServer@0111a8c0	[Info] 18 -> recv 4096
1510425543.952	SocketServer@0111a8c0	[Info] 18 <- recv 1420, total 21300
1510425543.962	SocketServer@0111a8c0	[Info] 19 -> recv 4096
1510425544.474	SocketServer@0111a8c0	[Info] 19 <- recv 1420, total 22720
1510425544.484	SocketServer@0111a8c0	[Info] 20 -> recv 4096
1510425544.592	SocketServer@0111a8c0	[Info] 20 <- recv 1420, total 24140
1510425544.602	SocketServer@0111a8c0	[Info] 21 -> recv 4096
1510425544.710	SocketServer@0111a8c0	[Info] 21 <- recv 1420, total 25560
1510425544.720	SocketServer@0111a8c0	[Info] 22 -> recv 4096
1510425544.828	SocketServer@0111a8c0	[Info] 22 <- recv 1420, total 26980
1510425544.838	SocketServer@0111a8c0	[Info] 23 -> recv 4096
1510425544.950	SocketServer@0111a8c0	[Info] 23 <- recv 1420, total 28400
1510425544.960	SocketServer@0111a8c0	[Info] 24 -> recv 4096
1510425545.068	SocketServer@0111a8c0	[Info] 24 <- recv 1420, total 29820
1510425545.078	SocketServer@0111a8c0	[Info] 25 -> recv 4096
1510425545.186	SocketServer@0111a8c0	[Info] 25 <- recv 1420, total 31240
1510425545.196	SocketServer@0111a8c0	[Info] 26 -> recv 4096
1510425545.303	SocketServer@0111a8c0	[Info] 26 <- recv 1420, total 32660
1510425545.313	SocketServer@0111a8c0	[Info] 27 -> recv 4096
1510425547.312	SocketServer@0111a8c0	[Info] 27 <- recv 4096, total 36756
1510425547.322	SocketServer@0111a8c0	[Info] 28 -> recv 4096
1510425547.322	SocketServer@0111a8c0	[Info] 28 <- recv 164, total 36920
1510425547.333	SocketServer@0111a8c0	[Info] 29 -> recv 4096
1510425548.665	SocketServer@0111a8c0	[Info] 29 <- recv 1420, total 38340
1510425548.675	SocketServer@0111a8c0	[Info] 30 -> recv 4096
1510425548.783	SocketServer@0111a8c0	[Info] 30 <- recv 2840, total 41180
1510425548.793	SocketServer@0111a8c0	[Info] 31 -> recv 4096
1510425550.132	SocketServer@0111a8c0	[Info] 31 <- recv 4096, total 45276
1510425550.143	SocketServer@0111a8c0	[Info] 32 -> recv 4096
1510425550.143	SocketServer@0111a8c0	[Info] 32 <- recv 164, total 45440
1510425550.153	SocketServer@0111a8c0	[Info] 33 -> recv 4096
1510425550.486	SocketServer@0111a8c0	[Info] 33 <- recv 1420, total 46860
1510425550.496	SocketServer@0111a8c0	[Info] 34 -> recv 4096
1510425551.480	SocketServer@0111a8c0	[Info] 34 <- recv 1420, total 48280
1510425551.490	SocketServer@0111a8c0	[Info] 35 -> recv 4096
1510425551.598	SocketServer@0111a8c0	[Info] 35 <- recv 1420, total 49700
1510425551.608	SocketServer@0111a8c0	[Info] 36 -> recv 4096
1510425551.716	SocketServer@0111a8c0	[Info] 36 <- recv 1420, total 51120
1510425551.726	SocketServer@0111a8c0	[Info] 37 -> recv 4096
1510425551.834	SocketServer@0111a8c0	[Info] 37 <- recv 1420, total 52540
1510425551.844	SocketServer@0111a8c0	[Info] 38 -> recv 4096
1510425551.952	SocketServer@0111a8c0	[Info] 38 <- recv 1420, total 53960
1510425551.962	SocketServer@0111a8c0	[Info] 39 -> recv 4096
1510425552.070	SocketServer@0111a8c0	[Info] 39 <- recv 1420, total 55380
1510425552.080	SocketServer@0111a8c0	[Info] 40 -> recv 4096
1510425552.828	SocketServer@0111a8c0	[Info] 40 <- recv 1420, total 56800
1510425552.838	SocketServer@0111a8c0	[Info] 41 -> recv 4096
1510425552.945	SocketServer@0111a8c0	[Info] 41 <- recv 1420, total 58220
1510425552.955	SocketServer@0111a8c0	[Info] 42 -> recv 4096
1510425553.063	SocketServer@0111a8c0	[Info] 42 <- recv 1420, total 59640
1510425553.073	SocketServer@0111a8c0	[Info] 43 -> recv 4096
1510425553.181	SocketServer@0111a8c0	[Info] 43 <- recv 1420, total 61060
1510425553.191	SocketServer@0111a8c0	[Info] 44 -> recv 4096
1510425553.299	SocketServer@0111a8c0	[Info] 44 <- recv 1420, total 62480
1510425553.309	SocketServer@0111a8c0	[Info] 45 -> recv 4096
1510425553.418	SocketServer@0111a8c0	[Info] 45 <- recv 1420, total 63900
1510425553.429	SocketServer@0111a8c0	[Info] 46 -> recv 4096
1510425553.535	SocketServer@0111a8c0	[Info] 46 <- recv 1420, total 65320
1510425553.545	SocketServer@0111a8c0	[Info] 47 -> recv 4096
1510425553.653	SocketServer@0111a8c0	[Info] 47 <- recv 1420, total 66740
1510425553.663	SocketServer@0111a8c0	[Info] 48 -> recv 4096
1510425553.771	SocketServer@0111a8c0	[Info] 48 <- recv 1420, total 68160
1510425553.781	SocketServer@0111a8c0	[Info] 49 -> recv 4096
1510425553.889	SocketServer@0111a8c0	[Info] 49 <- recv 1420, total 69580
1510425553.900	SocketServer@0111a8c0	[Info] 50 -> recv 4096
1510425554.006	SocketServer@0111a8c0	[Info] 50 <- recv 1420, total 71000
1510425554.016	SocketServer@0111a8c0	[Info] 51 -> recv 4096
1510425555.758	SocketServer@0111a8c0	[Info] 51 <- recv 4096, total 75096
1510425555.768	SocketServer@0111a8c0	[Info] 52 -> recv 4096
1510425555.769	SocketServer@0111a8c0	[Info] 52 <- recv 4096, total 79192
1510425555.779	SocketServer@0111a8c0	[Info] 53 -> recv 4096
1510425555.779	SocketServer@0111a8c0	[Info] 53 <- recv 4096, total 83288
1510425555.789	SocketServer@0111a8c0	[Info] 54 -> recv 4096
1510425555.789	SocketServer@0111a8c0	[Info] 54 <- recv 492, total 83780
1510425555.799	SocketServer@0111a8c0	[Info] 55 -> recv 4096
1510425557.106	SocketServer@0111a8c0	[Info] 55 <- recv 1420, total 85200
1510425557.116	SocketServer@0111a8c0	[Info] 56 -> recv 4096
1510425557.224	SocketServer@0111a8c0	[Info] 56 <- recv 1420, total 86620
1510425557.234	SocketServer@0111a8c0	[Info] 57 -> recv 4096
1510425558.454	SocketServer@0111a8c0	[Info] 57 <- recv 1420, total 88040
1510425558.464	SocketServer@0111a8c0	[Info] 58 -> recv 4096
1510425558.571	SocketServer@0111a8c0	[Info] 58 <- recv 1420, total 89460
1510425558.581	SocketServer@0111a8c0	[Info] 59 -> recv 4096
1510425558.689	SocketServer@0111a8c0	[Info] 59 <- recv 1420, total 90880
1510425558.699	SocketServer@0111a8c0	[Info] 60 -> recv 4096
1510425558.807	SocketServer@0111a8c0	[Info] 60 <- recv 1420, total 92300
1510425558.817	SocketServer@0111a8c0	[Info] 61 -> recv 4096
1510425559.801	SocketServer@0111a8c0	[Info] 61 <- recv 1420, total 93720
1510425559.811	SocketServer@0111a8c0	[Info] 62 -> recv 4096
1510425559.920	SocketServer@0111a8c0	[Info] 62 <- recv 1420, total 95140
1510425559.930	SocketServer@0111a8c0	[Info] 63 -> recv 4096
1510425560.037	SocketServer@0111a8c0	[Info] 63 <- recv 1420, total 96560
1510425560.047	SocketServer@0111a8c0	[Info] 64 -> recv 4096
1510425560.155	SocketServer@0111a8c0	[Info] 64 <- recv 1420, total 97980
1510425560.165	SocketServer@0111a8c0	[Info] 65 -> recv 4096
1510425560.273	SocketServer@0111a8c0	[Info] 65 <- recv 1420, total 99400
1510425560.283	SocketServer@0111a8c0	[Info] 66 -> recv 4096
1510425560.391	SocketServer@0111a8c0	[Info] 66 <- recv 1420, total 100820
1510425560.402	SocketServer@0111a8c0	[Info] 67 -> recv 4096
1510425560.508	SocketServer@0111a8c0	[Info] 67 <- recv 1420, total 102240
1510425560.519	SocketServer@0111a8c0	[Info] 68 -> recv 4096
1510425560.626	SocketServer@0111a8c0	[Info] 68 <- recv 1420, total 103660
1510425560.637	SocketServer@0111a8c0	[Info] 69 -> recv 4096
1510425561.149	SocketServer@0111a8c0	[Info] 69 <- recv 1420, total 105080
1510425561.159	SocketServer@0111a8c0	[Info] 70 -> recv 4096
1510425561.268	SocketServer@0111a8c0	[Info] 70 <- recv 1420, total 106500
1510425561.278	SocketServer@0111a8c0	[Info] 71 -> recv 4096
1510425561.385	SocketServer@0111a8c0	[Info] 71 <- recv 1420, total 107920
1510425561.395	SocketServer@0111a8c0	[Info] 72 -> recv 4096
1510425561.503	SocketServer@0111a8c0	[Info] 72 <- recv 1420, total 109340
1510425561.513	SocketServer@0111a8c0	[Info] 73 -> recv 4096
1510425561.621	SocketServer@0111a8c0	[Info] 73 <- recv 1420, total 110760
1510425561.631	SocketServer@0111a8c0	[Info] 74 -> recv 4096
1510425561.739	SocketServer@0111a8c0	[Info] 74 <- recv 1420, total 112180
1510425561.749	SocketServer@0111a8c0	[Info] 75 -> recv 4096
1510425561.857	SocketServer@0111a8c0	[Info] 75 <- recv 1420, total 113600
1510425561.867	SocketServer@0111a8c0	[Info] 76 -> recv 4096
1510425561.975	SocketServer@0111a8c0	[Info] 76 <- recv 1420, total 115020
1510425561.985	SocketServer@0111a8c0	[Info] 77 -> recv 4096
1510425562.092	SocketServer@0111a8c0	[Info] 77 <- recv 1420, total 116440
1510425562.103	SocketServer@0111a8c0	[Info] 78 -> recv 4096
1510425562.497	SocketServer@0111a8c0	[Info] 78 <- recv 1420, total 117860
1510425562.507	SocketServer@0111a8c0	[Info] 79 -> recv 4096
1510425562.615	SocketServer@0111a8c0	[Info] 79 <- recv 1420, total 119280
1510425562.625	SocketServer@0111a8c0	[Info] 80 -> recv 4096
1510425562.734	SocketServer@0111a8c0	[Info] 80 <- recv 1420, total 120700
1510425562.744	SocketServer@0111a8c0	[Info] 81 -> recv 4096
1510425562.851	SocketServer@0111a8c0	[Info] 81 <- recv 1420, total 122120
1510425562.861	SocketServer@0111a8c0	[Info] 82 -> recv 4096
1510425562.972	SocketServer@0111a8c0	[Info] 82 <- recv 1420, total 123540
1510425562.983	SocketServer@0111a8c0	[Info] 83 -> recv 4096
1510425563.090	SocketServer@0111a8c0	[Info] 83 <- recv 1420, total 124960
1510425563.100	SocketServer@0111a8c0	[Info] 84 -> recv 4096
1510425563.208	SocketServer@0111a8c0	[Info] 84 <- recv 1420, total 126380
1510425563.219	SocketServer@0111a8c0	[Info] 85 -> recv 4096
1510425563.326	SocketServer@0111a8c0	[Info] 85 <- recv 1420, total 127800
1510425563.336	SocketServer@0111a8c0	[Info] 86 -> recv 4096
1510425563.444	SocketServer@0111a8c0	[Info] 86 <- recv 1420, total 129220
1510425563.454	SocketServer@0111a8c0	[Info] 87 -> recv 4096
1510425563.562	SocketServer@0111a8c0	[Info] 87 <- recv 1420, total 130640
1510425563.572	SocketServer@0111a8c0	[Info] 88 -> recv 4096
1510425563.844	SocketServer@0111a8c0	[Info] 88 <- recv 1420, total 132060
1510425563.854	SocketServer@0111a8c0	[Info] 89 -> recv 4096
1510425563.963	SocketServer@0111a8c0	[Info] 89 <- recv 1420, total 133480
1510425563.973	SocketServer@0111a8c0	[Info] 90 -> recv 4096
1510425564.081	SocketServer@0111a8c0	[Info] 90 <- recv 1420, total 134900
1510425564.091	SocketServer@0111a8c0	[Info] 91 -> recv 4096
1510425564.199	SocketServer@0111a8c0	[Info] 91 <- recv 1420, total 136320
1510425564.209	SocketServer@0111a8c0	[Info] 92 -> recv 4096
1510425564.320	SocketServer@0111a8c0	[Info] 92 <- recv 1420, total 137740
1510425564.330	SocketServer@0111a8c0	[Info] 93 -> recv 4096
1510425564.442	SocketServer@0111a8c0	[Info] 93 <- recv 1420, total 139160
1510425564.453	SocketServer@0111a8c0	[Info] 94 -> recv 4096
1510425564.560	SocketServer@0111a8c0	[Info] 94 <- recv 1420, total 140580
1510425564.570	SocketServer@0111a8c0	[Info] 95 -> recv 4096
1510425564.678	SocketServer@0111a8c0	[Info] 95 <- recv 1420, total 142000
1510425564.688	SocketServer@0111a8c0	[Info] 96 -> recv 4096
1510425564.796	SocketServer@0111a8c0	[Info] 96 <- recv 1420, total 143420
1510425564.806	SocketServer@0111a8c0	[Info] 97 -> recv 4096
1510425564.914	SocketServer@0111a8c0	[Info] 97 <- recv 1420, total 144840
1510425564.924	SocketServer@0111a8c0	[Info] 98 -> recv 4096
1510425565.032	SocketServer@0111a8c0	[Info] 98 <- recv 1420, total 146260
1510425565.042	SocketServer@0111a8c0	[Info] 99 -> recv 4096
1510425565.195	SocketServer@0111a8c0	[Info] 99 <- recv 1420, total 147680
1510425565.205	SocketServer@0111a8c0	[Info] 100 -> recv 4096
1510425565.314	SocketServer@0111a8c0	[Info] 100 <- recv 1420, total 149100
1510425565.324	SocketServer@0111a8c0	[Info] 101 -> recv 4096
1510425565.431	SocketServer@0111a8c0	[Info] 101 <- recv 1420, total 150520
1510425565.441	SocketServer@0111a8c0	[Info] 102 -> recv 4096
1510425565.549	SocketServer@0111a8c0	[Info] 102 <- recv 1420, total 151940
1510425565.559	SocketServer@0111a8c0	[Info] 103 -> recv 4096
1510425565.670	SocketServer@0111a8c0	[Info] 103 <- recv 1420, total 153360
1510425565.681	SocketServer@0111a8c0	[Info] 104 -> recv 4096
1510425565.790	SocketServer@0111a8c0	[Info] 104 <- recv 1420, total 154780
1510425565.801	SocketServer@0111a8c0	[Info] 105 -> recv 4096
1510425565.911	SocketServer@0111a8c0	[Info] 105 <- recv 1420, total 156200
1510425565.921	SocketServer@0111a8c0	[Info] 106 -> recv 4096
1510425566.029	SocketServer@0111a8c0	[Info] 106 <- recv 1420, total 157620
1510425566.039	SocketServer@0111a8c0	[Info] 107 -> recv 4096
1510425566.147	SocketServer@0111a8c0	[Info] 107 <- recv 1420, total 159040
1510425566.157	SocketServer@0111a8c0	[Info] 108 -> recv 4096
1510425566.265	SocketServer@0111a8c0	[Info] 108 <- recv 1420, total 160460
1510425566.275	SocketServer@0111a8c0	[Info] 109 -> recv 4096
1510425566.382	SocketServer@0111a8c0	[Info] 109 <- recv 1420, total 161880
1510425566.392	SocketServer@0111a8c0	[Info] 110 -> recv 4096
1510425566.501	SocketServer@0111a8c0	[Info] 110 <- recv 1420, total 163300
1510425566.511	SocketServer@0111a8c0	[Info] 111 -> recv 4096
1510425566.618	SocketServer@0111a8c0	[Info] 111 <- recv 1420, total 164720
1510425566.628	SocketServer@0111a8c0	[Info] 112 -> recv 4096
1510425566.736	SocketServer@0111a8c0	[Info] 112 <- recv 1420, total 166140
1510425566.746	SocketServer@0111a8c0	[Info] 113 -> recv 4096
1510425566.858	SocketServer@0111a8c0	[Info] 113 <- recv 1420, total 167560
1510425566.869	SocketServer@0111a8c0	[Info] 114 -> recv 4096
1510425566.985	SocketServer@0111a8c0	[Info] 114 <- recv 1420, total 168980
1510425566.995	SocketServer@0111a8c0	[Info] 115 -> recv 4096
1510425567.109	SocketServer@0111a8c0	[Info] 115 <- recv 1420, total 170400
1510425567.119	SocketServer@0111a8c0	[Info] 116 -> recv 4096
1510425567.229	SocketServer@0111a8c0	[Info] 116 <- recv 1420, total 171820
1510425567.240	SocketServer@0111a8c0	[Info] 117 -> recv 4096
1510425567.348	SocketServer@0111a8c0	[Info] 117 <- recv 1420, total 173240
1510425567.358	SocketServer@0111a8c0	[Info] 118 -> recv 4096
1510425567.469	SocketServer@0111a8c0	[Info] 118 <- recv 1420, total 174660
1510425567.480	SocketServer@0111a8c0	[Info] 119 -> recv 4096
1510425567.587	SocketServer@0111a8c0	[Info] 119 <- recv 1420, total 176080
1510425567.597	SocketServer@0111a8c0	[Info] 120 -> recv 4096
1510425567.705	SocketServer@0111a8c0	[Info] 120 <- recv 1420, total 177500
1510425567.715	SocketServer@0111a8c0	[Info] 121 -> recv 4096
1510425567.823	SocketServer@0111a8c0	[Info] 121 <- recv 1420, total 178920
1510425567.833	SocketServer@0111a8c0	[Info] 122 -> recv 4096
1510425567.941	SocketServer@0111a8c0	[Info] 122 <- recv 1420, total 180340
1510425567.951	SocketServer@0111a8c0	[Info] 123 -> recv 4096
1510425568.059	SocketServer@0111a8c0	[Info] 123 <- recv 1420, total 181760
1510425568.070	SocketServer@0111a8c0	[Info] 124 -> recv 4096
1510425568.177	SocketServer@0111a8c0	[Info] 124 <- recv 1420, total 183180
1510425568.188	SocketServer@0111a8c0	[Info] 125 -> recv 4096
1510425568.294	SocketServer@0111a8c0	[Info] 125 <- recv 1420, total 184600
1510425568.305	SocketServer@0111a8c0	[Info] 126 -> recv 4096
1510425568.412	SocketServer@0111a8c0	[Info] 126 <- recv 1420, total 186020
1510425568.423	SocketServer@0111a8c0	[Info] 127 -> recv 4096
1510425568.530	SocketServer@0111a8c0	[Info] 127 <- recv 1420, total 187440
1510425568.541	SocketServer@0111a8c0	[Info] 128 -> recv 4096
1510425568.648	SocketServer@0111a8c0	[Info] 128 <- recv 1420, total 188860
1510425568.658	SocketServer@0111a8c0	[Info] 129 -> recv 4096
1510425568.766	SocketServer@0111a8c0	[Info] 129 <- recv 1420, total 190280
1510425568.776	SocketServer@0111a8c0	[Info] 130 -> recv 4096
1510425568.884	SocketServer@0111a8c0	[Info] 130 <- recv 1420, total 191700
1510425568.894	SocketServer@0111a8c0	[Info] 131 -> recv 4096
1510425569.002	SocketServer@0111a8c0	[Info] 131 <- recv 1420, total 193120
1510425569.012	SocketServer@0111a8c0	[Info] 132 -> recv 4096
1510425569.120	SocketServer@0111a8c0	[Info] 132 <- recv 1420, total 194540
1510425569.130	SocketServer@0111a8c0	[Info] 133 -> recv 4096
1510425569.238	SocketServer@0111a8c0	[Info] 133 <- recv 1420, total 195960
1510425569.248	SocketServer@0111a8c0	[Info] 134 -> recv 4096
1510425569.356	SocketServer@0111a8c0	[Info] 134 <- recv 1420, total 197380
1510425569.366	SocketServer@0111a8c0	[Info] 135 -> recv 4096
1510425569.474	SocketServer@0111a8c0	[Info] 135 <- recv 1420, total 198800
1510425569.484	SocketServer@0111a8c0	[Info] 136 -> recv 4096
1510425569.592	SocketServer@0111a8c0	[Info] 136 <- recv 1420, total 200220
1510425569.602	SocketServer@0111a8c0	[Info] 137 -> recv 4096
1510425569.710	SocketServer@0111a8c0	[Info] 137 <- recv 1420, total 201640
1510425569.720	SocketServer@0111a8c0	[Info] 138 -> recv 4096
1510425569.828	SocketServer@0111a8c0	[Info] 138 <- recv 1420, total 203060
1510425569.838	SocketServer@0111a8c0	[Info] 139 -> recv 4096
1510425569.945	SocketServer@0111a8c0	[Info] 139 <- recv 1420, total 204480
1510425569.955	SocketServer@0111a8c0	[Info] 140 -> recv 4096
1510425570.063	SocketServer@0111a8c0	[Info] 140 <- recv 1420, total 205900
1510425570.074	SocketServer@0111a8c0	[Info] 141 -> recv 4096
