1510427535.720	TcpBackend@0311a8c0	[Info] establish tcb
1510427535.721	TcpBackend@0311a8c0	[Info] push 4096 data to buffer
1510427535.721	TcpBackend@0311a8c0	[Info] send seq 0 len 1420
1510427535.731	TcpBackend@0311a8c0	[Info] push 4096 data to buffer
1510427535.741	TcpBackend@0311a8c0	[Info] push 4096 data to buffer
1510427535.751	TcpBackend@0311a8c0	[Info] push 4096 data to buffer
1510427535.761	TcpBackend@0311a8c0	[Info] push 4096 data to buffer
1510427535.771	TcpBackend@0311a8c0	[Info] push 4096 data to buffer
1510427535.782	TcpBackend@0311a8c0	[Info] push 4096 data to buffer
1510427535.792	TcpBackend@0311a8c0	[Info] push 4096 data to buffer
1510427535.802	TcpBackend@0311a8c0	[Info] push 4096 data to buffer
1510427535.812	TcpBackend@0311a8c0	[Info] push 4096 data to buffer
1510427535.822	TcpBackend@0311a8c0	[Info] push 4096 data to buffer
1510427535.832	TcpBackend@0311a8c0	[Info] push 4096 data to buffer
1510427535.843	TcpBackend@0311a8c0	[Info] push 4096 data to buffer
1510427535.853	TcpBackend@0311a8c0	[Info] push 4096 data to buffer
1510427535.863	TcpBackend@0311a8c0	[Info] push 4096 data to buffer
1510427536.321	TcpBackend@0111a8c0	[Info] establish tcb
1510427536.322	TcpBackend@0111a8c0	[Info] syn 0, len 1420
1510427536.322	TcpBackend@0111a8c0	[Info] pop 1420 data from buffer
1510427536.322	TcpBackend@0111a8c0	[Info] update ack 1420, wnd 65535
1510427536.922	TcpBackend@0311a8c0	[Info] ack 1420, wnd 65535
1510427536.922	TcpBackend@0311a8c0	[Info] update cwnd 2
1510427536.922	TcpBackend@0311a8c0	[Info] push 4096 data to buffer
1510427536.922	TcpBackend@0311a8c0	[Info] send seq 1420 len 1420
1510427536.922	TcpBackend@0311a8c0	[Info] send seq 2840 len 1420
1510427537.523	TcpBackend@0111a8c0	[Info] syn 1420, len 1420
1510427537.523	TcpBackend@0111a8c0	[Info] update ack 2840, wnd 64115
1510427537.523	TcpBackend@0111a8c0	[Info] syn 2840, len 1420
1510427537.523	TcpBackend@0111a8c0	[Info] update ack 4260, wnd 62695
1510427538.124	TcpBackend@0311a8c0	[Info] ack 2840, wnd 64115
1510427538.124	TcpBackend@0311a8c0	[Info] update cwnd 3
1510427538.124	TcpBackend@0311a8c0	[Info] send seq 4260 len 1420
1510427538.124	TcpBackend@0311a8c0	[Info] send seq 5680 len 1420
1510427538.124	TcpBackend@0311a8c0	[Info] ack 4260, wnd 62695
1510427538.124	TcpBackend@0311a8c0	[Info] update cwnd 4
1510427538.124	TcpBackend@0311a8c0	[Info] push 4096 data to buffer
1510427538.124	TcpBackend@0311a8c0	[Info] send seq 7100 len 1420
1510427538.124	TcpBackend@0311a8c0	[Info] send seq 8520 len 1420
1510427538.724	TcpBackend@0111a8c0	[Info] syn 4260, len 1420
1510427538.724	TcpBackend@0111a8c0	[Info] update ack 5680, wnd 61275
1510427538.724	TcpBackend@0111a8c0	[Info] syn 5680, len 1420
1510427538.724	TcpBackend@0111a8c0	[Info] update ack 7100, wnd 59855
1510427538.724	TcpBackend@0111a8c0	[Info] syn 7100, len 1420
1510427538.724	TcpBackend@0111a8c0	[Info] update ack 8520, wnd 58435
1510427538.724	TcpBackend@0111a8c0	[Info] syn 8520, len 1420
1510427538.724	TcpBackend@0111a8c0	[Info] update ack 9940, wnd 57015
1510427539.325	TcpBackend@0311a8c0	[Info] ack 5680, wnd 61275
1510427539.325	TcpBackend@0311a8c0	[Info] update cwnd 5
1510427539.325	TcpBackend@0311a8c0	[Info] send seq 9940 len 1420
1510427539.325	TcpBackend@0311a8c0	[Info] send seq 11360 len 1420
1510427539.325	TcpBackend@0311a8c0	[Info] ack 7100, wnd 59855
1510427539.325	TcpBackend@0311a8c0	[Info] update cwnd 6
1510427539.325	TcpBackend@0311a8c0	[Info] send seq 12780 len 1420
1510427539.325	TcpBackend@0311a8c0	[Info] send seq 14200 len 1420
1510427539.325	TcpBackend@0311a8c0	[Info] ack 8520, wnd 58435
1510427539.325	TcpBackend@0311a8c0	[Info] update cwnd 7
1510427539.325	TcpBackend@0311a8c0	[Info] push 4096 data to buffer
1510427539.325	TcpBackend@0311a8c0	[Info] send seq 15620 len 1420
1510427539.325	TcpBackend@0311a8c0	[Info] send seq 17040 len 1420
1510427539.325	TcpBackend@0311a8c0	[Info] ack 9940, wnd 57015
1510427539.325	TcpBackend@0311a8c0	[Info] update cwnd 8
1510427539.325	TcpBackend@0311a8c0	[Info] send seq 18460 len 1420
1510427539.325	TcpBackend@0311a8c0	[Info] send seq 19880 len 1420
1510427539.925	TcpBackend@0111a8c0	[Info] syn 9940, len 1420
1510427539.925	TcpBackend@0111a8c0	[Info] update ack 11360, wnd 55595
1510427539.925	TcpBackend@0111a8c0	[Info] syn 11360, len 1420
1510427539.925	TcpBackend@0111a8c0	[Info] update ack 12780, wnd 54175
1510427539.925	TcpBackend@0111a8c0	[Info] syn 12780, len 1420
1510427539.925	TcpBackend@0111a8c0	[Info] update ack 14200, wnd 52755
1510427539.925	TcpBackend@0111a8c0	[Info] syn 14200, len 1420
1510427539.925	TcpBackend@0111a8c0	[Info] update ack 15620, wnd 51335
1510427539.925	TcpBackend@0111a8c0	[Info] syn 15620, len 1420
1510427539.925	TcpBackend@0111a8c0	[Info] update ack 17040, wnd 49915
1510427539.925	TcpBackend@0111a8c0	[Info] syn 17040, len 1420
1510427539.925	TcpBackend@0111a8c0	[Info] update ack 18460, wnd 48495
1510427539.925	TcpBackend@0111a8c0	[Info] syn 18460, len 1420
1510427539.925	TcpBackend@0111a8c0	[Info] update ack 19880, wnd 47075
1510427539.925	TcpBackend@0111a8c0	[Info] syn 19880, len 1420
1510427539.925	TcpBackend@0111a8c0	[Info] update ack 21300, wnd 45655
1510427540.525	TcpBackend@0311a8c0	[Info] ack 11360, wnd 55595
1510427540.525	TcpBackend@0311a8c0	[Info] update cwnd 9
1510427540.525	TcpBackend@0311a8c0	[Info] send seq 21300 len 1420
1510427540.525	TcpBackend@0311a8c0	[Info] send seq 22720 len 1420
1510427540.526	TcpBackend@0311a8c0	[Info] ack 12780, wnd 54175
1510427540.526	TcpBackend@0311a8c0	[Info] update cwnd 10
1510427540.526	TcpBackend@0311a8c0	[Info] push 4096 data to buffer
1510427540.526	TcpBackend@0311a8c0	[Info] send seq 24140 len 1420
1510427540.526	TcpBackend@0311a8c0	[Info] send seq 25560 len 1420
1510427540.526	TcpBackend@0311a8c0	[Info] ack 14200, wnd 52755
1510427540.526	TcpBackend@0311a8c0	[Info] update cwnd 11
1510427540.526	TcpBackend@0311a8c0	[Info] send seq 26980 len 1420
1510427540.526	TcpBackend@0311a8c0	[Info] send seq 28400 len 1420
1510427540.526	TcpBackend@0311a8c0	[Info] ack 15620, wnd 51335
1510427540.526	TcpBackend@0311a8c0	[Info] update cwnd 12
1510427540.526	TcpBackend@0311a8c0	[Info] send seq 29820 len 1420
1510427540.526	TcpBackend@0311a8c0	[Info] send seq 31240 len 1420
1510427540.526	TcpBackend@0311a8c0	[Info] ack 17040, wnd 49915
1510427540.526	TcpBackend@0311a8c0	[Info] update cwnd 13
1510427540.526	TcpBackend@0311a8c0	[Info] send seq 32660 len 1420
1510427540.526	TcpBackend@0311a8c0	[Info] send seq 34080 len 1420
1510427540.526	TcpBackend@0311a8c0	[Info] ack 18460, wnd 48495
1510427540.526	TcpBackend@0311a8c0	[Info] update cwnd 14
1510427540.526	TcpBackend@0311a8c0	[Info] send seq 35500 len 1420
1510427540.526	TcpBackend@0311a8c0	[Info] send seq 36920 len 1420
1510427540.526	TcpBackend@0311a8c0	[Info] ack 19880, wnd 47075
1510427540.526	TcpBackend@0311a8c0	[Info] update cwnd 15
1510427540.526	TcpBackend@0311a8c0	[Info] send seq 38340 len 1420
1510427540.526	TcpBackend@0311a8c0	[Info] send seq 39760 len 1420
1510427540.526	TcpBackend@0311a8c0	[Info] ack 21300, wnd 45655
1510427540.526	TcpBackend@0311a8c0	[Info] update cwnd 16
1510427540.526	TcpBackend@0311a8c0	[Info] send seq 41180 len 1420
1510427540.526	TcpBackend@0311a8c0	[Info] send seq 42600 len 1420
1510427540.536	TcpBackend@0311a8c0	[Info] push 4096 data to buffer
1510427540.546	TcpBackend@0311a8c0	[Info] push 4096 data to buffer
1510427541.126	TcpBackend@0111a8c0	[Info] syn 21300, len 1420
1510427541.126	TcpBackend@0111a8c0	[Info] update ack 22720, wnd 44235
1510427541.126	TcpBackend@0111a8c0	[Info] syn 22720, len 1420
1510427541.126	TcpBackend@0111a8c0	[Info] update ack 24140, wnd 42815
1510427541.126	TcpBackend@0111a8c0	[Info] syn 24140, len 1420
1510427541.126	TcpBackend@0111a8c0	[Info] update ack 25560, wnd 41395
1510427541.126	TcpBackend@0111a8c0	[Info] syn 25560, len 1420
1510427541.126	TcpBackend@0111a8c0	[Info] update ack 26980, wnd 39975
1510427541.126	TcpBackend@0111a8c0	[Info] syn 26980, len 1420
1510427541.126	TcpBackend@0111a8c0	[Info] update ack 28400, wnd 38555
1510427541.126	TcpBackend@0111a8c0	[Info] syn 28400, len 1420
1510427541.126	TcpBackend@0111a8c0	[Info] update ack 29820, wnd 37135
1510427541.126	TcpBackend@0111a8c0	[Info] syn 29820, len 1420
1510427541.126	TcpBackend@0111a8c0	[Info] update ack 31240, wnd 35715
1510427541.126	TcpBackend@0111a8c0	[Info] syn 31240, len 1420
1510427541.126	TcpBackend@0111a8c0	[Info] update ack 32660, wnd 34295
1510427541.127	TcpBackend@0111a8c0	[Info] syn 32660, len 1420
1510427541.127	TcpBackend@0111a8c0	[Info] update ack 34080, wnd 32875
1510427541.127	TcpBackend@0111a8c0	[Info] syn 34080, len 1420
1510427541.127	TcpBackend@0111a8c0	[Info] update ack 35500, wnd 31455
1510427541.127	TcpBackend@0111a8c0	[Info] syn 35500, len 1420
1510427541.127	TcpBackend@0111a8c0	[Info] update ack 36920, wnd 30035
1510427541.127	TcpBackend@0111a8c0	[Info] syn 36920, len 1420
1510427541.127	TcpBackend@0111a8c0	[Info] update ack 38340, wnd 28615
1510427541.127	TcpBackend@0111a8c0	[Info] syn 38340, len 1420
1510427541.127	TcpBackend@0111a8c0	[Info] update ack 39760, wnd 27195
1510427541.127	TcpBackend@0111a8c0	[Info] syn 39760, len 1420
1510427541.127	TcpBackend@0111a8c0	[Info] update ack 41180, wnd 25775
1510427541.127	TcpBackend@0111a8c0	[Info] syn 41180, len 1420
1510427541.127	TcpBackend@0111a8c0	[Info] update ack 42600, wnd 24355
1510427541.127	TcpBackend@0111a8c0	[Info] syn 42600, len 1420
1510427541.127	TcpBackend@0111a8c0	[Info] update ack 44020, wnd 22935
1510427541.726	TcpBackend@0311a8c0	[Info] ack 22720, wnd 44235
1510427541.726	TcpBackend@0311a8c0	[Info] update cwnd 17
1510427541.726	TcpBackend@0311a8c0	[Info] send seq 44020 len 1420
1510427541.726	TcpBackend@0311a8c0	[Info] send seq 45440 len 1420
1510427541.726	TcpBackend@0311a8c0	[Info] ack 24140, wnd 42815
1510427541.726	TcpBackend@0311a8c0	[Info] update cwnd 18
1510427541.726	TcpBackend@0311a8c0	[Info] send seq 46860 len 1420
1510427541.727	TcpBackend@0311a8c0	[Info] send seq 48280 len 1420
1510427541.727	TcpBackend@0311a8c0	[Info] ack 25560, wnd 41395
1510427541.727	TcpBackend@0311a8c0	[Info] update cwnd 19
1510427541.727	TcpBackend@0311a8c0	[Info] push 4096 data to buffer
1510427541.727	TcpBackend@0311a8c0	[Info] send seq 49700 len 1420
1510427541.727	TcpBackend@0311a8c0	[Info] send seq 51120 len 1420
1510427541.727	TcpBackend@0311a8c0	[Info] ack 26980, wnd 39975
1510427541.727	TcpBackend@0311a8c0	[Info] update cwnd 20
1510427541.727	TcpBackend@0311a8c0	[Info] send seq 52540 len 1420
1510427541.727	TcpBackend@0311a8c0	[Info] send seq 53960 len 1420
1510427541.727	TcpBackend@0311a8c0	[Info] ack 28400, wnd 38555
1510427541.727	TcpBackend@0311a8c0	[Info] update cwnd 21
1510427541.727	TcpBackend@0311a8c0	[Info] send seq 55380 len 1420
1510427541.727	TcpBackend@0311a8c0	[Info] send seq 56800 len 1420
1510427541.727	TcpBackend@0311a8c0	[Info] ack 29820, wnd 37135
1510427541.727	TcpBackend@0311a8c0	[Info] update cwnd 22
1510427541.727	TcpBackend@0311a8c0	[Info] send seq 58220 len 1420
1510427541.727	TcpBackend@0311a8c0	[Info] send seq 59640 len 1420
1510427541.727	TcpBackend@0311a8c0	[Info] ack 31240, wnd 35715
1510427541.727	TcpBackend@0311a8c0	[Info] update cwnd 23
1510427541.727	TcpBackend@0311a8c0	[Info] send seq 61060 len 1420
1510427541.727	TcpBackend@0311a8c0	[Info] send seq 62480 len 1420
1510427541.727	TcpBackend@0311a8c0	[Info] ack 32660, wnd 34295
1510427541.727	TcpBackend@0311a8c0	[Info] update cwnd 24
1510427541.727	TcpBackend@0311a8c0	[Info] send seq 63900 len 1420
1510427541.727	TcpBackend@0311a8c0	[Info] send seq 65320 len 1420
1510427541.727	TcpBackend@0311a8c0	[Info] ack 34080, wnd 32875
1510427541.727	TcpBackend@0311a8c0	[Info] update cwnd 25
1510427541.727	TcpBackend@0311a8c0	[Info] send seq 66740 len 215
1510427541.727	TcpBackend@0311a8c0	[Info] ack 35500, wnd 31455
1510427541.727	TcpBackend@0311a8c0	[Info] update cwnd 26
1510427541.727	TcpBackend@0311a8c0	[Info] ack 36920, wnd 30035
1510427541.727	TcpBackend@0311a8c0	[Info] update cwnd 27
1510427541.727	TcpBackend@0311a8c0	[Info] ack 38340, wnd 28615
1510427541.727	TcpBackend@0311a8c0	[Info] update cwnd 28
1510427541.727	TcpBackend@0311a8c0	[Info] ack 39760, wnd 27195
1510427541.727	TcpBackend@0311a8c0	[Info] update cwnd 29
1510427541.727	TcpBackend@0311a8c0	[Info] ack 41180, wnd 25775
1510427541.727	TcpBackend@0311a8c0	[Info] update cwnd 30
1510427541.727	TcpBackend@0311a8c0	[Info] ack 42600, wnd 24355
1510427541.727	TcpBackend@0311a8c0	[Info] update cwnd 31
1510427541.727	TcpBackend@0311a8c0	[Info] ack 44020, wnd 22935
1510427541.727	TcpBackend@0311a8c0	[Info] update cwnd 32
1510427541.737	TcpBackend@0311a8c0	[Info] push 4096 data to buffer
1510427541.748	TcpBackend@0311a8c0	[Info] push 4096 data to buffer
1510427541.758	TcpBackend@0311a8c0	[Info] push 4096 data to buffer
1510427541.768	TcpBackend@0311a8c0	[Info] push 4096 data to buffer
1510427542.327	TcpBackend@0111a8c0	[Info] syn 44020, len 1420
1510427542.327	TcpBackend@0111a8c0	[Info] update ack 45440, wnd 21515
1510427542.327	TcpBackend@0111a8c0	[Info] syn 45440, len 1420
1510427542.327	TcpBackend@0111a8c0	[Info] update ack 46860, wnd 20095
1510427542.327	TcpBackend@0111a8c0	[Info] syn 46860, len 1420
1510427542.327	TcpBackend@0111a8c0	[Info] update ack 48280, wnd 18675
1510427542.327	TcpBackend@0111a8c0	[Info] syn 48280, len 1420
1510427542.327	TcpBackend@0111a8c0	[Info] update ack 49700, wnd 17255
1510427542.327	TcpBackend@0111a8c0	[Info] syn 49700, len 1420
1510427542.327	TcpBackend@0111a8c0	[Info] update ack 51120, wnd 15835
1510427542.327	TcpBackend@0111a8c0	[Info] syn 51120, len 1420
1510427542.327	TcpBackend@0111a8c0	[Info] update ack 52540, wnd 14415
1510427542.327	TcpBackend@0111a8c0	[Info] syn 52540, len 1420
1510427542.327	TcpBackend@0111a8c0	[Info] update ack 53960, wnd 12995
1510427542.327	TcpBackend@0111a8c0	[Info] syn 53960, len 1420
1510427542.327	TcpBackend@0111a8c0	[Info] update ack 55380, wnd 11575
1510427542.327	TcpBackend@0111a8c0	[Info] syn 55380, len 1420
1510427542.327	TcpBackend@0111a8c0	[Info] update ack 56800, wnd 10155
1510427542.327	TcpBackend@0111a8c0	[Info] syn 56800, len 1420
1510427542.327	TcpBackend@0111a8c0	[Info] update ack 58220, wnd 8735
1510427542.327	TcpBackend@0111a8c0	[Info] syn 58220, len 1420
1510427542.327	TcpBackend@0111a8c0	[Info] update ack 59640, wnd 7315
1510427542.327	TcpBackend@0111a8c0	[Info] syn 59640, len 1420
1510427542.327	TcpBackend@0111a8c0	[Info] update ack 61060, wnd 5895
1510427542.327	TcpBackend@0111a8c0	[Info] syn 61060, len 1420
1510427542.327	TcpBackend@0111a8c0	[Info] update ack 62480, wnd 4475
1510427542.327	TcpBackend@0111a8c0	[Info] syn 62480, len 1420
1510427542.327	TcpBackend@0111a8c0	[Info] update ack 63900, wnd 3055
1510427542.327	TcpBackend@0111a8c0	[Info] syn 63900, len 1420
1510427542.327	TcpBackend@0111a8c0	[Info] update ack 65320, wnd 1635
1510427542.327	TcpBackend@0111a8c0	[Info] syn 65320, len 1420
1510427542.327	TcpBackend@0111a8c0	[Info] update ack 66740, wnd 215
1510427542.327	TcpBackend@0111a8c0	[Info] syn 66740, len 215
1510427542.327	TcpBackend@0111a8c0	[Info] update ack 66955, wnd 0
1510427542.927	TcpBackend@0311a8c0	[Info] ack 45440, wnd 21515
1510427542.927	TcpBackend@0311a8c0	[Info] update cwnd 33
1510427542.927	TcpBackend@0311a8c0	[Info] push 4096 data to buffer
1510427542.927	TcpBackend@0311a8c0	[Info] ack 46860, wnd 20095
1510427542.927	TcpBackend@0311a8c0	[Info] update cwnd 34
1510427542.927	TcpBackend@0311a8c0	[Info] ack 48280, wnd 18675
1510427542.927	TcpBackend@0311a8c0	[Info] update cwnd 35
1510427542.927	TcpBackend@0311a8c0	[Info] ack 49700, wnd 17255
1510427542.927	TcpBackend@0311a8c0	[Info] update cwnd 36
1510427542.927	TcpBackend@0311a8c0	[Info] ack 51120, wnd 15835
1510427542.927	TcpBackend@0311a8c0	[Info] update cwnd 37
1510427542.927	TcpBackend@0311a8c0	[Info] ack 52540, wnd 14415
1510427542.927	TcpBackend@0311a8c0	[Info] update cwnd 38
1510427542.927	TcpBackend@0311a8c0	[Info] ack 53960, wnd 12995
1510427542.927	TcpBackend@0311a8c0	[Info] update cwnd 39
1510427542.927	TcpBackend@0311a8c0	[Info] ack 55380, wnd 11575
1510427542.927	TcpBackend@0311a8c0	[Info] update cwnd 40
1510427542.928	TcpBackend@0311a8c0	[Info] ack 56800, wnd 10155
1510427542.928	TcpBackend@0311a8c0	[Info] update cwnd 41
1510427542.928	TcpBackend@0311a8c0	[Info] ack 58220, wnd 8735
1510427542.928	TcpBackend@0311a8c0	[Info] update cwnd 42
1510427542.928	TcpBackend@0311a8c0	[Info] ack 59640, wnd 7315
1510427542.928	TcpBackend@0311a8c0	[Info] update cwnd 43
1510427542.928	TcpBackend@0311a8c0	[Info] ack 61060, wnd 5895
1510427542.928	TcpBackend@0311a8c0	[Info] update cwnd 44
1510427542.928	TcpBackend@0311a8c0	[Info] ack 62480, wnd 4475
1510427542.928	TcpBackend@0311a8c0	[Info] update cwnd 45
1510427542.928	TcpBackend@0311a8c0	[Info] ack 63900, wnd 3055
1510427542.928	TcpBackend@0311a8c0	[Info] update cwnd 46
1510427542.928	TcpBackend@0311a8c0	[Info] ack 65320, wnd 1635
1510427542.928	TcpBackend@0311a8c0	[Info] update cwnd 47
1510427542.928	TcpBackend@0311a8c0	[Info] ack 66740, wnd 215
1510427542.928	TcpBackend@0311a8c0	[Info] update cwnd 48
1510427542.928	TcpBackend@0311a8c0	[Info] ack 66955, wnd 0
1510427542.928	TcpBackend@0311a8c0	[Warn] zero window
1510427542.928	TcpBackend@0311a8c0	[Info] update cwnd 49
1510427542.937	TcpBackend@0311a8c0	[Info] push 4096 data to buffer
1510427542.947	TcpBackend@0311a8c0	[Info] push 4096 data to buffer
1510427542.961	TcpBackend@0311a8c0	[Info] push 4096 data to buffer
1510427542.971	TcpBackend@0311a8c0	[Info] push 4096 data to buffer
1510427542.981	TcpBackend@0311a8c0	[Info] push 4096 data to buffer
1510427544.928	TcpBackend@0311a8c0	[Info] window probe 0
1510427544.928	TcpBackend@0311a8c0	[Info] send seq 66955 len 0
1510427545.528	TcpBackend@0111a8c0	[Info] syn 66955, len 0
1510427545.528	TcpBackend@0111a8c0	[Info] update ack 66955, wnd 0
1510427546.129	TcpBackend@0311a8c0	[Info] ack 66955, wnd 0
1510427546.129	TcpBackend@0311a8c0	[Warn] zero window
1510427546.129	TcpBackend@0311a8c0	[Info] update cwnd 50
1510427546.322	TcpBackend@0111a8c0	[Info] pop 4096 data from buffer
1510427548.129	TcpBackend@0311a8c0	[Info] window probe 0
1510427548.129	TcpBackend@0311a8c0	[Info] send seq 66955 len 0
1510427548.729	TcpBackend@0111a8c0	[Info] syn 66955, len 0
1510427548.729	TcpBackend@0111a8c0	[Info] update ack 66955, wnd 4096
1510427549.330	TcpBackend@0311a8c0	[Info] ack 66955, wnd 4096
1510427549.330	TcpBackend@0311a8c0	[Info] update cwnd 51
1510427549.330	TcpBackend@0311a8c0	[Info] send seq 66955 len 1420
1510427549.330	TcpBackend@0311a8c0	[Info] send seq 68375 len 1420
1510427549.330	TcpBackend@0311a8c0	[Info] send seq 69795 len 1256
1510427549.930	TcpBackend@0111a8c0	[Info] syn 66955, len 1420
1510427549.930	TcpBackend@0111a8c0	[Info] update ack 68375, wnd 2676
1510427549.931	TcpBackend@0111a8c0	[Info] syn 68375, len 1420
1510427549.931	TcpBackend@0111a8c0	[Info] update ack 69795, wnd 1256
1510427549.931	TcpBackend@0111a8c0	[Info] syn 69795, len 1256
1510427549.931	TcpBackend@0111a8c0	[Info] update ack 71051, wnd 0
1510427550.531	TcpBackend@0311a8c0	[Info] ack 68375, wnd 2676
1510427550.531	TcpBackend@0311a8c0	[Info] update cwnd 52
1510427550.531	TcpBackend@0311a8c0	[Info] ack 69795, wnd 1256
1510427550.531	TcpBackend@0311a8c0	[Info] update cwnd 53
1510427550.531	TcpBackend@0311a8c0	[Info] push 4096 data to buffer
1510427550.531	TcpBackend@0311a8c0	[Info] ack 71051, wnd 0
1510427550.531	TcpBackend@0311a8c0	[Warn] zero window
1510427550.531	TcpBackend@0311a8c0	[Info] update cwnd 54
1510427552.532	TcpBackend@0311a8c0	[Info] window probe 0
1510427552.532	TcpBackend@0311a8c0	[Info] send seq 71051 len 0
1510427553.132	TcpBackend@0111a8c0	[Info] syn 71051, len 0
1510427553.132	TcpBackend@0111a8c0	[Info] update ack 71051, wnd 0
1510427553.733	TcpBackend@0311a8c0	[Info] ack 71051, wnd 0
1510427553.733	TcpBackend@0311a8c0	[Warn] zero window
1510427553.733	TcpBackend@0311a8c0	[Info] update cwnd 55
1510427555.734	TcpBackend@0311a8c0	[Info] window probe 0
1510427555.734	TcpBackend@0311a8c0	[Info] send seq 71051 len 0
1510427556.322	TcpBackend@0111a8c0	[Info] pop 4096 data from buffer
1510427556.334	TcpBackend@0111a8c0	[Info] syn 71051, len 0
1510427556.335	TcpBackend@0111a8c0	[Info] update ack 71051, wnd 4096
1510427556.935	TcpBackend@0311a8c0	[Info] ack 71051, wnd 4096
1510427556.935	TcpBackend@0311a8c0	[Info] update cwnd 56
1510427556.935	TcpBackend@0311a8c0	[Info] send seq 71051 len 1420
1510427556.935	TcpBackend@0311a8c0	[Info] send seq 72471 len 1420
1510427556.935	TcpBackend@0311a8c0	[Info] send seq 73891 len 1256
1510427557.535	TcpBackend@0111a8c0	[Info] syn 71051, len 1420
1510427557.535	TcpBackend@0111a8c0	[Info] update ack 72471, wnd 2676
1510427557.535	TcpBackend@0111a8c0	[Info] syn 72471, len 1420
1510427557.535	TcpBackend@0111a8c0	[Info] update ack 73891, wnd 1256
1510427557.535	TcpBackend@0111a8c0	[Info] syn 73891, len 1256
1510427557.535	TcpBackend@0111a8c0	[Info] update ack 75147, wnd 0
1510427558.136	TcpBackend@0311a8c0	[Info] ack 72471, wnd 2676
1510427558.136	TcpBackend@0311a8c0	[Info] update cwnd 57
1510427558.136	TcpBackend@0311a8c0	[Info] ack 73891, wnd 1256
1510427558.136	TcpBackend@0311a8c0	[Info] update cwnd 58
1510427558.136	TcpBackend@0311a8c0	[Info] push 4096 data to buffer
1510427558.136	TcpBackend@0311a8c0	[Info] ack 75147, wnd 0
1510427558.136	TcpBackend@0311a8c0	[Warn] zero window
1510427558.136	TcpBackend@0311a8c0	[Info] update cwnd 59
1510427560.136	TcpBackend@0311a8c0	[Info] window probe 0
1510427560.136	TcpBackend@0311a8c0	[Info] send seq 75147 len 0
1510427560.736	TcpBackend@0111a8c0	[Info] syn 75147, len 0
1510427560.736	TcpBackend@0111a8c0	[Info] update ack 75147, wnd 0
1510427561.337	TcpBackend@0311a8c0	[Info] ack 75147, wnd 0
1510427561.337	TcpBackend@0311a8c0	[Warn] zero window
1510427561.337	TcpBackend@0311a8c0	[Info] update cwnd 60
1510427563.337	TcpBackend@0311a8c0	[Info] window probe 0
1510427563.337	TcpBackend@0311a8c0	[Info] send seq 75147 len 0
1510427563.938	TcpBackend@0111a8c0	[Info] syn 75147, len 0
1510427563.938	TcpBackend@0111a8c0	[Info] update ack 75147, wnd 0
1510427564.539	TcpBackend@0311a8c0	[Info] ack 75147, wnd 0
1510427564.539	TcpBackend@0311a8c0	[Warn] zero window
1510427564.539	TcpBackend@0311a8c0	[Info] update cwnd 61
1510427566.323	TcpBackend@0111a8c0	[Info] pop 4096 data from buffer
1510427566.539	TcpBackend@0311a8c0	[Info] window probe 0
1510427566.539	TcpBackend@0311a8c0	[Info] send seq 75147 len 0
1510427567.139	TcpBackend@0111a8c0	[Info] syn 75147, len 0
1510427567.139	TcpBackend@0111a8c0	[Info] update ack 75147, wnd 4096
1510427567.740	TcpBackend@0311a8c0	[Info] ack 75147, wnd 4096
1510427567.740	TcpBackend@0311a8c0	[Info] update cwnd 62
1510427567.740	TcpBackend@0311a8c0	[Info] send seq 75147 len 1420
1510427567.740	TcpBackend@0311a8c0	[Info] send seq 76567 len 1420
1510427567.740	TcpBackend@0311a8c0	[Info] send seq 77987 len 1256
1510427568.340	TcpBackend@0111a8c0	[Info] syn 75147, len 1420
1510427568.340	TcpBackend@0111a8c0	[Info] update ack 76567, wnd 2676
1510427568.340	TcpBackend@0111a8c0	[Info] syn 76567, len 1420
1510427568.340	TcpBackend@0111a8c0	[Info] update ack 77987, wnd 1256
1510427568.340	TcpBackend@0111a8c0	[Info] syn 77987, len 1256
1510427568.340	TcpBackend@0111a8c0	[Info] update ack 79243, wnd 0
1510427568.941	TcpBackend@0311a8c0	[Info] ack 76567, wnd 2676
1510427568.941	TcpBackend@0311a8c0	[Info] update cwnd 63
1510427568.941	TcpBackend@0311a8c0	[Info] ack 77987, wnd 1256
1510427568.941	TcpBackend@0311a8c0	[Info] update cwnd 64
1510427568.941	TcpBackend@0311a8c0	[Info] push 4096 data to buffer
1510427568.941	TcpBackend@0311a8c0	[Info] ack 79243, wnd 0
1510427568.941	TcpBackend@0311a8c0	[Warn] zero window
1510427568.941	TcpBackend@0311a8c0	[Info] update cwnd 65
1510427570.943	TcpBackend@0311a8c0	[Info] window probe 0
1510427570.943	TcpBackend@0311a8c0	[Info] send seq 79243 len 0
1510427571.544	TcpBackend@0111a8c0	[Info] syn 79243, len 0
1510427571.544	TcpBackend@0111a8c0	[Info] update ack 79243, wnd 0
1510427572.145	TcpBackend@0311a8c0	[Info] ack 79243, wnd 0
1510427572.145	TcpBackend@0311a8c0	[Warn] zero window
1510427572.145	TcpBackend@0311a8c0	[Info] update cwnd 66
1510427574.145	TcpBackend@0311a8c0	[Info] window probe 0
1510427574.145	TcpBackend@0311a8c0	[Info] send seq 79243 len 0
1510427574.745	TcpBackend@0111a8c0	[Info] syn 79243, len 0
1510427574.745	TcpBackend@0111a8c0	[Info] update ack 79243, wnd 0
1510427575.346	TcpBackend@0311a8c0	[Info] ack 79243, wnd 0
1510427575.346	TcpBackend@0311a8c0	[Warn] zero window
1510427575.346	TcpBackend@0311a8c0	[Info] update cwnd 67
1510427576.323	TcpBackend@0111a8c0	[Info] pop 4096 data from buffer
1510427577.346	TcpBackend@0311a8c0	[Info] window probe 0
1510427577.346	TcpBackend@0311a8c0	[Info] send seq 79243 len 0
1510427577.946	TcpBackend@0111a8c0	[Info] syn 79243, len 0
1510427577.946	TcpBackend@0111a8c0	[Info] update ack 79243, wnd 4096
1510427578.546	TcpBackend@0311a8c0	[Info] ack 79243, wnd 4096
1510427578.546	TcpBackend@0311a8c0	[Info] update cwnd 68
1510427578.546	TcpBackend@0311a8c0	[Info] send seq 79243 len 1420
1510427578.546	TcpBackend@0311a8c0	[Info] send seq 80663 len 1420
1510427578.546	TcpBackend@0311a8c0	[Info] send seq 82083 len 1256
1510427579.147	TcpBackend@0111a8c0	[Info] syn 79243, len 1420
1510427579.147	TcpBackend@0111a8c0	[Info] update ack 80663, wnd 2676
1510427579.147	TcpBackend@0111a8c0	[Info] syn 80663, len 1420
1510427579.147	TcpBackend@0111a8c0	[Info] update ack 82083, wnd 1256
1510427579.147	TcpBackend@0111a8c0	[Info] syn 82083, len 1256
1510427579.147	TcpBackend@0111a8c0	[Info] update ack 83339, wnd 0
1510427579.748	TcpBackend@0311a8c0	[Info] ack 80663, wnd 2676
1510427579.748	TcpBackend@0311a8c0	[Info] update cwnd 69
1510427579.748	TcpBackend@0311a8c0	[Info] ack 82083, wnd 1256
1510427579.748	TcpBackend@0311a8c0	[Info] update cwnd 70
1510427579.748	TcpBackend@0311a8c0	[Info] push 4096 data to buffer
1510427579.748	TcpBackend@0311a8c0	[Info] ack 83339, wnd 0
1510427579.748	TcpBackend@0311a8c0	[Warn] zero window
1510427579.748	TcpBackend@0311a8c0	[Info] update cwnd 71
