1510426564.493	SocketSender@0311a8c0	[Info] 1 -> new :8899
1510426564.493	SocketSender@0311a8c0	[Info] 1 <- new 0
1510426564.493	SocketSender@0311a8c0	[Info] 2 -> connect 0111a8c0:5678
1510426565.694	SocketSender@0311a8c0	[Info] 2 <- connect
1510426565.694	SocketSender@0311a8c0	[Info] 3 -> send 4096
1510426565.694	SocketSender@0311a8c0	[Info] 3 <- send, total 4096
1510426565.705	SocketSender@0311a8c0	[Info] 4 -> send 4096
1510426565.705	SocketSender@0311a8c0	[Info] 4 <- send, total 8192
1510426565.715	SocketSender@0311a8c0	[Info] 5 -> send 4096
1510426565.715	SocketSender@0311a8c0	[Info] 5 <- send, total 12288
1510426565.725	SocketSender@0311a8c0	[Info] 6 -> send 4096
1510426565.725	SocketSender@0311a8c0	[Info] 6 <- send, total 16384
1510426565.735	SocketSender@0311a8c0	[Info] 7 -> send 4096
1510426565.735	SocketSender@0311a8c0	[Info] 7 <- send, total 20480
1510426565.745	SocketSender@0311a8c0	[Info] 8 -> send 4096
1510426565.745	SocketSender@0311a8c0	[Info] 8 <- send, total 24576
1510426565.755	SocketSender@0311a8c0	[Info] 9 -> send 4096
1510426565.755	SocketSender@0311a8c0	[Info] 9 <- send, total 28672
1510426565.766	SocketSender@0311a8c0	[Info] 10 -> send 4096
1510426565.766	SocketSender@0311a8c0	[Info] 10 <- send, total 32768
1510426565.776	SocketSender@0311a8c0	[Info] 11 -> send 4096
1510426565.776	SocketSender@0311a8c0	[Info] 11 <- send, total 36864
1510426565.786	SocketSender@0311a8c0	[Info] 12 -> send 4096
1510426565.786	SocketSender@0311a8c0	[Info] 12 <- send, total 40960
1510426565.796	SocketSender@0311a8c0	[Info] 13 -> send 4096
1510426565.796	SocketSender@0311a8c0	[Info] 13 <- send, total 45056
1510426565.806	SocketSender@0311a8c0	[Info] 14 -> send 4096
1510426565.806	SocketSender@0311a8c0	[Info] 14 <- send, total 49152
1510426565.816	SocketSender@0311a8c0	[Info] 15 -> send 4096
1510426565.816	SocketSender@0311a8c0	[Info] 15 <- send, total 53248
1510426565.827	SocketSender@0311a8c0	[Info] 16 -> send 4096
1510426565.827	SocketSender@0311a8c0	[Info] 16 <- send, total 57344
1510426565.837	SocketSender@0311a8c0	[Info] 17 -> send 4096
1510426565.837	SocketSender@0311a8c0	[Info] 17 <- send, total 61440
1510426565.847	SocketSender@0311a8c0	[Info] 18 -> send 4096
1510426566.895	SocketSender@0311a8c0	[Info] 18 <- send, total 65536
1510426566.905	SocketSender@0311a8c0	[Info] 19 -> send 4096
1510426568.096	SocketSender@0311a8c0	[Info] 19 <- send, total 69632
1510426568.106	SocketSender@0311a8c0	[Info] 20 -> send 4096
1510426569.297	SocketSender@0311a8c0	[Info] 20 <- send, total 73728
1510426569.307	SocketSender@0311a8c0	[Info] 21 -> send 4096
1510426570.498	SocketSender@0311a8c0	[Info] 21 <- send, total 77824
1510426570.508	SocketSender@0311a8c0	[Info] 22 -> send 4096
1510426570.508	SocketSender@0311a8c0	[Info] 22 <- send, total 81920
1510426570.518	SocketSender@0311a8c0	[Info] 23 -> send 4096
1510426570.518	SocketSender@0311a8c0	[Info] 23 <- send, total 86016
1510426570.528	SocketSender@0311a8c0	[Info] 24 -> send 4096
1510426571.699	SocketSender@0311a8c0	[Info] 24 <- send, total 90112
1510426571.710	SocketSender@0311a8c0	[Info] 25 -> send 4096
1510426571.710	SocketSender@0311a8c0	[Info] 25 <- send, total 94208
1510426571.720	SocketSender@0311a8c0	[Info] 26 -> send 4096
1510426571.720	SocketSender@0311a8c0	[Info] 26 <- send, total 98304
1510426571.730	SocketSender@0311a8c0	[Info] 27 -> send 4096
1510426571.730	SocketSender@0311a8c0	[Info] 27 <- send, total 102400
1510426571.740	SocketSender@0311a8c0	[Info] 28 -> send 4096
1510426571.740	SocketSender@0311a8c0	[Info] 28 <- send, total 106496
1510426571.750	SocketSender@0311a8c0	[Info] 29 -> send 4096
1510426572.900	SocketSender@0311a8c0	[Info] 29 <- send, total 110592
1510426572.911	SocketSender@0311a8c0	[Info] 30 -> send 4096
1510426572.911	SocketSender@0311a8c0	[Info] 30 <- send, total 114688
1510426572.921	SocketSender@0311a8c0	[Info] 31 -> send 4096
1510426572.921	SocketSender@0311a8c0	[Info] 31 <- send, total 118784
1510426572.931	SocketSender@0311a8c0	[Info] 32 -> send 4096
1510426572.931	SocketSender@0311a8c0	[Info] 32 <- send, total 122880
1510426572.941	SocketSender@0311a8c0	[Info] 33 -> send 4096
1510426572.941	SocketSender@0311a8c0	[Info] 33 <- send, total 126976
1510426572.952	SocketSender@0311a8c0	[Info] 34 -> send 4096
1510426572.952	SocketSender@0311a8c0	[Info] 34 <- send, total 131072
1510426572.962	SocketSender@0311a8c0	[Info] 35 -> send 4096
1510426572.962	SocketSender@0311a8c0	[Info] 35 <- send, total 135168
1510426572.972	SocketSender@0311a8c0	[Info] 36 -> send 4096
1510426572.972	SocketSender@0311a8c0	[Info] 36 <- send, total 139264
1510426572.982	SocketSender@0311a8c0	[Info] 37 -> send 4096
1510426572.983	SocketSender@0311a8c0	[Info] 37 <- send, total 143360
1510426572.993	SocketSender@0311a8c0	[Info] 38 -> send 4096
1510426572.993	SocketSender@0311a8c0	[Info] 38 <- send, total 147456
1510426573.003	SocketSender@0311a8c0	[Info] 39 -> send 4096
1510426573.003	SocketSender@0311a8c0	[Info] 39 <- send, total 151552
1510426573.013	SocketSender@0311a8c0	[Info] 40 -> send 4096
1510426574.102	SocketSender@0311a8c0	[Info] 40 <- send, total 155648
1510426574.112	SocketSender@0311a8c0	[Info] 41 -> send 4096
1510426574.112	SocketSender@0311a8c0	[Info] 41 <- send, total 159744
1510426574.123	SocketSender@0311a8c0	[Info] 42 -> send 4096
1510426574.123	SocketSender@0311a8c0	[Info] 42 <- send, total 163840
1510426574.133	SocketSender@0311a8c0	[Info] 43 -> send 4096
1510426574.133	SocketSender@0311a8c0	[Info] 43 <- send, total 167936
1510426574.143	SocketSender@0311a8c0	[Info] 44 -> send 4096
1510426574.143	SocketSender@0311a8c0	[Info] 44 <- send, total 172032
1510426574.153	SocketSender@0311a8c0	[Info] 45 -> send 4096
1510426574.153	SocketSender@0311a8c0	[Info] 45 <- send, total 176128
1510426574.163	SocketSender@0311a8c0	[Info] 46 -> send 4096
1510426575.303	SocketSender@0311a8c0	[Info] 46 <- send, total 180224
1510426575.314	SocketSender@0311a8c0	[Info] 47 -> send 4096
1510426576.504	SocketSender@0311a8c0	[Info] 47 <- send, total 184320
1510426576.514	SocketSender@0311a8c0	[Info] 48 -> send 4096
1510426578.907	SocketSender@0311a8c0	[Info] 48 <- send, total 188416
1510426578.917	SocketSender@0311a8c0	[Info] 49 -> send 4096
1510426578.917	SocketSender@0311a8c0	[Info] 49 <- send, total 192512
1510426578.927	SocketSender@0311a8c0	[Info] 50 -> send 4096
1510426580.109	SocketSender@0311a8c0	[Info] 50 <- send, total 196608
1510426580.119	SocketSender@0311a8c0	[Info] 51 -> send 4096
1510426580.119	SocketSender@0311a8c0	[Info] 51 <- send, total 200704
1510426580.129	SocketSender@0311a8c0	[Info] 52 -> send 4096
1510426580.129	SocketSender@0311a8c0	[Info] 52 <- send, total 204800
1510426580.139	SocketSender@0311a8c0	[Info] 53 -> send 4096
1510426581.311	SocketSender@0311a8c0	[Info] 53 <- send, total 208896
1510426581.321	SocketSender@0311a8c0	[Info] 54 -> send 4096
1510426581.321	SocketSender@0311a8c0	[Info] 54 <- send, total 212992
1510426581.331	SocketSender@0311a8c0	[Info] 55 -> send 4096
1510426581.331	SocketSender@0311a8c0	[Info] 55 <- send, total 217088
1510426581.341	SocketSender@0311a8c0	[Info] 56 -> send 4096
1510426581.342	SocketSender@0311a8c0	[Info] 56 <- send, total 221184
1510426581.352	SocketSender@0311a8c0	[Info] 57 -> send 4096
1510426581.352	SocketSender@0311a8c0	[Info] 57 <- send, total 225280
1510426581.362	SocketSender@0311a8c0	[Info] 58 -> send 4096
1510426582.511	SocketSender@0311a8c0	[Info] 58 <- send, total 229376
1510426582.522	SocketSender@0311a8c0	[Info] 59 -> send 4096
1510426582.522	SocketSender@0311a8c0	[Info] 59 <- send, total 233472
1510426582.532	SocketSender@0311a8c0	[Info] 60 -> send 4096
1510426582.532	SocketSender@0311a8c0	[Info] 60 <- send, total 237568
1510426582.542	SocketSender@0311a8c0	[Info] 61 -> send 4096
1510426582.542	SocketSender@0311a8c0	[Info] 61 <- send, total 241664
1510426582.552	SocketSender@0311a8c0	[Info] 62 -> send 4096
1510426582.552	SocketSender@0311a8c0	[Info] 62 <- send, total 245760
1510426582.562	SocketSender@0311a8c0	[Info] 63 -> send 4096
1510426582.562	SocketSender@0311a8c0	[Info] 63 <- send, total 249856
1510426582.573	SocketSender@0311a8c0	[Info] 64 -> send 4096
1510426582.573	SocketSender@0311a8c0	[Info] 64 <- send, total 253952
1510426582.583	SocketSender@0311a8c0	[Info] 65 -> send 4096
1510426582.583	SocketSender@0311a8c0	[Info] 65 <- send, total 258048
1510426582.593	SocketSender@0311a8c0	[Info] 66 -> send 4096
1510426582.593	SocketSender@0311a8c0	[Info] 66 <- send, total 262144
1510426582.603	SocketSender@0311a8c0	[Info] 67 -> send 4096
1510426582.603	SocketSender@0311a8c0	[Info] 67 <- send, total 266240
1510426582.613	SocketSender@0311a8c0	[Info] 68 -> send 4096
1510426582.613	SocketSender@0311a8c0	[Info] 68 <- send, total 270336
1510426582.623	SocketSender@0311a8c0	[Info] 69 -> send 4096
1510426583.713	SocketSender@0311a8c0	[Info] 69 <- send, total 274432
1510426583.723	SocketSender@0311a8c0	[Info] 70 -> send 4096
1510426583.723	SocketSender@0311a8c0	[Info] 70 <- send, total 278528
1510426583.733	SocketSender@0311a8c0	[Info] 71 -> send 4096
1510426583.733	SocketSender@0311a8c0	[Info] 71 <- send, total 282624
1510426583.744	SocketSender@0311a8c0	[Info] 72 -> send 4096
1510426583.744	SocketSender@0311a8c0	[Info] 72 <- send, total 286720
1510426583.754	SocketSender@0311a8c0	[Info] 73 -> send 4096
1510426583.754	SocketSender@0311a8c0	[Info] 73 <- send, total 290816
1510426583.764	SocketSender@0311a8c0	[Info] 74 -> send 4096
1510426584.914	SocketSender@0311a8c0	[Info] 74 <- send, total 294912
1510426584.924	SocketSender@0311a8c0	[Info] 75 -> send 4096
1510426584.924	SocketSender@0311a8c0	[Info] 75 <- send, total 299008
1510426584.934	SocketSender@0311a8c0	[Info] 76 -> send 4096
1510426586.115	SocketSender@0311a8c0	[Info] 76 <- send, total 303104
1510426586.125	SocketSender@0311a8c0	[Info] 77 -> send 4096
1510426588.516	SocketSender@0311a8c0	[Info] 77 <- send, total 307200
1510426588.526	SocketSender@0311a8c0	[Info] 78 -> send 4096
1510426588.526	SocketSender@0311a8c0	[Info] 78 <- send, total 311296
1510426588.536	SocketSender@0311a8c0	[Info] 79 -> send 4096
1510426589.717	SocketSender@0311a8c0	[Info] 79 <- send, total 315392
1510426589.727	SocketSender@0311a8c0	[Info] 80 -> send 4096
1510426589.728	SocketSender@0311a8c0	[Info] 80 <- send, total 319488
1510426589.738	SocketSender@0311a8c0	[Info] 81 -> send 4096
1510426590.918	SocketSender@0311a8c0	[Info] 81 <- send, total 323584
1510426590.928	SocketSender@0311a8c0	[Info] 82 -> send 4096
1510426590.928	SocketSender@0311a8c0	[Info] 82 <- send, total 327680
1510426590.938	SocketSender@0311a8c0	[Info] 83 -> send 4096
1510426590.938	SocketSender@0311a8c0	[Info] 83 <- send, total 331776
1510426590.948	SocketSender@0311a8c0	[Info] 84 -> send 4096
1510426590.949	SocketSender@0311a8c0	[Info] 84 <- send, total 335872
1510426590.959	SocketSender@0311a8c0	[Info] 85 -> send 4096
1510426590.959	SocketSender@0311a8c0	[Info] 85 <- send, total 339968
1510426590.969	SocketSender@0311a8c0	[Info] 86 -> send 4096
1510426590.969	SocketSender@0311a8c0	[Info] 86 <- send, total 344064
1510426590.979	SocketSender@0311a8c0	[Info] 87 -> send 4096
1510426592.120	SocketSender@0311a8c0	[Info] 87 <- send, total 348160
1510426592.130	SocketSender@0311a8c0	[Info] 88 -> send 4096
1510426592.130	SocketSender@0311a8c0	[Info] 88 <- send, total 352256
1510426592.140	SocketSender@0311a8c0	[Info] 89 -> send 4096
1510426592.140	SocketSender@0311a8c0	[Info] 89 <- send, total 356352
1510426592.150	SocketSender@0311a8c0	[Info] 90 -> send 4096
1510426592.150	SocketSender@0311a8c0	[Info] 90 <- send, total 360448
1510426592.160	SocketSender@0311a8c0	[Info] 91 -> send 4096
1510426592.160	SocketSender@0311a8c0	[Info] 91 <- send, total 364544
1510426592.170	SocketSender@0311a8c0	[Info] 92 -> send 4096
1510426592.170	SocketSender@0311a8c0	[Info] 92 <- send, total 368640
1510426592.180	SocketSender@0311a8c0	[Info] 93 -> send 4096
1510426592.180	SocketSender@0311a8c0	[Info] 93 <- send, total 372736
1510426592.190	SocketSender@0311a8c0	[Info] 94 -> send 4096
1510426592.190	SocketSender@0311a8c0	[Info] 94 <- send, total 376832
1510426592.200	SocketSender@0311a8c0	[Info] 95 -> send 4096
1510426593.321	SocketSender@0311a8c0	[Info] 95 <- send, total 380928
1510426593.331	SocketSender@0311a8c0	[Info] 96 -> send 4096
1510426593.331	SocketSender@0311a8c0	[Info] 96 <- send, total 385024
1510426593.341	SocketSender@0311a8c0	[Info] 97 -> send 4096
1510426593.342	SocketSender@0311a8c0	[Info] 97 <- send, total 389120
1510426593.352	SocketSender@0311a8c0	[Info] 98 -> send 4096
1510426593.352	SocketSender@0311a8c0	[Info] 98 <- send, total 393216
1510426593.362	SocketSender@0311a8c0	[Info] 99 -> send 4096
1510426593.362	SocketSender@0311a8c0	[Info] 99 <- send, total 397312
1510426593.372	SocketSender@0311a8c0	[Info] 100 -> send 4096
1510426593.372	SocketSender@0311a8c0	[Info] 100 <- send, total 401408
1510426593.382	SocketSender@0311a8c0	[Info] 101 -> send 4096
1510426593.382	SocketSender@0311a8c0	[Info] 101 <- send, total 405504
1510426593.392	SocketSender@0311a8c0	[Info] 102 -> send 4096
1510426593.392	SocketSender@0311a8c0	[Info] 102 <- send, total 409600
1510426593.402	SocketSender@0311a8c0	[Info] 103 -> send 4096
1510426594.522	SocketSender@0311a8c0	[Info] 103 <- send, total 413696
1510426594.532	SocketSender@0311a8c0	[Info] 104 -> send 4096
1510426594.532	SocketSender@0311a8c0	[Info] 104 <- send, total 417792
1510426594.542	SocketSender@0311a8c0	[Info] 105 -> send 4096
1510426594.542	SocketSender@0311a8c0	[Info] 105 <- send, total 421888
1510426594.552	SocketSender@0311a8c0	[Info] 106 -> send 4096
1510426594.552	SocketSender@0311a8c0	[Info] 106 <- send, total 425984
1510426594.562	SocketSender@0311a8c0	[Info] 107 -> send 4096
1510426594.562	SocketSender@0311a8c0	[Info] 107 <- send, total 430080
1510426594.572	SocketSender@0311a8c0	[Info] 108 -> send 4096
1510426594.572	SocketSender@0311a8c0	[Info] 108 <- send, total 434176
1510426594.582	SocketSender@0311a8c0	[Info] 109 -> send 4096
1510426594.582	SocketSender@0311a8c0	[Info] 109 <- send, total 438272
1510426594.592	SocketSender@0311a8c0	[Info] 110 -> send 4096
1510426594.592	SocketSender@0311a8c0	[Info] 110 <- send, total 442368
1510426594.602	SocketSender@0311a8c0	[Info] 111 -> send 4096
1510426594.602	SocketSender@0311a8c0	[Info] 111 <- send, total 446464
1510426594.612	SocketSender@0311a8c0	[Info] 112 -> send 4096
1510426595.723	SocketSender@0311a8c0	[Info] 112 <- send, total 450560
1510426595.733	SocketSender@0311a8c0	[Info] 113 -> send 4096
1510426595.733	SocketSender@0311a8c0	[Info] 113 <- send, total 454656
1510426595.743	SocketSender@0311a8c0	[Info] 114 -> send 4096
1510426595.743	SocketSender@0311a8c0	[Info] 114 <- send, total 458752
1510426595.753	SocketSender@0311a8c0	[Info] 115 -> send 4096
1510426595.753	SocketSender@0311a8c0	[Info] 115 <- send, total 462848
1510426595.763	SocketSender@0311a8c0	[Info] 116 -> send 4096
1510426595.763	SocketSender@0311a8c0	[Info] 116 <- send, total 466944
1510426595.773	SocketSender@0311a8c0	[Info] 117 -> send 4096
1510426595.774	SocketSender@0311a8c0	[Info] 117 <- send, total 471040
1510426595.784	SocketSender@0311a8c0	[Info] 118 -> send 4096
1510426595.784	SocketSender@0311a8c0	[Info] 118 <- send, total 475136
1510426595.794	SocketSender@0311a8c0	[Info] 119 -> send 4096
1510426595.794	SocketSender@0311a8c0	[Info] 119 <- send, total 479232
1510426595.804	SocketSender@0311a8c0	[Info] 120 -> send 4096
1510426596.925	SocketSender@0311a8c0	[Info] 120 <- send, total 483328
1510426596.935	SocketSender@0311a8c0	[Info] 121 -> send 4096
1510426596.935	SocketSender@0311a8c0	[Info] 121 <- send, total 487424
1510426596.945	SocketSender@0311a8c0	[Info] 122 -> send 4096
1510426596.945	SocketSender@0311a8c0	[Info] 122 <- send, total 491520
1510426596.955	SocketSender@0311a8c0	[Info] 123 -> send 4096
1510426596.955	SocketSender@0311a8c0	[Info] 123 <- send, total 495616
1510426596.965	SocketSender@0311a8c0	[Info] 124 -> send 4096
1510426596.965	SocketSender@0311a8c0	[Info] 124 <- send, total 499712
1510426596.975	SocketSender@0311a8c0	[Info] 125 -> send 4096
1510426596.976	SocketSender@0311a8c0	[Info] 125 <- send, total 503808
1510426596.986	SocketSender@0311a8c0	[Info] 126 -> send 4096
1510426596.986	SocketSender@0311a8c0	[Info] 126 <- send, total 507904
1510426596.996	SocketSender@0311a8c0	[Info] 127 -> send 4096
1510426596.996	SocketSender@0311a8c0	[Info] 127 <- send, total 512000
1510426597.006	SocketSender@0311a8c0	[Info] 128 -> send 4096
1510426597.006	SocketSender@0311a8c0	[Info] 128 <- send, total 516096
1510426597.016	SocketSender@0311a8c0	[Info] 129 -> send 4096
1510426598.126	SocketSender@0311a8c0	[Info] 129 <- send, total 520192
1510426598.136	SocketSender@0311a8c0	[Info] 130 -> send 4096
1510426598.136	SocketSender@0311a8c0	[Info] 130 <- send, total 524288
1510426598.146	SocketSender@0311a8c0	[Info] 131 -> send 4096
1510426598.146	SocketSender@0311a8c0	[Info] 131 <- send, total 528384
1510426598.156	SocketSender@0311a8c0	[Info] 132 -> send 4096
1510426598.156	SocketSender@0311a8c0	[Info] 132 <- send, total 532480
1510426598.166	SocketSender@0311a8c0	[Info] 133 -> send 4096
1510426598.166	SocketSender@0311a8c0	[Info] 133 <- send, total 536576
1510426598.177	SocketSender@0311a8c0	[Info] 134 -> send 4096
1510426598.177	SocketSender@0311a8c0	[Info] 134 <- send, total 540672
1510426598.187	SocketSender@0311a8c0	[Info] 135 -> send 4096
1510426598.187	SocketSender@0311a8c0	[Info] 135 <- send, total 544768
1510426598.197	SocketSender@0311a8c0	[Info] 136 -> send 4096
1510426598.197	SocketSender@0311a8c0	[Info] 136 <- send, total 548864
1510426598.208	SocketSender@0311a8c0	[Info] 137 -> send 4096
1510426599.328	SocketSender@0311a8c0	[Info] 137 <- send, total 552960
1510426599.338	SocketSender@0311a8c0	[Info] 138 -> send 4096
1510426599.338	SocketSender@0311a8c0	[Info] 138 <- send, total 557056
1510426599.348	SocketSender@0311a8c0	[Info] 139 -> send 4096
1510426601.729	SocketSender@0311a8c0	[Info] 139 <- send, total 561152
1510426601.739	SocketSender@0311a8c0	[Info] 140 -> send 4096
1510426601.740	SocketSender@0311a8c0	[Info] 140 <- send, total 565248
1510426601.750	SocketSender@0311a8c0	[Info] 141 -> send 4096
1510426601.750	SocketSender@0311a8c0	[Info] 141 <- send, total 569344
1510426601.760	SocketSender@0311a8c0	[Info] 142 -> send 4096
1510426602.930	SocketSender@0311a8c0	[Info] 142 <- send, total 573440
1510426602.940	SocketSender@0311a8c0	[Info] 143 -> send 4096
1510426604.132	SocketSender@0311a8c0	[Info] 143 <- send, total 577536
1510426604.142	SocketSender@0311a8c0	[Info] 144 -> send 4096
1510426604.142	SocketSender@0311a8c0	[Info] 144 <- send, total 581632
1510426604.152	SocketSender@0311a8c0	[Info] 145 -> send 4096
1510426605.333	SocketSender@0311a8c0	[Info] 145 <- send, total 585728
1510426605.343	SocketSender@0311a8c0	[Info] 146 -> send 4096
1510426605.343	SocketSender@0311a8c0	[Info] 146 <- send, total 589824
1510426605.353	SocketSender@0311a8c0	[Info] 147 -> send 4096
1510426605.353	SocketSender@0311a8c0	[Info] 147 <- send, total 593920
1510426605.363	SocketSender@0311a8c0	[Info] 148 -> send 4096
1510426605.363	SocketSender@0311a8c0	[Info] 148 <- send, total 598016
1510426605.373	SocketSender@0311a8c0	[Info] 149 -> send 4096
1510426606.534	SocketSender@0311a8c0	[Info] 149 <- send, total 602112
1510426606.544	SocketSender@0311a8c0	[Info] 150 -> send 4096
1510426606.544	SocketSender@0311a8c0	[Info] 150 <- send, total 606208
1510426606.554	SocketSender@0311a8c0	[Info] 151 -> send 4096
1510426606.554	SocketSender@0311a8c0	[Info] 151 <- send, total 610304
1510426606.564	SocketSender@0311a8c0	[Info] 152 -> send 4096
1510426606.564	SocketSender@0311a8c0	[Info] 152 <- send, total 614400
1510426606.574	SocketSender@0311a8c0	[Info] 153 -> send 4096
1510426606.574	SocketSender@0311a8c0	[Info] 153 <- send, total 618496
1510426606.584	SocketSender@0311a8c0	[Info] 154 -> send 4096
1510426606.584	SocketSender@0311a8c0	[Info] 154 <- send, total 622592
1510426606.594	SocketSender@0311a8c0	[Info] 155 -> send 4096
1510426607.734	SocketSender@0311a8c0	[Info] 155 <- send, total 626688
1510426607.744	SocketSender@0311a8c0	[Info] 156 -> send 4096
1510426607.744	SocketSender@0311a8c0	[Info] 156 <- send, total 630784
1510426607.754	SocketSender@0311a8c0	[Info] 157 -> send 4096
1510426607.754	SocketSender@0311a8c0	[Info] 157 <- send, total 634880
1510426607.764	SocketSender@0311a8c0	[Info] 158 -> send 4096
1510426607.765	SocketSender@0311a8c0	[Info] 158 <- send, total 638976
1510426607.775	SocketSender@0311a8c0	[Info] 159 -> send 4096
1510426607.775	SocketSender@0311a8c0	[Info] 159 <- send, total 643072
1510426607.785	SocketSender@0311a8c0	[Info] 160 -> send 4096
1510426608.935	SocketSender@0311a8c0	[Info] 160 <- send, total 647168
1510426608.945	SocketSender@0311a8c0	[Info] 161 -> send 4096
1510426608.946	SocketSender@0311a8c0	[Info] 161 <- send, total 651264
1510426608.956	SocketSender@0311a8c0	[Info] 162 -> send 4096
1510426608.956	SocketSender@0311a8c0	[Info] 162 <- send, total 655360
1510426608.966	SocketSender@0311a8c0	[Info] 163 -> send 4096
1510426608.966	SocketSender@0311a8c0	[Info] 163 <- send, total 659456
1510426608.976	SocketSender@0311a8c0	[Info] 164 -> send 4096
1510426608.976	SocketSender@0311a8c0	[Info] 164 <- send, total 663552
1510426608.986	SocketSender@0311a8c0	[Info] 165 -> send 4096
1510426608.986	SocketSender@0311a8c0	[Info] 165 <- send, total 667648
1510426608.996	SocketSender@0311a8c0	[Info] 166 -> send 4096
1510426608.996	SocketSender@0311a8c0	[Info] 166 <- send, total 671744
1510426609.006	SocketSender@0311a8c0	[Info] 167 -> send 4096
1510426610.137	SocketSender@0311a8c0	[Info] 167 <- send, total 675840
1510426610.147	SocketSender@0311a8c0	[Info] 168 -> send 4096
1510426610.147	SocketSender@0311a8c0	[Info] 168 <- send, total 679936
1510426610.157	SocketSender@0311a8c0	[Info] 169 -> send 4096
1510426610.157	SocketSender@0311a8c0	[Info] 169 <- send, total 684032
1510426610.167	SocketSender@0311a8c0	[Info] 170 -> send 4096
1510426610.167	SocketSender@0311a8c0	[Info] 170 <- send, total 688128
1510426610.177	SocketSender@0311a8c0	[Info] 171 -> send 4096
1510426610.177	SocketSender@0311a8c0	[Info] 171 <- send, total 692224
1510426610.187	SocketSender@0311a8c0	[Info] 172 -> send 4096
1510426610.187	SocketSender@0311a8c0	[Info] 172 <- send, total 696320
1510426610.197	SocketSender@0311a8c0	[Info] 173 -> send 4096
1510426611.337	SocketSender@0311a8c0	[Info] 173 <- send, total 700416
1510426611.347	SocketSender@0311a8c0	[Info] 174 -> send 4096
1510426611.347	SocketSender@0311a8c0	[Info] 174 <- send, total 704512
1510426611.357	SocketSender@0311a8c0	[Info] 175 -> send 4096
1510426611.358	SocketSender@0311a8c0	[Info] 175 <- send, total 708608
1510426611.368	SocketSender@0311a8c0	[Info] 176 -> send 4096
1510426611.368	SocketSender@0311a8c0	[Info] 176 <- send, total 712704
1510426611.378	SocketSender@0311a8c0	[Info] 177 -> send 4096
1510426611.378	SocketSender@0311a8c0	[Info] 177 <- send, total 716800
1510426611.388	SocketSender@0311a8c0	[Info] 178 -> send 4096
1510426611.388	SocketSender@0311a8c0	[Info] 178 <- send, total 720896
1510426611.398	SocketSender@0311a8c0	[Info] 179 -> send 4096
1510426611.398	SocketSender@0311a8c0	[Info] 179 <- send, total 724992
1510426611.408	SocketSender@0311a8c0	[Info] 180 -> send 4096
1510426612.538	SocketSender@0311a8c0	[Info] 180 <- send, total 729088
1510426612.548	SocketSender@0311a8c0	[Info] 181 -> send 4096
1510426612.548	SocketSender@0311a8c0	[Info] 181 <- send, total 733184
1510426612.558	SocketSender@0311a8c0	[Info] 182 -> send 4096
1510426612.558	SocketSender@0311a8c0	[Info] 182 <- send, total 737280
1510426612.568	SocketSender@0311a8c0	[Info] 183 -> send 4096
1510426612.568	SocketSender@0311a8c0	[Info] 183 <- send, total 741376
1510426612.579	SocketSender@0311a8c0	[Info] 184 -> send 4096
1510426612.579	SocketSender@0311a8c0	[Info] 184 <- send, total 745472
1510426612.589	SocketSender@0311a8c0	[Info] 185 -> send 4096
1510426612.589	SocketSender@0311a8c0	[Info] 185 <- send, total 749568
1510426612.599	SocketSender@0311a8c0	[Info] 186 -> send 4096
1510426612.599	SocketSender@0311a8c0	[Info] 186 <- send, total 753664
1510426612.610	SocketSender@0311a8c0	[Info] 187 -> send 4096
1510426613.739	SocketSender@0311a8c0	[Info] 187 <- send, total 757760
1510426613.749	SocketSender@0311a8c0	[Info] 188 -> send 4096
1510426613.750	SocketSender@0311a8c0	[Info] 188 <- send, total 761856
1510426613.760	SocketSender@0311a8c0	[Info] 189 -> send 4096
1510426613.760	SocketSender@0311a8c0	[Info] 189 <- send, total 765952
1510426613.770	SocketSender@0311a8c0	[Info] 190 -> send 4096
1510426613.770	SocketSender@0311a8c0	[Info] 190 <- send, total 770048
1510426613.780	SocketSender@0311a8c0	[Info] 191 -> send 4096
1510426613.780	SocketSender@0311a8c0	[Info] 191 <- send, total 774144
1510426613.790	SocketSender@0311a8c0	[Info] 192 -> send 4096
1510426613.790	SocketSender@0311a8c0	[Info] 192 <- send, total 778240
1510426613.800	SocketSender@0311a8c0	[Info] 193 -> send 4096
1510426613.800	SocketSender@0311a8c0	[Info] 193 <- send, total 782336
1510426613.810	SocketSender@0311a8c0	[Info] 194 -> send 4096
1510426613.810	SocketSender@0311a8c0	[Info] 194 <- send, total 786432
1510426613.820	SocketSender@0311a8c0	[Info] 195 -> send 4096
1510426614.941	SocketSender@0311a8c0	[Info] 195 <- send, total 790528
1510426614.951	SocketSender@0311a8c0	[Info] 196 -> send 4096
1510426614.951	SocketSender@0311a8c0	[Info] 196 <- send, total 794624
1510426614.961	SocketSender@0311a8c0	[Info] 197 -> send 4096
1510426614.961	SocketSender@0311a8c0	[Info] 197 <- send, total 798720
1510426614.971	SocketSender@0311a8c0	[Info] 198 -> send 4096
1510426614.972	SocketSender@0311a8c0	[Info] 198 <- send, total 802816
1510426614.982	SocketSender@0311a8c0	[Info] 199 -> send 4096
1510426614.982	SocketSender@0311a8c0	[Info] 199 <- send, total 806912
1510426614.993	SocketSender@0311a8c0	[Info] 200 -> send 4096
1510426614.993	SocketSender@0311a8c0	[Info] 200 <- send, total 811008
1510426615.003	SocketSender@0311a8c0	[Info] 201 -> send 4096
1510426615.003	SocketSender@0311a8c0	[Info] 201 <- send, total 815104
1510426615.013	SocketSender@0311a8c0	[Info] 202 -> send 4096
1510426615.013	SocketSender@0311a8c0	[Info] 202 <- send, total 819200
1510426615.023	SocketSender@0311a8c0	[Info] 203 -> send 4096
1510426616.141	SocketSender@0311a8c0	[Info] 203 <- send, total 823296
1510426616.152	SocketSender@0311a8c0	[Info] 204 -> send 4096
1510426616.152	SocketSender@0311a8c0	[Info] 204 <- send, total 827392
1510426616.162	SocketSender@0311a8c0	[Info] 205 -> send 4096
1510426616.162	SocketSender@0311a8c0	[Info] 205 <- send, total 831488
1510426616.172	SocketSender@0311a8c0	[Info] 206 -> send 4096
1510426616.172	SocketSender@0311a8c0	[Info] 206 <- send, total 835584
1510426616.182	SocketSender@0311a8c0	[Info] 207 -> send 4096
1510426616.182	SocketSender@0311a8c0	[Info] 207 <- send, total 839680
1510426616.192	SocketSender@0311a8c0	[Info] 208 -> send 4096
1510426616.192	SocketSender@0311a8c0	[Info] 208 <- send, total 843776
1510426616.202	SocketSender@0311a8c0	[Info] 209 -> send 4096
1510426616.203	SocketSender@0311a8c0	[Info] 209 <- send, total 847872
1510426616.213	SocketSender@0311a8c0	[Info] 210 -> send 4096
1510426616.213	SocketSender@0311a8c0	[Info] 210 <- send, total 851968
1510426616.223	SocketSender@0311a8c0	[Info] 211 -> send 4096
1510426617.342	SocketSender@0311a8c0	[Info] 211 <- send, total 856064
1510426617.352	SocketSender@0311a8c0	[Info] 212 -> send 4096
1510426617.352	SocketSender@0311a8c0	[Info] 212 <- send, total 860160
1510426617.362	SocketSender@0311a8c0	[Info] 213 -> send 4096
1510426617.362	SocketSender@0311a8c0	[Info] 213 <- send, total 864256
1510426617.372	SocketSender@0311a8c0	[Info] 214 -> send 4096
1510426617.372	SocketSender@0311a8c0	[Info] 214 <- send, total 868352
1510426617.383	SocketSender@0311a8c0	[Info] 215 -> send 4096
1510426617.383	SocketSender@0311a8c0	[Info] 215 <- send, total 872448
1510426617.393	SocketSender@0311a8c0	[Info] 216 -> send 4096
1510426617.393	SocketSender@0311a8c0	[Info] 216 <- send, total 876544
1510426617.403	SocketSender@0311a8c0	[Info] 217 -> send 4096
1510426617.403	SocketSender@0311a8c0	[Info] 217 <- send, total 880640
1510426617.413	SocketSender@0311a8c0	[Info] 218 -> send 4096
1510426617.413	SocketSender@0311a8c0	[Info] 218 <- send, total 884736
1510426617.423	SocketSender@0311a8c0	[Info] 219 -> send 4096
1510426618.544	SocketSender@0311a8c0	[Info] 219 <- send, total 888832
1510426618.554	SocketSender@0311a8c0	[Info] 220 -> send 4096
1510426618.554	SocketSender@0311a8c0	[Info] 220 <- send, total 892928
1510426618.564	SocketSender@0311a8c0	[Info] 221 -> send 4096
1510426618.564	SocketSender@0311a8c0	[Info] 221 <- send, total 897024
1510426618.574	SocketSender@0311a8c0	[Info] 222 -> send 4096
1510426618.575	SocketSender@0311a8c0	[Info] 222 <- send, total 901120
1510426618.585	SocketSender@0311a8c0	[Info] 223 -> send 4096
1510426618.585	SocketSender@0311a8c0	[Info] 223 <- send, total 905216
1510426618.595	SocketSender@0311a8c0	[Info] 224 -> send 4096
1510426618.595	SocketSender@0311a8c0	[Info] 224 <- send, total 909312
1510426618.605	SocketSender@0311a8c0	[Info] 225 -> send 4096
1510426618.605	SocketSender@0311a8c0	[Info] 225 <- send, total 913408
1510426618.615	SocketSender@0311a8c0	[Info] 226 -> send 4096
1510426618.616	SocketSender@0311a8c0	[Info] 226 <- send, total 917504
1510426618.626	SocketSender@0311a8c0	[Info] 227 -> send 4096
1510426618.626	SocketSender@0311a8c0	[Info] 227 <- send, total 921600
1510426618.636	SocketSender@0311a8c0	[Info] 228 -> send 4096
1510426619.748	SocketSender@0311a8c0	[Info] 228 <- send, total 925696
1510426619.758	SocketSender@0311a8c0	[Info] 229 -> send 4096
1510426619.758	SocketSender@0311a8c0	[Info] 229 <- send, total 929792
